0.0022385837624989 0.0022069059770489 33.6349223339930177 5.000000 6.000000 4.000000 500 600 400 1
0.0022283901510709 0.0021966336724044 127.4083161209709942 5.000000 6.000000 4.000000 500 1200 800 1
0.0022258370548395 0.0021999280805154 502.8134761718101799 5.000000 6.000000 4.000000 500 2400 1600 1
0.0022251986027783 0.0021957937778870 1944.6765411021187901 5.000000 6.000000 4.000000 500 4800 3200 1
0.0005740111957132 0.0005708741299266 67.8013634053058922 5.000000 6.000000 4.000000 1000 600 400 1
0.0005606091244592 0.0005537357629080 256.3498145220801234 5.000000 6.000000 4.000000 1000 1200 800 1
0.0005572969468487 0.0005512471051963 989.8593804342672229 5.000000 6.000000 4.000000 1000 2400 1600 1
0.0005564714098558 0.0005494678916230 3886.9719880130141973 5.000000 6.000000 4.000000 1000 4800 3200 1
0.0001585255099362 0.0001620258283065 131.2593309800140560 5.000000 6.000000 4.000000 2000 600 400 1
0.0001437545046969 0.0001432829890569 510.6513680601492524 5.000000 6.000000 4.000000 2000 1200 800 1
0.0001402115925704 0.0001389903778871 1979.9683401617221534 5.000000 6.000000 4.000000 2000 2400 1600 1
0.0001393366445731 0.0001376283060823 7768.4333873949944973 5.000000 6.000000 4.000000 2000 4800 3200 1
0.0000561978699418 0.0000636664252391 272.4682837761938572 5.000000 6.000000 4.000000 4000 600 400 1
0.0000396979136248 0.0000407013727610 1014.4273197632282972 5.000000 6.000000 4.000000 4000 1200 800 1
0.0000359541686129 0.0000359596823380 3959.0675733550451696 5.000000 6.000000 4.000000 4000 2400 1600 1
0.0000350565920392 0.0000347153899606 15541.1275537540204823 5.000000 6.000000 4.000000 4000 4800 3200 1
0.0022385837624988 0.0022069059770489 18.3308472479693592 5.000000 6.000000 4.000000 500 600 400 2
0.0022283901510709 0.0021966336724044 68.3463114523328841 5.000000 6.000000 4.000000 500 1200 800 2
0.0022258370548395 0.0021999280805154 261.0107523198239505 5.000000 6.000000 4.000000 500 2400 1600 2
0.0022251986027783 0.0021957937778870 1013.8917076131328940 5.000000 6.000000 4.000000 500 4800 3200 2
0.0005740111957132 0.0005708741299266 35.1865355139598250 5.000000 6.000000 4.000000 1000 600 400 2
0.0005606091244592 0.0005537357629080 135.0462070438079536 5.000000 6.000000 4.000000 1000 1200 800 2
0.0005572969468487 0.0005512471051963 522.4668136071413755 5.000000 6.000000 4.000000 1000 2400 1600 2
0.0005564714098558 0.0005494678916230 2026.6167103191837668 5.000000 6.000000 4.000000 1000 4800 3200 2
0.0001585255099362 0.0001620258283065 69.9699984537437558 5.000000 6.000000 4.000000 2000 600 400 2
0.0001437545046969 0.0001432829890569 271.4220893089659512 5.000000 6.000000 4.000000 2000 1200 800 2
0.0001402115925704 0.0001389903778871 1041.4840501970611513 5.000000 6.000000 4.000000 2000 2400 1600 2
0.0001393366445731 0.0001376283060823 4062.9452347885817289 5.000000 6.000000 4.000000 2000 4800 3200 2
0.0000561978699418 0.0000636664252391 140.1694874069653451 5.000000 6.000000 4.000000 4000 600 400 2
0.0000396979136248 0.0000407013727610 535.2917134449817240 5.000000 6.000000 4.000000 4000 1200 800 2
0.0000359541686129 0.0000359596823380 2088.3198587903752923 5.000000 6.000000 4.000000 4000 2400 1600 2
0.0000350565920392 0.0000347153899606 8114.1462141433730721 5.000000 6.000000 4.000000 4000 4800 3200 2
0.0022385837624988 0.0022069059770489 9.1033868971280754 5.000000 6.000000 4.000000 500 600 400 4
0.0022283901510709 0.0021966336724044 35.0485888570547104 5.000000 6.000000 4.000000 500 1200 800 4
0.0022258370548395 0.0021999280805154 136.5409053801558912 5.000000 6.000000 4.000000 500 2400 1600 4
0.0022251986027783 0.0021957937778870 529.6124687581323087 5.000000 6.000000 4.000000 500 4800 3200 4
0.0005740111957132 0.0005708741299266 18.5427907058037817 5.000000 6.000000 4.000000 1000 600 400 4
0.0005606091244592 0.0005537357629080 70.7131002256646752 5.000000 6.000000 4.000000 1000 1200 800 4
0.0005572969468487 0.0005512471051963 271.6280745510011911 5.000000 6.000000 4.000000 1000 2400 1600 4
0.0005564714098558 0.0005494678916230 1057.0597750782035291 5.000000 6.000000 4.000000 1000 4800 3200 4
0.0001585255099362 0.0001620258283065 36.7980476305820048 5.000000 6.000000 4.000000 2000 600 400 4
0.0001437545046969 0.0001432829890569 140.4122165199369192 5.000000 6.000000 4.000000 2000 1200 800 4
0.0001402115925704 0.0001389903778871 541.8272269247099757 5.000000 6.000000 4.000000 2000 2400 1600 4
0.0001393366445731 0.0001376283060823 2114.3506569419987500 5.000000 6.000000 4.000000 2000 4800 3200 4
0.0000561978699418 0.0000636664252391 73.2228554631583393 5.000000 6.000000 4.000000 4000 600 400 4
0.0000396979136248 0.0000407013727610 276.3392082196660340 5.000000 6.000000 4.000000 4000 1200 800 4
0.0000359541686129 0.0000359596823380 1083.5102388346567750 5.000000 6.000000 4.000000 4000 2400 1600 4
0.0000350565920392 0.0000347153899606 4212.0210315389558673 5.000000 6.000000 4.000000 4000 4800 3200 4
0.0022385837624988 0.0022069059770489 4.8306949371472001 5.000000 6.000000 4.000000 500 600 400 8
0.0022283901510709 0.0021966336724044 18.2791073969565332 5.000000 6.000000 4.000000 500 1200 800 8
0.0022258370548395 0.0021999280805154 70.8716130289249122 5.000000 6.000000 4.000000 500 2400 1600 8
0.0022251986027782 0.0021957937778870 275.0994185507297516 5.000000 6.000000 4.000000 500 4800 3200 8
0.0005740111957132 0.0005708741299266 9.8244280000217259 5.000000 6.000000 4.000000 1000 600 400 8
0.0005606091244592 0.0005537357629080 36.2249784800224006 5.000000 6.000000 4.000000 1000 1200 800 8
0.0005572969468487 0.0005512471051963 140.4480568231083453 5.000000 6.000000 4.000000 1000 2400 1600 8
0.0005564714098558 0.0005494678916230 545.0686344862915576 5.000000 6.000000 4.000000 1000 4800 3200 8
0.0001585255099362 0.0001620258283065 19.1141391349956393 5.000000 6.000000 4.000000 2000 600 400 8
0.0001437545046969 0.0001432829890569 72.8795635309070349 5.000000 6.000000 4.000000 2000 1200 800 8
0.0001402115925704 0.0001389903778871 435.9053366137668490 5.000000 6.000000 4.000000 2000 2400 1600 8
0.0001393366445731 0.0001376283060823 1094.3710024938918650 5.000000 6.000000 4.000000 2000 4800 3200 8
0.0000561978699418 0.0000636664252391 37.7909029549919069 5.000000 6.000000 4.000000 4000 600 400 8
0.0000396979136248 0.0000407013727610 143.5642153280787170 5.000000 6.000000 4.000000 4000 1200 800 8
0.0000359541686129 0.0000359596823380 560.6654147803783417 5.000000 6.000000 4.000000 4000 2400 1600 8
0.0000350565920392 0.0000347153899606 2178.6124035073444247 5.000000 6.000000 4.000000 4000 4800 3200 8
0.0022385837624988 0.0022069059770489 2.6923199258744717 5.000000 6.000000 4.000000 500 600 400 16
0.0022283901510709 0.0021966336724044 13.1961262980476022 5.000000 6.000000 4.000000 500 1200 800 16
0.0022258370548395 0.0021999280805154 36.0292849438264966 5.000000 6.000000 4.000000 500 2400 1600 16
0.0022251986027783 0.0021957937778870 137.3936707959510386 5.000000 6.000000 4.000000 500 4800 3200 16
0.0005740111957132 0.0005708741299266 5.3243052172474563 5.000000 6.000000 4.000000 1000 600 400 16
0.0005606091244592 0.0005537357629080 18.2926029716618359 5.000000 6.000000 4.000000 1000 1200 800 16
0.0005572969468487 0.0005512471051963 70.9480977836064994 5.000000 6.000000 4.000000 1000 2400 1600 16
0.0005564714098558 0.0005494678916230 275.6213500038720667 5.000000 6.000000 4.000000 1000 4800 3200 16
0.0001585255099362 0.0001620258283065 9.6674002190120518 5.000000 6.000000 4.000000 2000 600 400 16
0.0001437545046969 0.0001432829890569 36.1523824031464756 5.000000 6.000000 4.000000 2000 1200 800 16
0.0001402115925704 0.0001389903778871 140.6883571860380471 5.000000 6.000000 4.000000 2000 2400 1600 16
0.0001393366445731 0.0001376283060823 553.4335113489069045 5.000000 6.000000 4.000000 2000 4800 3200 16
0.0000561978699418 0.0000636664252391 18.8827093662694097 5.000000 6.000000 4.000000 4000 600 400 16
0.0000396979136248 0.0000407013727610 72.5677423193119466 5.000000 6.000000 4.000000 4000 1200 800 16
0.0000359541686129 0.0000359596823380 283.4402401116676629 5.000000 6.000000 4.000000 4000 2400 1600 16
0.0000350565920392 0.0000347153899606 1107.6733696223236620 5.000000 6.000000 4.000000 4000 4800 3200 16
0.0022385837624988 0.0022069059770489 1.5878170588985085 5.000000 6.000000 4.000000 500 600 400 32
0.0022283901510709 0.0021966336724044 5.1956826648674905 5.000000 6.000000 4.000000 500 1200 800 32
0.0022258370548395 0.0021999280805154 30.3136191000230610 5.000000 6.000000 4.000000 500 2400 1600 32
0.0022251986027782 0.0021957937778870 118.7955605592578650 5.000000 6.000000 4.000000 500 4800 3200 32
0.0005740111957132 0.0005708741299266 3.0061779879033566 5.000000 6.000000 4.000000 1000 600 400 32
0.0005606091244592 0.0005537357629080 15.4773781830444932 5.000000 6.000000 4.000000 1000 1200 800 32
0.0005572969468487 0.0005512471051963 38.7325177951715887 5.000000 6.000000 4.000000 1000 2400 1600 32
0.0005564714098558 0.0005494678916230 149.4789702352136374 5.000000 6.000000 4.000000 1000 4800 3200 32
0.0001585255099362 0.0001620258283065 5.6514474577270448 5.000000 6.000000 4.000000 2000 600 400 32
0.0001437545046969 0.0001432829890569 20.0533809540793300 5.000000 6.000000 4.000000 2000 1200 800 32
0.0001402115925704 0.0001389903778871 77.1642333772033453 5.000000 6.000000 4.000000 2000 2400 1600 32
0.0001393366445731 0.0001376283060823 472.0970045719295740 5.000000 6.000000 4.000000 2000 4800 3200 32
0.0000561978699418 0.0000636664252391 16.4998099710792303 5.000000 6.000000 4.000000 4000 600 400 32
0.0000396979136248 0.0000407013727610 61.3038058788515627 5.000000 6.000000 4.000000 4000 1200 800 32
0.0000359541686129 0.0000359596823380 241.5384828122332692 5.000000 6.000000 4.000000 4000 2400 1600 32
0.0000350565920392 0.0000347153899606 609.2057201517745852 5.000000 6.000000 4.000000 4000 4800 3200 32
0.0022385837624988 0.0022069059770489 1.3906422969885170 5.000000 6.000000 4.000000 500 600 400 36
0.0022283901510709 0.0021966336724044 4.8686324744485319 5.000000 6.000000 4.000000 500 1200 800 36
0.0022258370548395 0.0021999280805154 18.0416186242364347 5.000000 6.000000 4.000000 500 2400 1600 36
0.0022251986027782 0.0021957937778870 72.6730483020655811 5.000000 6.000000 4.000000 500 4800 3200 36
0.0005740111957132 0.0005708741299266 2.5384904220700264 5.000000 6.000000 4.000000 1000 600 400 36
0.0005606091244592 0.0005537357629080 9.5348287937231362 5.000000 6.000000 4.000000 1000 1200 800 36
0.0005572969468487 0.0005512471051963 36.1032158867456019 5.000000 6.000000 4.000000 1000 2400 1600 36
0.0005564714098558 0.0005494678916230 143.2612606571055949 5.000000 6.000000 4.000000 1000 4800 3200 36
0.0001585255099362 0.0001620258283065 5.0309127871878445 5.000000 6.000000 4.000000 2000 600 400 36
0.0001437545046969 0.0001432829890569 18.8392086089588702 5.000000 6.000000 4.000000 2000 1200 800 36
0.0001402115925704 0.0001389903778871 71.6636163527145982 5.000000 6.000000 4.000000 2000 2400 1600 36
0.0001393366445731 0.0001376283060823 289.2205132003873587 5.000000 6.000000 4.000000 2000 4800 3200 36
0.0000561978699418 0.0000636664252391 14.3182859397493303 5.000000 6.000000 4.000000 4000 600 400 36
0.0000396979136248 0.0000407013727610 37.8130964287556708 5.000000 6.000000 4.000000 4000 1200 800 36
0.0000359541686129 0.0000359596823380 144.8188221431337297 5.000000 6.000000 4.000000 4000 2400 1600 36
0.0000350565920392 0.0000347153899606 573.3270991491153836 5.000000 6.000000 4.000000 4000 4800 3200 36
