0.0022385837624989 0.0022069059770489 33.3102340009063482 5.000000 6.000000 4.000000 500 600 400 1
0.0022283901510709 0.0021966336724044 132.6377445589751005 5.000000 6.000000 4.000000 500 1200 800 1
0.0022258370548395 0.0021999280805154 519.0933968066237867 5.000000 6.000000 4.000000 500 2400 1600 1
0.0022251986027783 0.0021957937778870 2024.6673757829703391 5.000000 6.000000 4.000000 500 4800 3200 1
0.0005740111957132 0.0005708741299266 71.4398905551061034 5.000000 6.000000 4.000000 1000 600 400 1
0.0005606091244592 0.0005537357629080 272.6861911220476031 5.000000 6.000000 4.000000 1000 1200 800 1
0.0005572969468487 0.0005512471051963 1037.9524845136329532 5.000000 6.000000 4.000000 1000 2400 1600 1
0.0005564714098558 0.0005494678916230 4103.2759505617432296 5.000000 6.000000 4.000000 1000 4800 3200 1
0.0001585255099362 0.0001620258283065 144.3518854281865060 5.000000 6.000000 4.000000 2000 600 400 1
0.0001437545046969 0.0001432829890569 541.7952304412610829 5.000000 6.000000 4.000000 2000 1200 800 1
0.0001402115925704 0.0001389903778871 2058.4468287550844252 5.000000 6.000000 4.000000 2000 2400 1600 1
0.0001393366445731 0.0001376283060823 8112.0962883247993886 5.000000 6.000000 4.000000 2000 4800 3200 1
0.0000561978699418 0.0000636664252391 283.7126850690692663 5.000000 6.000000 4.000000 4000 600 400 1
0.0000396979136248 0.0000407013727610 1088.2268901388160884 5.000000 6.000000 4.000000 4000 1200 800 1
0.0000359541686129 0.0000359596823380 4113.4249774776399136 5.000000 6.000000 4.000000 4000 2400 1600 1
0.0000350565920392 0.0000347153899606 16235.6362113147042692 5.000000 6.000000 4.000000 4000 4800 3200 1
0.0022385837624988 0.0022069059770489 18.8064257991500199 5.000000 6.000000 4.000000 500 600 400 2
0.0022283901510709 0.0021966336724044 70.1817816523835063 5.000000 6.000000 4.000000 500 1200 800 2
0.0022258370548395 0.0021999280805154 274.5029407176189125 5.000000 6.000000 4.000000 500 2400 1600 2
0.0022251986027783 0.0021957937778870 1041.8400702727958560 5.000000 6.000000 4.000000 500 4800 3200 2
0.0005740111957132 0.0005708741299266 36.6805968936532736 5.000000 6.000000 4.000000 1000 600 400 2
0.0005606091244592 0.0005537357629080 140.1718983207829297 5.000000 6.000000 4.000000 1000 1200 800 2
0.0005572969468487 0.0005512471051963 544.5262464149855077 5.000000 6.000000 4.000000 1000 2400 1600 2
0.0005564714098558 0.0005494678916230 2116.5699866269715130 5.000000 6.000000 4.000000 1000 4800 3200 2
0.0001585255099362 0.0001620258283065 75.2509717936627567 5.000000 6.000000 4.000000 2000 600 400 2
0.0001437545046969 0.0001432829890569 278.0199091690592468 5.000000 6.000000 4.000000 2000 1200 800 2
0.0001402115925704 0.0001389903778871 1086.3265652740374207 5.000000 6.000000 4.000000 2000 2400 1600 2
0.0001393366445731 0.0001376283060823 4228.0685689612291753 5.000000 6.000000 4.000000 2000 4800 3200 2
0.0000561978699418 0.0000636664252391 144.2758228220045567 5.000000 6.000000 4.000000 4000 600 400 2
0.0000396979136248 0.0000407013727610 562.5195627533830702 5.000000 6.000000 4.000000 4000 1200 800 2
0.0000359541686129 0.0000359596823380 2148.4038740238174796 5.000000 6.000000 4.000000 4000 2400 1600 2
0.0000350565920392 0.0000347153899606 8303.3434338569641113 5.000000 6.000000 4.000000 4000 4800 3200 2
0.0022385837624988 0.0022069059770489 9.8185819708742201 5.000000 6.000000 4.000000 500 600 400 4
0.0022283901510709 0.0021966336724044 37.7460155142471194 5.000000 6.000000 4.000000 500 1200 800 4
0.0022258370548395 0.0021999280805154 138.9549029739573598 5.000000 6.000000 4.000000 500 2400 1600 4
0.0022251986027783 0.0021957937778870 539.1901356279850006 5.000000 6.000000 4.000000 500 4800 3200 4
0.0005740111957132 0.0005708741299266 18.5071734730154276 5.000000 6.000000 4.000000 1000 600 400 4
0.0005606091244592 0.0005537357629080 74.6528696329332888 5.000000 6.000000 4.000000 1000 1200 800 4
0.0005572969468487 0.0005512471051963 282.2844792497344315 5.000000 6.000000 4.000000 1000 2400 1600 4
0.0005564714098558 0.0005494678916230 1102.4970971550792456 5.000000 6.000000 4.000000 1000 4800 3200 4
0.0001585255099362 0.0001620258283065 37.1564188040792942 5.000000 6.000000 4.000000 2000 600 400 4
0.0001437545046969 0.0001432829890569 144.5244295787997544 5.000000 6.000000 4.000000 2000 1200 800 4
0.0001402115925704 0.0001389903778871 566.8535891231149435 5.000000 6.000000 4.000000 2000 2400 1600 4
0.0001393366445731 0.0001376283060823 2191.7578699490986764 5.000000 6.000000 4.000000 2000 4800 3200 4
0.0000561978699418 0.0000636664252391 73.1880924091674387 5.000000 6.000000 4.000000 4000 600 400 4
0.0000396979136248 0.0000407013727610 426.8662179675884545 5.000000 6.000000 4.000000 4000 1200 800 4
0.0000359541686129 0.0000359596823380 1124.4331432138569653 5.000000 6.000000 4.000000 4000 2400 1600 4
0.0000350565920392 0.0000347153899606 4358.3200058629736304 5.000000 6.000000 4.000000 4000 4800 3200 4
0.0022385837624988 0.0022069059770489 4.8735227920114994 5.000000 6.000000 4.000000 500 600 400 8
0.0022283901510709 0.0021966336724044 19.0026720426976681 5.000000 6.000000 4.000000 500 1200 800 8
0.0022258370548395 0.0021999280805154 72.7221293528564274 5.000000 6.000000 4.000000 500 2400 1600 8
0.0022251986027782 0.0021957937778870 275.1578197851777077 5.000000 6.000000 4.000000 500 4800 3200 8
0.0005740111957132 0.0005708741299266 10.1143338116817176 5.000000 6.000000 4.000000 1000 600 400 8
0.0005606091244592 0.0005537357629080 55.4040376981720328 5.000000 6.000000 4.000000 1000 1200 800 8
0.0005572969468487 0.0005512471051963 144.5519179659895599 5.000000 6.000000 4.000000 1000 2400 1600 8
0.0005564714098558 0.0005494678916230 574.8435734612867236 5.000000 6.000000 4.000000 1000 4800 3200 8
0.0001585255099362 0.0001620258283065 19.8082462651655078 5.000000 6.000000 4.000000 2000 600 400 8
0.0001437545046969 0.0001432829890569 75.4735503178089857 5.000000 6.000000 4.000000 2000 1200 800 8
0.0001402115925704 0.0001389903778871 284.2238670098595321 5.000000 6.000000 4.000000 2000 2400 1600 8
0.0001393366445731 0.0001376283060823 1125.0795640959404409 5.000000 6.000000 4.000000 2000 4800 3200 8
0.0000561978699418 0.0000636664252391 38.7321225209161639 5.000000 6.000000 4.000000 4000 600 400 8
0.0000396979136248 0.0000407013727610 146.3888660511001945 5.000000 6.000000 4.000000 4000 1200 800 8
0.0000359541686129 0.0000359596823380 574.4146675369702280 5.000000 6.000000 4.000000 4000 2400 1600 8
0.0000350565920392 0.0000347153899606 2212.8089380278252065 5.000000 6.000000 4.000000 4000 4800 3200 8
0.0022385837624988 0.0022069059770489 2.9086042731069028 5.000000 6.000000 4.000000 500 600 400 16
0.0022283901510709 0.0021966336724044 9.6832684637047350 5.000000 6.000000 4.000000 500 1200 800 16
0.0022258370548395 0.0021999280805154 56.5440266020596027 5.000000 6.000000 4.000000 500 2400 1600 16
0.0022251986027783 0.0021957937778870 140.6126224719919264 5.000000 6.000000 4.000000 500 4800 3200 16
0.0005740111957132 0.0005708741299266 5.1130961300805211 5.000000 6.000000 4.000000 1000 600 400 16
0.0005606091244592 0.0005537357629080 18.9027018076740205 5.000000 6.000000 4.000000 1000 1200 800 16
0.0005572969468487 0.0005512471051963 73.6837873910553753 5.000000 6.000000 4.000000 1000 2400 1600 16
0.0005564714098558 0.0005494678916230 280.2149711241945624 5.000000 6.000000 4.000000 1000 4800 3200 16
0.0001585255099362 0.0001620258283065 9.6080860467627645 5.000000 6.000000 4.000000 2000 600 400 16
0.0001437545046969 0.0001432829890569 36.5069621889851987 5.000000 6.000000 4.000000 2000 1200 800 16
0.0001402115925704 0.0001389903778871 140.8664330909959972 5.000000 6.000000 4.000000 2000 2400 1600 16
0.0001393366445731 0.0001376283060823 582.1294088717550039 5.000000 6.000000 4.000000 2000 4800 3200 16
0.0000561978699418 0.0000636664252391 28.4410165450535715 5.000000 6.000000 4.000000 4000 600 400 16
0.0000396979136248 0.0000407013727610 73.0566536057740450 5.000000 6.000000 4.000000 4000 1200 800 16
0.0000359541686129 0.0000359596823380 289.9565958189778030 5.000000 6.000000 4.000000 4000 2400 1600 16
0.0000350565920392 0.0000347153899606 1130.5447998601011932 5.000000 6.000000 4.000000 4000 4800 3200 16
0.0022385837624988 0.0022069059770489 1.5601318399421871 5.000000 6.000000 4.000000 500 600 400 32
0.0022283901510709 0.0021966336724044 5.8343283208087087 5.000000 6.000000 4.000000 500 1200 800 32
0.0022258370548395 0.0021999280805154 19.6795350131578743 5.000000 6.000000 4.000000 500 2400 1600 32
0.0022251986027782 0.0021957937778870 78.4899841751903296 5.000000 6.000000 4.000000 500 4800 3200 32
0.0005740111957132 0.0005708741299266 2.9410092481411994 5.000000 6.000000 4.000000 1000 600 400 32
0.0005606091244592 0.0005537357629080 10.2438314831815660 5.000000 6.000000 4.000000 1000 1200 800 32
0.0005572969468487 0.0005512471051963 61.4291517380625010 5.000000 6.000000 4.000000 1000 2400 1600 32
0.0005564714098558 0.0005494678916230 157.5028516626916826 5.000000 6.000000 4.000000 1000 4800 3200 32
0.0001585255099362 0.0001620258283065 5.6532990289852023 5.000000 6.000000 4.000000 2000 600 400 32
0.0001437545046969 0.0001432829890569 21.2779278932139277 5.000000 6.000000 4.000000 2000 1200 800 32
0.0001402115925704 0.0001389903778871 79.1370761347934604 5.000000 6.000000 4.000000 2000 2400 1600 32
0.0001393366445731 0.0001376283060823 318.6512639629654586 5.000000 6.000000 4.000000 2000 4800 3200 32
0.0000561978699418 0.0000636664252391 11.4513433477841318 5.000000 6.000000 4.000000 4000 600 400 32
0.0000396979136248 0.0000407013727610 40.2031413740478456 5.000000 6.000000 4.000000 4000 1200 800 32
0.0000359541686129 0.0000359596823380 156.2685153051279485 5.000000 6.000000 4.000000 4000 2400 1600 32
0.0000350565920392 0.0000347153899606 627.5468575567938387 5.000000 6.000000 4.000000 4000 4800 3200 32
0.0022385837624988 0.0022069059770489 1.6882062694057822 5.000000 6.000000 4.000000 500 600 400 36
0.0022283901510709 0.0021966336724044 4.9468483412638307 5.000000 6.000000 4.000000 500 1200 800 36
0.0022258370548395 0.0021999280805154 18.2790104770101607 5.000000 6.000000 4.000000 500 2400 1600 36
0.0022251986027782 0.0021957937778870 79.8301113001070917 5.000000 6.000000 4.000000 500 4800 3200 36
0.0005740111957132 0.0005708741299266 2.6328941658139229 5.000000 6.000000 4.000000 1000 600 400 36
0.0005606091244592 0.0005537357629080 12.8511123992502689 5.000000 6.000000 4.000000 1000 1200 800 36
0.0005572969468487 0.0005512471051963 36.5303684221580625 5.000000 6.000000 4.000000 1000 2400 1600 36
0.0005564714098558 0.0005494678916230 154.0916034658439457 5.000000 6.000000 4.000000 1000 4800 3200 36
0.0001585255099362 0.0001620258283065 5.0643604798242450 5.000000 6.000000 4.000000 2000 600 400 36
0.0001437545046969 0.0001432829890569 19.6030439771711826 5.000000 6.000000 4.000000 2000 1200 800 36
0.0001402115925704 0.0001389903778871 73.8053326597437263 5.000000 6.000000 4.000000 2000 2400 1600 36
0.0001393366445731 0.0001376283060823 319.7314426503144205 5.000000 6.000000 4.000000 2000 4800 3200 36
0.0000561978699418 0.0000636664252391 10.1687897751107812 5.000000 6.000000 4.000000 4000 600 400 36
0.0000396979136248 0.0000407013727610 39.6280638938769698 5.000000 6.000000 4.000000 4000 1200 800 36
0.0000359541686129 0.0000359596823380 149.2121515390463173 5.000000 6.000000 4.000000 4000 2400 1600 36
0.0000350565920392 0.0000347153899606 630.1129626072943211 5.000000 6.000000 4.000000 4000 4800 3200 36
