0.0000762329490396, 0.0002505088296398, 0.5043158768676221, 0.0003125000000000, 0.0100000000000000, 36
0.0000190259741586, 0.0000625490226585, 1.4570837807841599, 0.0003125000000000, 0.0050000000000000, 36
0.0000047238990662, 0.0000155281505758, 4.5440505626611412, 0.0003125000000000, 0.0025000000000000, 36
0.0000011489122488, 0.0000037710653535, 16.6428420851007104, 0.0003125000000000, 0.0012500000000000, 36
0.0000762653212738, 0.0002506202180761, 0.8963055717758834, 0.0001562500000000, 0.0100000000000000, 36
0.0000190586205836, 0.0000626597023854, 2.4942310638725758, 0.0001562500000000, 0.0050000000000000, 36
0.0000047564881835, 0.0000156403340159, 9.0426820036955178, 0.0001562500000000, 0.0025000000000000, 36
0.0000011809698457, 0.0000038822451180, 33.2921846467070282, 0.0001562500000000, 0.0012500000000000, 36
0.0000762734155230, 0.0002506480924557, 1.9614633382298052, 0.0000781250000000, 0.0100000000000000, 36
0.0000190667895401, 0.0000626873297097, 5.1561918519437313, 0.0000781250000000, 0.0050000000000000, 36
0.0000047646677582, 0.0000156683867453, 17.6573309889063239, 0.0000781250000000, 0.0025000000000000, 36
0.0000011891209514, 0.0000039101426448, 81.6866418211720884, 0.0000781250000000, 0.0012500000000000, 36
0.0000762754405536, 0.0002506550668820, 2.8362280367873609, 0.0000390625000000, 0.0100000000000000, 36
0.0000190688336334, 0.0000626942395497, 10.0811577080748975, 0.0000390625000000, 0.0050000000000000, 36
0.0000047667160846, 0.0000156753984463, 35.5686441231518984, 0.0000390625000000, 0.0025000000000000, 36
0.0000011911683945, 0.0000039171567375, 133.2515134108252823, 0.0000390625000000, 0.0012500000000000, 36
0.0000762329490396, 0.0002505088296398, 0.4481209390796721, 0.0003125000000000, 0.0100000000000000, 32
0.0000190259741586, 0.0000625490226585, 1.4771674759685993, 0.0003125000000000, 0.0050000000000000, 32
0.0000047238990662, 0.0000155281505758, 4.9046346182003617, 0.0003125000000000, 0.0025000000000000, 32
0.0000011489122488, 0.0000037710653535, 18.3364149089902639, 0.0003125000000000, 0.0012500000000000, 32
0.0000762653212738, 0.0002506202180761, 0.8809794839471579, 0.0001562500000000, 0.0100000000000000, 32
0.0000190586205836, 0.0000626597023854, 2.6868175361305475, 0.0001562500000000, 0.0050000000000000, 32
0.0000047564881835, 0.0000156403340159, 9.6306317108683288, 0.0001562500000000, 0.0025000000000000, 32
0.0000011809698457, 0.0000038822451180, 36.5000285678543150, 0.0001562500000000, 0.0012500000000000, 32
0.0000762734155230, 0.0002506480924557, 1.6520271766930819, 0.0000781250000000, 0.0100000000000000, 32
0.0000190667895401, 0.0000626873297097, 5.0637543220072985, 0.0000781250000000, 0.0050000000000000, 32
0.0000047646677582, 0.0000156683867453, 18.9689806480892003, 0.0000781250000000, 0.0025000000000000, 32
0.0000011891209514, 0.0000039101426448, 72.7932264911942184, 0.0000781250000000, 0.0012500000000000, 32
0.0000762754405536, 0.0002506550668820, 3.1303974799811840, 0.0000390625000000, 0.0100000000000000, 32
0.0000190688336334, 0.0000626942395497, 10.0976750343106687, 0.0000390625000000, 0.0050000000000000, 32
0.0000047667160846, 0.0000156753984463, 37.6152799939736724, 0.0000390625000000, 0.0025000000000000, 32
0.0000011911683945, 0.0000039171567375, 145.1893613650463521, 0.0000390625000000, 0.0012500000000000, 32
0.0000762329490396, 0.0002505088296398, 0.6377684329636395, 0.0003125000000000, 0.0100000000000000, 16
0.0000190259741586, 0.0000625490226585, 2.1767948670312762, 0.0003125000000000, 0.0050000000000000, 16
0.0000047238990662, 0.0000155281505758, 8.3056070199236274, 0.0003125000000000, 0.0025000000000000, 16
0.0000011489122488, 0.0000037710653535, 32.8477463698945940, 0.0003125000000000, 0.0012500000000000, 16
0.0000762653212738, 0.0002506202180761, 1.3573026042431593, 0.0001562500000000, 0.0100000000000000, 16
0.0000190586205836, 0.0000626597023854, 4.6162922680377960, 0.0001562500000000, 0.0050000000000000, 16
0.0000047564881835, 0.0000156403340159, 17.1403377791866660, 0.0001562500000000, 0.0025000000000000, 16
0.0000011809698457, 0.0000038822451180, 66.2096806559711695, 0.0001562500000000, 0.0012500000000000, 16
0.0000762734155230, 0.0002506480924557, 2.7922019343823195, 0.0000781250000000, 0.0100000000000000, 16
0.0000190667895401, 0.0000626873297097, 8.6872294587083161, 0.0000781250000000, 0.0050000000000000, 16
0.0000047646677582, 0.0000156683867453, 35.3860527230426669, 0.0000781250000000, 0.0025000000000000, 16
0.0000011891209514, 0.0000039101426448, 135.6701252278871834, 0.0000781250000000, 0.0012500000000000, 16
0.0000762754405536, 0.0002506550668820, 4.7604826968163252, 0.0000390625000000, 0.0100000000000000, 16
0.0000190688336334, 0.0000626942395497, 18.0533880847506225, 0.0000390625000000, 0.0050000000000000, 16
0.0000047667160846, 0.0000156753984463, 68.4190927101299167, 0.0000390625000000, 0.0025000000000000, 16
0.0000011911683945, 0.0000039171567375, 264.6405950952321291, 0.0000390625000000, 0.0012500000000000, 16
0.0000762329490396, 0.0002505088296398, 1.2871345891617239, 0.0003125000000000, 0.0100000000000000, 8
0.0000190259741586, 0.0000625490226585, 4.6069436171092093, 0.0003125000000000, 0.0050000000000000, 8
0.0000047238990662, 0.0000155281505758, 16.9624417270533741, 0.0003125000000000, 0.0025000000000000, 8
0.0000011489122488, 0.0000037710653535, 65.2096724067814648, 0.0003125000000000, 0.0012500000000000, 8
0.0000762653212738, 0.0002506202180761, 2.4203324760310352, 0.0001562500000000, 0.0100000000000000, 8
0.0000190586205836, 0.0000626597023854, 8.9266567160375416, 0.0001562500000000, 0.0050000000000000, 8
0.0000047564881835, 0.0000156403340159, 33.8477061153389513, 0.0001562500000000, 0.0025000000000000, 8
0.0000011809698457, 0.0000038822451180, 131.7840945380739868, 0.0001562500000000, 0.0012500000000000, 8
0.0000762734155230, 0.0002506480924557, 4.6711991243064404, 0.0000781250000000, 0.0100000000000000, 8
0.0000190667895401, 0.0000626873297097, 18.7065994520671666, 0.0000781250000000, 0.0050000000000000, 8
0.0000047646677582, 0.0000156683867453, 68.8263747612945735, 0.0000781250000000, 0.0025000000000000, 8
0.0000011891209514, 0.0000039101426448, 263.0650492799468338, 0.0000781250000000, 0.0012500000000000, 8
0.0000762754405536, 0.0002506550668820, 9.2448791800998151, 0.0000390625000000, 0.0100000000000000, 8
0.0000190688336334, 0.0000626942395497, 35.3354961145669222, 0.0000390625000000, 0.0050000000000000, 8
0.0000047667160846, 0.0000156753984463, 132.8164552529342473, 0.0000390625000000, 0.0025000000000000, 8
0.0000011911683945, 0.0000039171567375, 523.6228700140491128, 0.0000390625000000, 0.0012500000000000, 8
0.0000762329490396, 0.0002505088296398, 2.6589425145648420, 0.0003125000000000, 0.0100000000000000, 4
0.0000190259741586, 0.0000625490226585, 8.7015428212471306, 0.0003125000000000, 0.0050000000000000, 4
0.0000047238990662, 0.0000155281505758, 32.0968773220665753, 0.0003125000000000, 0.0025000000000000, 4
0.0000011489122488, 0.0000037710653535, 168.1634370889514685, 0.0003125000000000, 0.0012500000000000, 4
0.0000762653212738, 0.0002506202180761, 4.5502452491782606, 0.0001562500000000, 0.0100000000000000, 4
0.0000190586205836, 0.0000626597023854, 16.7250632490031421, 0.0001562500000000, 0.0050000000000000, 4
0.0000047564881835, 0.0000156403340159, 64.4005516474135220, 0.0001562500000000, 0.0025000000000000, 4
0.0000011809698457, 0.0000038822451180, 254.8269964237697423, 0.0001562500000000, 0.0012500000000000, 4
0.0000762734155230, 0.0002506480924557, 9.1740813339129090, 0.0000781250000000, 0.0100000000000000, 4
0.0000190667895401, 0.0000626873297097, 34.1153174717910588, 0.0000781250000000, 0.0050000000000000, 4
0.0000047646677582, 0.0000156683867453, 131.1986431581899524, 0.0000781250000000, 0.0025000000000000, 4
0.0000011891209514, 0.0000039101426448, 516.0110396128147840, 0.0000781250000000, 0.0012500000000000, 4
0.0000762754405536, 0.0002506550668820, 18.7313063358888030, 0.0000390625000000, 0.0100000000000000, 4
0.0000190688336334, 0.0000626942395497, 68.2322413208894432, 0.0000390625000000, 0.0050000000000000, 4
0.0000047667160846, 0.0000156753984463, 260.4327954058535397, 0.0000390625000000, 0.0025000000000000, 4
0.0000011911683945, 0.0000039171567375, 1025.9296313389204443, 0.0000390625000000, 0.0012500000000000, 4
0.0000762329490396, 0.0002505088296398, 4.3878589831292629, 0.0003125000000000, 0.0100000000000000, 2
0.0000190259741586, 0.0000625490226585, 16.2897907369770110, 0.0003125000000000, 0.0050000000000000, 2
0.0000047238990662, 0.0000155281505758, 60.3075125352479517, 0.0003125000000000, 0.0025000000000000, 2
0.0000011489122488, 0.0000037710653535, 243.8270114152692258, 0.0003125000000000, 0.0012500000000000, 2
0.0000762653212738, 0.0002506202180761, 8.2126404731534421, 0.0001562500000000, 0.0100000000000000, 2
0.0000190586205836, 0.0000626597023854, 32.1005385080352426, 0.0001562500000000, 0.0050000000000000, 2
0.0000047564881835, 0.0000156403340159, 124.1304194247350097, 0.0001562500000000, 0.0025000000000000, 2
0.0000011809698457, 0.0000038822451180, 493.5181308221071959, 0.0001562500000000, 0.0012500000000000, 2
0.0000762734155230, 0.0002506480924557, 16.8358146920800209, 0.0000781250000000, 0.0100000000000000, 2
0.0000190667895401, 0.0000626873297097, 65.8087622202001512, 0.0000781250000000, 0.0050000000000000, 2
0.0000047646677582, 0.0000156683867453, 249.3706566276960075, 0.0000781250000000, 0.0025000000000000, 2
0.0000011891209514, 0.0000039101426448, 991.2266307277604938, 0.0000781250000000, 0.0012500000000000, 2
0.0000762754405536, 0.0002506550668820, 33.4783020326867700, 0.0000390625000000, 0.0100000000000000, 2
0.0000190688336334, 0.0000626942395497, 185.2241073092445731, 0.0000390625000000, 0.0050000000000000, 2
0.0000047667160846, 0.0000156753984463, 503.1203608028590679, 0.0000390625000000, 0.0025000000000000, 2
0.0000011911683945, 0.0000039171567375, 1968.7487912760116160, 0.0000390625000000, 0.0012500000000000, 2
0.0000762329490396, 0.0002505088296398, 8.1883982620202005, 0.0003125000000000, 0.0100000000000000, 1
0.0000190259741586, 0.0000625490226585, 30.4875186476856470, 0.0003125000000000, 0.0050000000000000, 1
0.0000047238990662, 0.0000155281505758, 116.5951830502599478, 0.0003125000000000, 0.0025000000000000, 1
0.0000011489122488, 0.0000037710653535, 456.2774430033750832, 0.0003125000000000, 0.0012500000000000, 1
0.0000762653212738, 0.0002506202180761, 15.4495415478013456, 0.0001562500000000, 0.0100000000000000, 1
0.0000190586205836, 0.0000626597023854, 63.2502029649913311, 0.0001562500000000, 0.0050000000000000, 1
0.0000047564881835, 0.0000156403340159, 232.3062491361051798, 0.0001562500000000, 0.0025000000000000, 1
0.0000011809698457, 0.0000038822451180, 921.6602203147485852, 0.0001562500000000, 0.0012500000000000, 1
0.0000762734155230, 0.0002506480924557, 30.5338119287043810, 0.0000781250000000, 0.0100000000000000, 1
0.0000190667895401, 0.0000626873297097, 119.4800753477029502, 0.0000781250000000, 0.0050000000000000, 1
0.0000047646677582, 0.0000156683867453, 459.5313459988683462, 0.0000781250000000, 0.0025000000000000, 1
0.0000011891209514, 0.0000039101426448, 1833.3547088881023228, 0.0000781250000000, 0.0012500000000000, 1
0.0000762754405536, 0.0002506550668820, 59.8598322407342494, 0.0000390625000000, 0.0100000000000000, 1
0.0000190688336334, 0.0000626942395497, 238.5128409699536860, 0.0000390625000000, 0.0050000000000000, 1
0.0000047667160846, 0.0000156753984463, 924.4075184245593846, 0.0000390625000000, 0.0025000000000000, 1
0.0000011911683945, 0.0000039171567375, 3651.3598733828403056, 0.0000390625000000, 0.0012500000000000, 1
