0.0022385837624989 0.0022069059770489 34.9596252758055925 5.000000 6.000000 4.000000 500 600 400 1
0.0022283901510709 0.0021966336724044 126.3989382921718061 5.000000 6.000000 4.000000 500 1200 800 1
0.0022258370548395 0.0021999280805154 497.0771791338920593 5.000000 6.000000 4.000000 500 2400 1600 1
0.0022251986027783 0.0021957937778870 1939.3443644759245217 5.000000 6.000000 4.000000 500 4800 3200 1
0.0005740111957132 0.0005708741299266 70.4289926569908857 5.000000 6.000000 4.000000 1000 600 400 1
0.0005606091244592 0.0005537357629080 271.4983013807795942 5.000000 6.000000 4.000000 1000 1200 800 1
0.0005572969468487 0.0005512471051963 1048.4617105717770755 5.000000 6.000000 4.000000 1000 2400 1600 1
0.0005564714098558 0.0005494678916230 3924.7375778006389737 5.000000 6.000000 4.000000 1000 4800 3200 1
0.0001585255099362 0.0001620258283065 130.8821956957690418 5.000000 6.000000 4.000000 2000 600 400 1
0.0001437545046969 0.0001432829890569 532.9540428137406707 5.000000 6.000000 4.000000 2000 1200 800 1
0.0001402115925704 0.0001389903778871 2031.6093456009402871 5.000000 6.000000 4.000000 2000 2400 1600 1
0.0001393366445731 0.0001376283060823 7837.1639863969758153 5.000000 6.000000 4.000000 2000 4800 3200 1
0.0000561978699418 0.0000636664252391 264.2516287788748741 5.000000 6.000000 4.000000 4000 600 400 1
0.0000396979136248 0.0000407013727610 1044.0550132789649069 5.000000 6.000000 4.000000 4000 1200 800 1
0.0000359541686129 0.0000359596823380 3949.9718382591381669 5.000000 6.000000 4.000000 4000 2400 1600 1
0.0000350565920392 0.0000347153899606 15661.7594440141692758 5.000000 6.000000 4.000000 4000 4800 3200 1
0.0022385837624988 0.0022069059770489 17.9978551319800317 5.000000 6.000000 4.000000 500 600 400 2
0.0022283901510709 0.0021966336724044 69.9268427393399179 5.000000 6.000000 4.000000 500 1200 800 2
0.0022258370548395 0.0021999280805154 262.2581187942996621 5.000000 6.000000 4.000000 500 2400 1600 2
0.0022251986027783 0.0021957937778870 1032.6665440881624818 5.000000 6.000000 4.000000 500 4800 3200 2
0.0005740111957132 0.0005708741299266 35.5170237659476697 5.000000 6.000000 4.000000 1000 600 400 2
0.0005606091244592 0.0005537357629080 139.0031555197201669 5.000000 6.000000 4.000000 1000 1200 800 2
0.0005572969468487 0.0005512471051963 522.8614677838049829 5.000000 6.000000 4.000000 1000 2400 1600 2
0.0005564714098558 0.0005494678916230 2057.9094988829456270 5.000000 6.000000 4.000000 1000 4800 3200 2
0.0001585255099362 0.0001620258283065 73.1937508853152394 5.000000 6.000000 4.000000 2000 600 400 2
0.0001437545046969 0.0001432829890569 277.3633084800094366 5.000000 6.000000 4.000000 2000 1200 800 2
0.0001402115925704 0.0001389903778871 1052.6559506719931960 5.000000 6.000000 4.000000 2000 2400 1600 2
0.0001393366445731 0.0001376283060823 4061.9754238650202751 5.000000 6.000000 4.000000 2000 4800 3200 2
0.0000561978699418 0.0000636664252391 145.2651991848833859 5.000000 6.000000 4.000000 4000 600 400 2
0.0000396979136248 0.0000407013727610 550.6938001019880176 5.000000 6.000000 4.000000 4000 1200 800 2
0.0000359541686129 0.0000359596823380 2092.6324272179044783 5.000000 6.000000 4.000000 4000 2400 1600 2
0.0000350565920392 0.0000347153899606 8157.4039076650515199 5.000000 6.000000 4.000000 4000 4800 3200 2
0.0022385837624988 0.0022069059770489 9.5424188910983503 5.000000 6.000000 4.000000 500 600 400 4
0.0022283901510709 0.0021966336724044 36.9518404118716717 5.000000 6.000000 4.000000 500 1200 800 4
0.0022258370548395 0.0021999280805154 138.5047996826469898 5.000000 6.000000 4.000000 500 2400 1600 4
0.0022251986027783 0.0021957937778870 536.2779480433091521 5.000000 6.000000 4.000000 500 4800 3200 4
0.0005740111957132 0.0005708741299266 18.3709025159478188 5.000000 6.000000 4.000000 1000 600 400 4
0.0005606091244592 0.0005537357629080 71.8802963187918067 5.000000 6.000000 4.000000 1000 1200 800 4
0.0005572969468487 0.0005512471051963 298.1614051060751081 5.000000 6.000000 4.000000 1000 2400 1600 4
0.0005564714098558 0.0005494678916230 1062.7220575800165534 5.000000 6.000000 4.000000 1000 4800 3200 4
0.0001585255099362 0.0001620258283065 36.5909573542885482 5.000000 6.000000 4.000000 2000 600 400 4
0.0001437545046969 0.0001432829890569 142.7053442210890353 5.000000 6.000000 4.000000 2000 1200 800 4
0.0001402115925704 0.0001389903778871 553.0184710216708481 5.000000 6.000000 4.000000 2000 2400 1600 4
0.0001393366445731 0.0001376283060823 2164.7430546628311276 5.000000 6.000000 4.000000 2000 4800 3200 4
0.0000561978699418 0.0000636664252391 73.0470208870247006 5.000000 6.000000 4.000000 4000 600 400 4
0.0000396979136248 0.0000407013727610 285.8774596108123660 5.000000 6.000000 4.000000 4000 1200 800 4
0.0000359541686129 0.0000359596823380 1115.1721370471641421 5.000000 6.000000 4.000000 4000 2400 1600 4
0.0000350565920392 0.0000347153899606 4310.6506665004417300 5.000000 6.000000 4.000000 4000 4800 3200 4
0.0022385837624988 0.0022069059770489 4.9421723191626370 5.000000 6.000000 4.000000 500 600 400 8
0.0022283901510709 0.0021966336724044 20.4703705650754273 5.000000 6.000000 4.000000 500 1200 800 8
0.0022258370548395 0.0021999280805154 76.1484189503826201 5.000000 6.000000 4.000000 500 2400 1600 8
0.0022251986027782 0.0021957937778870 278.2953555108979344 5.000000 6.000000 4.000000 500 4800 3200 8
0.0005740111957132 0.0005708741299266 9.8645823244005442 5.000000 6.000000 4.000000 1000 600 400 8
0.0005606091244592 0.0005537357629080 37.0307409409433603 5.000000 6.000000 4.000000 1000 1200 800 8
0.0005572969468487 0.0005512471051963 142.4296763562597334 5.000000 6.000000 4.000000 1000 2400 1600 8
0.0005564714098558 0.0005494678916230 556.2737157349474728 5.000000 6.000000 4.000000 1000 4800 3200 8
0.0001585255099362 0.0001620258283065 19.0652591208927333 5.000000 6.000000 4.000000 2000 600 400 8
0.0001437545046969 0.0001432829890569 73.9969401918351650 5.000000 6.000000 4.000000 2000 1200 800 8
0.0001402115925704 0.0001389903778871 286.2531939470209181 5.000000 6.000000 4.000000 2000 2400 1600 8
0.0001393366445731 0.0001376283060823 1108.9421422011218965 5.000000 6.000000 4.000000 2000 4800 3200 8
0.0000561978699418 0.0000636664252391 37.3510747398249805 5.000000 6.000000 4.000000 4000 600 400 8
0.0000396979136248 0.0000407013727610 148.8142632660456002 5.000000 6.000000 4.000000 4000 1200 800 8
0.0000359541686129 0.0000359596823380 564.4053350491449237 5.000000 6.000000 4.000000 4000 2400 1600 8
0.0000350565920392 0.0000347153899606 2207.1650201692245901 5.000000 6.000000 4.000000 4000 4800 3200 8
0.0022385837624988 0.0022069059770489 2.8690995010547340 5.000000 6.000000 4.000000 500 600 400 16
0.0022283901510709 0.0021966336724044 9.7566201533190906 5.000000 6.000000 4.000000 500 1200 800 16
0.0022258370548395 0.0021999280805154 37.3571368851698935 5.000000 6.000000 4.000000 500 2400 1600 16
0.0022251986027783 0.0021957937778870 140.9608704443089664 5.000000 6.000000 4.000000 500 4800 3200 16
0.0005740111957132 0.0005708741299266 5.3778240168467164 5.000000 6.000000 4.000000 1000 600 400 16
0.0005606091244592 0.0005537357629080 18.5431525716558099 5.000000 6.000000 4.000000 1000 1200 800 16
0.0005572969468487 0.0005512471051963 74.4257621639408171 5.000000 6.000000 4.000000 1000 2400 1600 16
0.0005564714098558 0.0005494678916230 282.6933630253188312 5.000000 6.000000 4.000000 1000 4800 3200 16
0.0001585255099362 0.0001620258283065 9.8988235620781779 5.000000 6.000000 4.000000 2000 600 400 16
0.0001437545046969 0.0001432829890569 36.4106473987922072 5.000000 6.000000 4.000000 2000 1200 800 16
0.0001402115925704 0.0001389903778871 144.0732144867070019 5.000000 6.000000 4.000000 2000 2400 1600 16
0.0001393366445731 0.0001376283060823 556.2615567138418555 5.000000 6.000000 4.000000 2000 4800 3200 16
0.0000561978699418 0.0000636664252391 19.2280202028341591 5.000000 6.000000 4.000000 4000 600 400 16
0.0000396979136248 0.0000407013727610 72.6449522213079035 5.000000 6.000000 4.000000 4000 1200 800 16
0.0000359541686129 0.0000359596823380 288.7255850150249898 5.000000 6.000000 4.000000 4000 2400 1600 16
0.0000350565920392 0.0000347153899606 1108.8402657802216709 5.000000 6.000000 4.000000 4000 4800 3200 16
0.0022385837624988 0.0022069059770489 1.7606357350014150 5.000000 6.000000 4.000000 500 600 400 32
0.0022283901510709 0.0021966336724044 5.2739519863389432 5.000000 6.000000 4.000000 500 1200 800 32
0.0022258370548395 0.0021999280805154 20.2001724340952933 5.000000 6.000000 4.000000 500 2400 1600 32
0.0022251986027782 0.0021957937778870 77.3756880559958518 5.000000 6.000000 4.000000 500 4800 3200 32
0.0005740111957132 0.0005708741299266 2.9591347579844296 5.000000 6.000000 4.000000 1000 600 400 32
0.0005606091244592 0.0005537357629080 10.1300210296176374 5.000000 6.000000 4.000000 1000 1200 800 32
0.0005572969468487 0.0005512471051963 61.3911167513579130 5.000000 6.000000 4.000000 1000 2400 1600 32
0.0005564714098558 0.0005494678916230 156.0343964910134673 5.000000 6.000000 4.000000 1000 4800 3200 32
0.0001585255099362 0.0001620258283065 5.8111436166800559 5.000000 6.000000 4.000000 2000 600 400 32
0.0001437545046969 0.0001432829890569 19.9955305769108236 5.000000 6.000000 4.000000 2000 1200 800 32
0.0001402115925704 0.0001389903778871 80.7086301767267287 5.000000 6.000000 4.000000 2000 2400 1600 32
0.0001393366445731 0.0001376283060823 478.2805364048108459 5.000000 6.000000 4.000000 2000 4800 3200 32
0.0000561978699418 0.0000636664252391 11.3460992448963225 5.000000 6.000000 4.000000 4000 600 400 32
0.0000396979136248 0.0000407013727610 40.2645875820890069 5.000000 6.000000 4.000000 4000 1200 800 32
0.0000359541686129 0.0000359596823380 160.0185083262622356 5.000000 6.000000 4.000000 4000 2400 1600 32
0.0000350565920392 0.0000347153899606 620.7760334499180317 5.000000 6.000000 4.000000 4000 4800 3200 32
0.0022385837624988 0.0022069059770489 2.1214953581802547 5.000000 6.000000 4.000000 500 600 400 36
0.0022283901510709 0.0021966336724044 5.0171609749086201 5.000000 6.000000 4.000000 500 1200 800 36
0.0022258370548395 0.0021999280805154 19.6052836617454886 5.000000 6.000000 4.000000 500 2400 1600 36
0.0022251986027782 0.0021957937778870 77.2690058532170951 5.000000 6.000000 4.000000 500 4800 3200 36
0.0005740111957132 0.0005708741299266 2.5854803090915084 5.000000 6.000000 4.000000 1000 600 400 36
0.0005606091244592 0.0005537357629080 9.6689333338290453 5.000000 6.000000 4.000000 1000 1200 800 36
0.0005572969468487 0.0005512471051963 37.5166168939322233 5.000000 6.000000 4.000000 1000 2400 1600 36
0.0005564714098558 0.0005494678916230 162.1551182009279728 5.000000 6.000000 4.000000 1000 4800 3200 36
0.0001585255099362 0.0001620258283065 5.0700498241931200 5.000000 6.000000 4.000000 2000 600 400 36
0.0001437545046969 0.0001432829890569 19.3253016788512468 5.000000 6.000000 4.000000 2000 1200 800 36
0.0001402115925704 0.0001389903778871 113.3698842399753630 5.000000 6.000000 4.000000 2000 2400 1600 36
0.0001393366445731 0.0001376283060823 314.2209368911571801 5.000000 6.000000 4.000000 2000 4800 3200 36
0.0000561978699418 0.0000636664252391 10.2023235880769789 5.000000 6.000000 4.000000 4000 600 400 36
0.0000396979136248 0.0000407013727610 39.3541258890181780 5.000000 6.000000 4.000000 4000 1200 800 36
0.0000359541686129 0.0000359596823380 149.9107807260006666 5.000000 6.000000 4.000000 4000 2400 1600 36
0.0000350565920392 0.0000347153899606 618.5841815718449652 5.000000 6.000000 4.000000 4000 4800 3200 36
