0.0022385837624989 0.0022069059770489 34.2126410398632288 5.000000 6.000000 4.000000 500 600 400 1
0.0022283901510709 0.0021966336724044 131.4656594460830092 5.000000 6.000000 4.000000 500 1200 800 1
0.0022258370548395 0.0021999280805154 498.4993835459463298 5.000000 6.000000 4.000000 500 2400 1600 1
0.0022251986027783 0.0021957937778870 1963.4955238108523190 5.000000 6.000000 4.000000 500 4800 3200 1
0.0005740111957132 0.0005708741299266 67.7580155511386693 5.000000 6.000000 4.000000 1000 600 400 1
0.0005606091244592 0.0005537357629080 257.9870361438952386 5.000000 6.000000 4.000000 1000 1200 800 1
0.0005572969468487 0.0005512471051963 1011.6656900821253657 5.000000 6.000000 4.000000 1000 2400 1600 1
0.0005564714098558 0.0005494678916230 3929.2609929214231670 5.000000 6.000000 4.000000 1000 4800 3200 1
0.0001585255099362 0.0001620258283065 134.9616531589999795 5.000000 6.000000 4.000000 2000 600 400 1
0.0001437545046969 0.0001432829890569 521.8406038801185787 5.000000 6.000000 4.000000 2000 1200 800 1
0.0001402115925704 0.0001389903778871 2006.2811225592158735 5.000000 6.000000 4.000000 2000 2400 1600 1
0.0001393366445731 0.0001376283060823 7830.8776305872015655 5.000000 6.000000 4.000000 2000 4800 3200 1
0.0000561978699418 0.0000636664252391 271.2366274520754814 5.000000 6.000000 4.000000 4000 600 400 1
0.0000396979136248 0.0000407013727610 1094.9267479940317571 5.000000 6.000000 4.000000 4000 1200 800 1
0.0000359541686129 0.0000359596823380 3996.1082558450289071 5.000000 6.000000 4.000000 4000 2400 1600 1
0.0000350565920392 0.0000347153899606 15643.9053597012534738 5.000000 6.000000 4.000000 4000 4800 3200 1
0.0022385837624988 0.0022069059770489 17.7559397961013019 5.000000 6.000000 4.000000 500 600 400 2
0.0022283901510709 0.0021966336724044 67.3470216789282858 5.000000 6.000000 4.000000 500 1200 800 2
0.0022258370548395 0.0021999280805154 256.7888105791062117 5.000000 6.000000 4.000000 500 2400 1600 2
0.0022251986027783 0.0021957937778870 1003.6301908940076828 5.000000 6.000000 4.000000 500 4800 3200 2
0.0005740111957132 0.0005708741299266 35.5702883629128337 5.000000 6.000000 4.000000 1000 600 400 2
0.0005606091244592 0.0005537357629080 137.4466518368571997 5.000000 6.000000 4.000000 1000 1200 800 2
0.0005572969468487 0.0005512471051963 518.8993766810745001 5.000000 6.000000 4.000000 1000 2400 1600 2
0.0005564714098558 0.0005494678916230 2041.8700251616537571 5.000000 6.000000 4.000000 1000 4800 3200 2
0.0001585255099362 0.0001620258283065 70.0656783869490027 5.000000 6.000000 4.000000 2000 600 400 2
0.0001437545046969 0.0001432829890569 268.9323451877571642 5.000000 6.000000 4.000000 2000 1200 800 2
0.0001402115925704 0.0001389903778871 1071.9483247059397399 5.000000 6.000000 4.000000 2000 2400 1600 2
0.0001393366445731 0.0001376283060823 4095.0859579970128834 5.000000 6.000000 4.000000 2000 4800 3200 2
0.0000561978699418 0.0000636664252391 142.5535408221185207 5.000000 6.000000 4.000000 4000 600 400 2
0.0000396979136248 0.0000407013727610 538.6592611959204078 5.000000 6.000000 4.000000 4000 1200 800 2
0.0000359541686129 0.0000359596823380 2079.2162262690253556 5.000000 6.000000 4.000000 4000 2400 1600 2
0.0000350565920392 0.0000347153899606 8132.5751745752058923 5.000000 6.000000 4.000000 4000 4800 3200 2
0.0022385837624988 0.0022069059770489 9.5605262229219079 5.000000 6.000000 4.000000 500 600 400 4
0.0022283901510709 0.0021966336724044 35.5337271369062364 5.000000 6.000000 4.000000 500 1200 800 4
0.0022258370548395 0.0021999280805154 135.3298884998075664 5.000000 6.000000 4.000000 500 2400 1600 4
0.0022251986027783 0.0021957937778870 530.1826877892017365 5.000000 6.000000 4.000000 500 4800 3200 4
0.0005740111957132 0.0005708741299266 18.6231688549742103 5.000000 6.000000 4.000000 1000 600 400 4
0.0005606091244592 0.0005537357629080 75.3473717728629708 5.000000 6.000000 4.000000 1000 1200 800 4
0.0005572969468487 0.0005512471051963 273.6211478197947145 5.000000 6.000000 4.000000 1000 2400 1600 4
0.0005564714098558 0.0005494678916230 1068.0414728550240397 5.000000 6.000000 4.000000 1000 4800 3200 4
0.0001585255099362 0.0001620258283065 36.2845488432794809 5.000000 6.000000 4.000000 2000 600 400 4
0.0001437545046969 0.0001432829890569 138.9162749466486275 5.000000 6.000000 4.000000 2000 1200 800 4
0.0001402115925704 0.0001389903778871 540.2134159794077277 5.000000 6.000000 4.000000 2000 2400 1600 4
0.0001393366445731 0.0001376283060823 2173.8652001498267055 5.000000 6.000000 4.000000 2000 4800 3200 4
0.0000561978699418 0.0000636664252391 73.0572428288869560 5.000000 6.000000 4.000000 4000 600 400 4
0.0000396979136248 0.0000407013727610 280.9262144761160016 5.000000 6.000000 4.000000 4000 1200 800 4
0.0000359541686129 0.0000359596823380 1083.4234650731086731 5.000000 6.000000 4.000000 4000 2400 1600 4
0.0000350565920392 0.0000347153899606 4196.7853423431515694 5.000000 6.000000 4.000000 4000 4800 3200 4
0.0022385837624988 0.0022069059770489 4.8329349881969392 5.000000 6.000000 4.000000 500 600 400 8
0.0022283901510709 0.0021966336724044 17.5339619200676680 5.000000 6.000000 4.000000 500 1200 800 8
0.0022258370548395 0.0021999280805154 70.4621670311316848 5.000000 6.000000 4.000000 500 2400 1600 8
0.0022251986027782 0.0021957937778870 270.8269784240983427 5.000000 6.000000 4.000000 500 4800 3200 8
0.0005740111957132 0.0005708741299266 9.4647057601250708 5.000000 6.000000 4.000000 1000 600 400 8
0.0005606091244592 0.0005537357629080 37.9619355238974094 5.000000 6.000000 4.000000 1000 1200 800 8
0.0005572969468487 0.0005512471051963 142.3492373879998922 5.000000 6.000000 4.000000 1000 2400 1600 8
0.0005564714098558 0.0005494678916230 545.0046737100929022 5.000000 6.000000 4.000000 1000 4800 3200 8
0.0001585255099362 0.0001620258283065 19.5367300980724394 5.000000 6.000000 4.000000 2000 600 400 8
0.0001437545046969 0.0001432829890569 72.5569695620797575 5.000000 6.000000 4.000000 2000 1200 800 8
0.0001402115925704 0.0001389903778871 279.0436437916941941 5.000000 6.000000 4.000000 2000 2400 1600 8
0.0001393366445731 0.0001376283060823 1087.2196200136095285 5.000000 6.000000 4.000000 2000 4800 3200 8
0.0000561978699418 0.0000636664252391 37.5632703513838351 5.000000 6.000000 4.000000 4000 600 400 8
0.0000396979136248 0.0000407013727610 143.4986101319082081 5.000000 6.000000 4.000000 4000 1200 800 8
0.0000359541686129 0.0000359596823380 569.6901714671403170 5.000000 6.000000 4.000000 4000 2400 1600 8
0.0000350565920392 0.0000347153899606 2182.1139637609012425 5.000000 6.000000 4.000000 4000 4800 3200 8
0.0022385837624988 0.0022069059770489 2.9447391070425510 5.000000 6.000000 4.000000 500 600 400 16
0.0022283901510709 0.0021966336724044 9.1693356703035533 5.000000 6.000000 4.000000 500 1200 800 16
0.0022258370548395 0.0021999280805154 35.3971350602805614 5.000000 6.000000 4.000000 500 2400 1600 16
0.0022251986027783 0.0021957937778870 138.9206237588077784 5.000000 6.000000 4.000000 500 4800 3200 16
0.0005740111957132 0.0005708741299266 4.9392457948997617 5.000000 6.000000 4.000000 1000 600 400 16
0.0005606091244592 0.0005537357629080 18.1147282989695668 5.000000 6.000000 4.000000 1000 1200 800 16
0.0005572969468487 0.0005512471051963 71.3517225128598511 5.000000 6.000000 4.000000 1000 2400 1600 16
0.0005564714098558 0.0005494678916230 273.3856183099560440 5.000000 6.000000 4.000000 1000 4800 3200 16
0.0001585255099362 0.0001620258283065 9.9702705130912364 5.000000 6.000000 4.000000 2000 600 400 16
0.0001437545046969 0.0001432829890569 36.1946575809270144 5.000000 6.000000 4.000000 2000 1200 800 16
0.0001402115925704 0.0001389903778871 139.7325533400289714 5.000000 6.000000 4.000000 2000 2400 1600 16
0.0001393366445731 0.0001376283060823 563.3267142488621175 5.000000 6.000000 4.000000 2000 4800 3200 16
0.0000561978699418 0.0000636664252391 19.1373161519877613 5.000000 6.000000 4.000000 4000 600 400 16
0.0000396979136248 0.0000407013727610 72.9631473212502897 5.000000 6.000000 4.000000 4000 1200 800 16
0.0000359541686129 0.0000359596823380 284.1605896688997746 5.000000 6.000000 4.000000 4000 2400 1600 16
0.0000350565920392 0.0000347153899606 1102.4610129040665925 5.000000 6.000000 4.000000 4000 4800 3200 16
0.0022385837624988 0.0022069059770489 1.5703895562328398 5.000000 6.000000 4.000000 500 600 400 32
0.0022283901510709 0.0021966336724044 5.0638184491544962 5.000000 6.000000 4.000000 500 1200 800 32
0.0022258370548395 0.0021999280805154 19.2802572706714272 5.000000 6.000000 4.000000 500 2400 1600 32
0.0022251986027782 0.0021957937778870 118.4160106820054352 5.000000 6.000000 4.000000 500 4800 3200 32
0.0005740111957132 0.0005708741299266 3.9747025859542191 5.000000 6.000000 4.000000 1000 600 400 32
0.0005606091244592 0.0005537357629080 10.7690055612474680 5.000000 6.000000 4.000000 1000 1200 800 32
0.0005572969468487 0.0005512471051963 39.9909861339256167 5.000000 6.000000 4.000000 1000 2400 1600 32
0.0005564714098558 0.0005494678916230 153.0300967451184988 5.000000 6.000000 4.000000 1000 4800 3200 32
0.0001585255099362 0.0001620258283065 5.6479499307461083 5.000000 6.000000 4.000000 2000 600 400 32
0.0001437545046969 0.0001432829890569 20.0721072033047676 5.000000 6.000000 4.000000 2000 1200 800 32
0.0001402115925704 0.0001389903778871 78.7578900507651269 5.000000 6.000000 4.000000 2000 2400 1600 32
0.0001393366445731 0.0001376283060823 303.9182382170110941 5.000000 6.000000 4.000000 2000 4800 3200 32
0.0000561978699418 0.0000636664252391 11.0539014590904117 5.000000 6.000000 4.000000 4000 600 400 32
0.0000396979136248 0.0000407013727610 40.5143152480013669 5.000000 6.000000 4.000000 4000 1200 800 32
0.0000359541686129 0.0000359596823380 243.7081762296147645 5.000000 6.000000 4.000000 4000 2400 1600 32
0.0000350565920392 0.0000347153899606 947.2307761409319937 5.000000 6.000000 4.000000 4000 4800 3200 32
0.0022385837624988 0.0022069059770489 1.6251358240842819 5.000000 6.000000 4.000000 500 600 400 36
0.0022283901510709 0.0021966336724044 4.9380608201026917 5.000000 6.000000 4.000000 500 1200 800 36
0.0022258370548395 0.0021999280805154 18.0534527930431068 5.000000 6.000000 4.000000 500 2400 1600 36
0.0022251986027782 0.0021957937778870 107.6284204232506454 5.000000 6.000000 4.000000 500 4800 3200 36
0.0005740111957132 0.0005708741299266 2.8235013000667095 5.000000 6.000000 4.000000 1000 600 400 36
0.0005606091244592 0.0005537357629080 9.5290306177921593 5.000000 6.000000 4.000000 1000 1200 800 36
0.0005572969468487 0.0005512471051963 35.7528394544497132 5.000000 6.000000 4.000000 1000 2400 1600 36
0.0005564714098558 0.0005494678916230 145.1035818643867970 5.000000 6.000000 4.000000 1000 4800 3200 36
0.0001585255099362 0.0001620258283065 4.8145150546915829 5.000000 6.000000 4.000000 2000 600 400 36
0.0001437545046969 0.0001432829890569 18.9407240645959973 5.000000 6.000000 4.000000 2000 1200 800 36
0.0001402115925704 0.0001389903778871 71.8195053637027740 5.000000 6.000000 4.000000 2000 2400 1600 36
0.0001393366445731 0.0001376283060823 285.2132126330398023 5.000000 6.000000 4.000000 2000 4800 3200 36
0.0000561978699418 0.0000636664252391 9.8841205830685794 5.000000 6.000000 4.000000 4000 600 400 36
0.0000396979136248 0.0000407013727610 37.8474316601641476 5.000000 6.000000 4.000000 4000 1200 800 36
0.0000359541686129 0.0000359596823380 142.9063997506164014 5.000000 6.000000 4.000000 4000 2400 1600 36
0.0000350565920392 0.0000347153899606 573.1561480509117246 5.000000 6.000000 4.000000 4000 4800 3200 36
