0.0022385837624989 0.0022069059770489 34.0636598700657487 5.000000 6.000000 4.000000 500 600 400 1
0.0022283901510709 0.0021966336724044 128.2636584737338126 5.000000 6.000000 4.000000 500 1200 800 1
0.0022258370548395 0.0021999280805154 493.6665516723878682 5.000000 6.000000 4.000000 500 2400 1600 1
0.0022251986027783 0.0021957937778870 1931.6457398040220141 5.000000 6.000000 4.000000 500 4800 3200 1
0.0005740111957132 0.0005708741299266 67.9712337539531291 5.000000 6.000000 4.000000 1000 600 400 1
0.0005606091244592 0.0005537357629080 255.1185529269278049 5.000000 6.000000 4.000000 1000 1200 800 1
0.0005572969468487 0.0005512471051963 986.7010420439764857 5.000000 6.000000 4.000000 1000 2400 1600 1
0.0005564714098558 0.0005494678916230 3975.2172947870567441 5.000000 6.000000 4.000000 1000 4800 3200 1
0.0001585255099362 0.0001620258283065 132.9694554489105940 5.000000 6.000000 4.000000 2000 600 400 1
0.0001437545046969 0.0001432829890569 509.7516094609163702 5.000000 6.000000 4.000000 2000 1200 800 1
0.0001402115925704 0.0001389903778871 1968.0798174189403653 5.000000 6.000000 4.000000 2000 2400 1600 1
0.0001393366445731 0.0001376283060823 7730.0651178290136158 5.000000 6.000000 4.000000 2000 4800 3200 1
0.0000561978699418 0.0000636664252391 267.1955265868455172 5.000000 6.000000 4.000000 4000 600 400 1
0.0000396979136248 0.0000407013727610 1046.0244666812941432 5.000000 6.000000 4.000000 4000 1200 800 1
0.0000359541686129 0.0000359596823380 3950.7363845459185541 5.000000 6.000000 4.000000 4000 2400 1600 1
0.0000350565920392 0.0000347153899606 15433.4966336600482464 5.000000 6.000000 4.000000 4000 4800 3200 1
0.0022385837624988 0.0022069059770489 17.6606922340579331 5.000000 6.000000 4.000000 500 600 400 2
0.0022283901510709 0.0021966336724044 68.1911839651875198 5.000000 6.000000 4.000000 500 1200 800 2
0.0022258370548395 0.0021999280805154 261.2808539369143546 5.000000 6.000000 4.000000 500 2400 1600 2
0.0022251986027783 0.0021957937778870 1032.8099396140314639 5.000000 6.000000 4.000000 500 4800 3200 2
0.0005740111957132 0.0005708741299266 36.5278704217635095 5.000000 6.000000 4.000000 1000 600 400 2
0.0005606091244592 0.0005537357629080 137.7292214911431074 5.000000 6.000000 4.000000 1000 1200 800 2
0.0005572969468487 0.0005512471051963 531.6537997960112989 5.000000 6.000000 4.000000 1000 2400 1600 2
0.0005564714098558 0.0005494678916230 2077.9323142142966390 5.000000 6.000000 4.000000 1000 4800 3200 2
0.0001585255099362 0.0001620258283065 77.3335257018916309 5.000000 6.000000 4.000000 2000 600 400 2
0.0001437545046969 0.0001432829890569 285.6182238268665969 5.000000 6.000000 4.000000 2000 1200 800 2
0.0001402115925704 0.0001389903778871 1095.3652619277127087 5.000000 6.000000 4.000000 2000 2400 1600 2
0.0001393366445731 0.0001376283060823 4146.9966471740044653 5.000000 6.000000 4.000000 2000 4800 3200 2
0.0000561978699418 0.0000636664252391 146.1197140379808843 5.000000 6.000000 4.000000 4000 600 400 2
0.0000396979136248 0.0000407013727610 566.2860003178939223 5.000000 6.000000 4.000000 4000 1200 800 2
0.0000359541686129 0.0000359596823380 2132.4752674740739167 5.000000 6.000000 4.000000 4000 2400 1600 2
0.0000350565920392 0.0000347153899606 8321.2182096550241113 5.000000 6.000000 4.000000 4000 4800 3200 2
0.0022385837624988 0.0022069059770489 9.5951219210401177 5.000000 6.000000 4.000000 500 600 400 4
0.0022283901510709 0.0021966336724044 36.0164646841585636 5.000000 6.000000 4.000000 500 1200 800 4
0.0022258370548395 0.0021999280805154 140.7951267519965768 5.000000 6.000000 4.000000 500 2400 1600 4
0.0022251986027783 0.0021957937778870 537.7915997267700732 5.000000 6.000000 4.000000 500 4800 3200 4
0.0005740111957132 0.0005708741299266 18.7916114316321909 5.000000 6.000000 4.000000 1000 600 400 4
0.0005606091244592 0.0005537357629080 70.9336312878876925 5.000000 6.000000 4.000000 1000 1200 800 4
0.0005572969468487 0.0005512471051963 277.5498467711731791 5.000000 6.000000 4.000000 1000 2400 1600 4
0.0005564714098558 0.0005494678916230 1092.6588836098089814 5.000000 6.000000 4.000000 1000 4800 3200 4
0.0001585255099362 0.0001620258283065 37.4755790862254798 5.000000 6.000000 4.000000 2000 600 400 4
0.0001437545046969 0.0001432829890569 145.0592863191850483 5.000000 6.000000 4.000000 2000 1200 800 4
0.0001402115925704 0.0001389903778871 565.8141903891228139 5.000000 6.000000 4.000000 2000 2400 1600 4
0.0001393366445731 0.0001376283060823 2193.0864130281843245 5.000000 6.000000 4.000000 2000 4800 3200 4
0.0000561978699418 0.0000636664252391 74.0901861479505897 5.000000 6.000000 4.000000 4000 600 400 4
0.0000396979136248 0.0000407013727610 290.8361087483353913 5.000000 6.000000 4.000000 4000 1200 800 4
0.0000359541686129 0.0000359596823380 1126.3474363381974399 5.000000 6.000000 4.000000 4000 2400 1600 4
0.0000350565920392 0.0000347153899606 4309.6409642919898033 5.000000 6.000000 4.000000 4000 4800 3200 4
0.0022385837624988 0.0022069059770489 5.2139743193984032 5.000000 6.000000 4.000000 500 600 400 8
0.0022283901510709 0.0021966336724044 19.0020711990073323 5.000000 6.000000 4.000000 500 1200 800 8
0.0022258370548395 0.0021999280805154 73.2190863923169672 5.000000 6.000000 4.000000 500 2400 1600 8
0.0022251986027782 0.0021957937778870 436.3017137949354947 5.000000 6.000000 4.000000 500 4800 3200 8
0.0005740111957132 0.0005708741299266 9.9365436858497560 5.000000 6.000000 4.000000 1000 600 400 8
0.0005606091244592 0.0005537357629080 38.3019699719734490 5.000000 6.000000 4.000000 1000 1200 800 8
0.0005572969468487 0.0005512471051963 144.4201793358661234 5.000000 6.000000 4.000000 1000 2400 1600 8
0.0005564714098558 0.0005494678916230 553.0677799689583480 5.000000 6.000000 4.000000 1000 4800 3200 8
0.0001585255099362 0.0001620258283065 19.0495549370534718 5.000000 6.000000 4.000000 2000 600 400 8
0.0001437545046969 0.0001432829890569 73.8359420550987124 5.000000 6.000000 4.000000 2000 1200 800 8
0.0001402115925704 0.0001389903778871 289.0664781029336154 5.000000 6.000000 4.000000 2000 2400 1600 8
0.0001393366445731 0.0001376283060823 1111.7823719070293009 5.000000 6.000000 4.000000 2000 4800 3200 8
0.0000561978699418 0.0000636664252391 37.4683970399200916 5.000000 6.000000 4.000000 4000 600 400 8
0.0000396979136248 0.0000407013727610 147.0093398368917406 5.000000 6.000000 4.000000 4000 1200 800 8
0.0000359541686129 0.0000359596823380 570.7461345582269132 5.000000 6.000000 4.000000 4000 2400 1600 8
0.0000350565920392 0.0000347153899606 2226.9106386187486351 5.000000 6.000000 4.000000 4000 4800 3200 8
0.0022385837624988 0.0022069059770489 2.7387802260927856 5.000000 6.000000 4.000000 500 600 400 16
0.0022283901510709 0.0021966336724044 10.4573410442098975 5.000000 6.000000 4.000000 500 1200 800 16
0.0022258370548395 0.0021999280805154 36.9200742226094007 5.000000 6.000000 4.000000 500 2400 1600 16
0.0022251986027783 0.0021957937778870 143.0203420980833471 5.000000 6.000000 4.000000 500 4800 3200 16
0.0005740111957132 0.0005708741299266 5.1900913030840456 5.000000 6.000000 4.000000 1000 600 400 16
0.0005606091244592 0.0005537357629080 18.3680951967835426 5.000000 6.000000 4.000000 1000 1200 800 16
0.0005572969468487 0.0005512471051963 72.0498572480864823 5.000000 6.000000 4.000000 1000 2400 1600 16
0.0005564714098558 0.0005494678916230 280.5930051170289516 5.000000 6.000000 4.000000 1000 4800 3200 16
0.0001585255099362 0.0001620258283065 9.8646888658404350 5.000000 6.000000 4.000000 2000 600 400 16
0.0001437545046969 0.0001432829890569 37.2976168799214065 5.000000 6.000000 4.000000 2000 1200 800 16
0.0001402115925704 0.0001389903778871 150.8240791219286621 5.000000 6.000000 4.000000 2000 2400 1600 16
0.0001393366445731 0.0001376283060823 562.9283531787805259 5.000000 6.000000 4.000000 2000 4800 3200 16
0.0000561978699418 0.0000636664252391 19.3673228309489787 5.000000 6.000000 4.000000 4000 600 400 16
0.0000396979136248 0.0000407013727610 72.8958535986021161 5.000000 6.000000 4.000000 4000 1200 800 16
0.0000359541686129 0.0000359596823380 289.2728014909662306 5.000000 6.000000 4.000000 4000 2400 1600 16
0.0000350565920392 0.0000347153899606 1140.8257807050831616 5.000000 6.000000 4.000000 4000 4800 3200 16
0.0022385837624988 0.0022069059770489 1.9879172518849373 5.000000 6.000000 4.000000 500 600 400 32
0.0022283901510709 0.0021966336724044 5.3297381121665239 5.000000 6.000000 4.000000 500 1200 800 32
0.0022258370548395 0.0021999280805154 19.9267044691368937 5.000000 6.000000 4.000000 500 2400 1600 32
0.0022251986027782 0.0021957937778870 75.4357471861876547 5.000000 6.000000 4.000000 500 4800 3200 32
0.0005740111957132 0.0005708741299266 2.9432636066339910 5.000000 6.000000 4.000000 1000 600 400 32
0.0005606091244592 0.0005537357629080 10.3348414548672736 5.000000 6.000000 4.000000 1000 1200 800 32
0.0005572969468487 0.0005512471051963 39.1830468317493796 5.000000 6.000000 4.000000 1000 2400 1600 32
0.0005564714098558 0.0005494678916230 239.6883258982561529 5.000000 6.000000 4.000000 1000 4800 3200 32
0.0001585255099362 0.0001620258283065 8.3349523008801043 5.000000 6.000000 4.000000 2000 600 400 32
0.0001437545046969 0.0001432829890569 21.7904090066440403 5.000000 6.000000 4.000000 2000 1200 800 32
0.0001402115925704 0.0001389903778871 79.5329880970530212 5.000000 6.000000 4.000000 2000 2400 1600 32
0.0001393366445731 0.0001376283060823 310.0225108247250319 5.000000 6.000000 4.000000 2000 4800 3200 32
0.0000561978699418 0.0000636664252391 11.0068345442414284 5.000000 6.000000 4.000000 4000 600 400 32
0.0000396979136248 0.0000407013727610 61.1929363999515772 5.000000 6.000000 4.000000 4000 1200 800 32
0.0000359541686129 0.0000359596823380 156.6714149708859622 5.000000 6.000000 4.000000 4000 2400 1600 32
0.0000350565920392 0.0000347153899606 623.2769169150851667 5.000000 6.000000 4.000000 4000 4800 3200 32
0.0022385837624988 0.0022069059770489 1.4248493001796305 5.000000 6.000000 4.000000 500 600 400 36
0.0022283901510709 0.0021966336724044 4.9559553163126111 5.000000 6.000000 4.000000 500 1200 800 36
0.0022258370548395 0.0021999280805154 18.5099519477225840 5.000000 6.000000 4.000000 500 2400 1600 36
0.0022251986027782 0.0021957937778870 76.4190882719121873 5.000000 6.000000 4.000000 500 4800 3200 36
0.0005740111957132 0.0005708741299266 3.0257095247507095 5.000000 6.000000 4.000000 1000 600 400 36
0.0005606091244592 0.0005537357629080 9.6891755028627813 5.000000 6.000000 4.000000 1000 1200 800 36
0.0005572969468487 0.0005512471051963 36.5709344362840056 5.000000 6.000000 4.000000 1000 2400 1600 36
0.0005564714098558 0.0005494678916230 156.4557804311625659 5.000000 6.000000 4.000000 1000 4800 3200 36
0.0001585255099362 0.0001620258283065 4.9331427700817585 5.000000 6.000000 4.000000 2000 600 400 36
0.0001437545046969 0.0001432829890569 19.6514145657420158 5.000000 6.000000 4.000000 2000 1200 800 36
0.0001402115925704 0.0001389903778871 73.4988056770525873 5.000000 6.000000 4.000000 2000 2400 1600 36
0.0001393366445731 0.0001376283060823 311.1792537271976471 5.000000 6.000000 4.000000 2000 4800 3200 36
0.0000561978699418 0.0000636664252391 10.0889936150051653 5.000000 6.000000 4.000000 4000 600 400 36
0.0000396979136248 0.0000407013727610 39.4254777771420777 5.000000 6.000000 4.000000 4000 1200 800 36
0.0000359541686129 0.0000359596823380 149.0672503150999546 5.000000 6.000000 4.000000 4000 2400 1600 36
0.0000350565920392 0.0000347153899606 629.0647730068303645 5.000000 6.000000 4.000000 4000 4800 3200 36
