0.0022385837624989 0.0022069059770489 34.7199526377953589 5.000000 6.000000 4.000000 500 600 400 1
0.0022283901510709 0.0021966336724044 131.7479976010508835 5.000000 6.000000 4.000000 500 1200 800 1
0.0022258370548395 0.0021999280805154 517.0920805032365024 5.000000 6.000000 4.000000 500 2400 1600 1
0.0022251986027783 0.0021957937778870 2067.7456264477223158 5.000000 6.000000 4.000000 500 4800 3200 1
0.0005740111957132 0.0005708741299266 70.6494579091668129 5.000000 6.000000 4.000000 1000 600 400 1
0.0005606091244592 0.0005537357629080 270.5814551832154393 5.000000 6.000000 4.000000 1000 1200 800 1
0.0005572969468487 0.0005512471051963 1027.8831763411872089 5.000000 6.000000 4.000000 1000 2400 1600 1
0.0005564714098558 0.0005494678916230 4052.3943502181209624 5.000000 6.000000 4.000000 1000 4800 3200 1
0.0001585255099362 0.0001620258283065 141.0507534351199865 5.000000 6.000000 4.000000 2000 600 400 1
0.0001437545046969 0.0001432829890569 530.0237055630423129 5.000000 6.000000 4.000000 2000 1200 800 1
0.0001402115925704 0.0001389903778871 2055.5699628158472478 5.000000 6.000000 4.000000 2000 2400 1600 1
0.0001393366445731 0.0001376283060823 8091.1659608469344676 5.000000 6.000000 4.000000 2000 4800 3200 1
0.0000561978699418 0.0000636664252391 278.8344683418981731 5.000000 6.000000 4.000000 4000 600 400 1
0.0000396979136248 0.0000407013727610 1067.8352808151394129 5.000000 6.000000 4.000000 4000 1200 800 1
0.0000359541686129 0.0000359596823380 4111.7212516320869327 5.000000 6.000000 4.000000 4000 2400 1600 1
0.0000350565920392 0.0000347153899606 16087.1719783288426697 5.000000 6.000000 4.000000 4000 4800 3200 1
0.0022385837624988 0.0022069059770489 18.6740588010288775 5.000000 6.000000 4.000000 500 600 400 2
0.0022283901510709 0.0021966336724044 70.3662474211305380 5.000000 6.000000 4.000000 500 1200 800 2
0.0022258370548395 0.0021999280805154 271.6861142129637301 5.000000 6.000000 4.000000 500 2400 1600 2
0.0022251986027783 0.0021957937778870 1042.4904754762537777 5.000000 6.000000 4.000000 500 4800 3200 2
0.0005740111957132 0.0005708741299266 37.0161722828634083 5.000000 6.000000 4.000000 1000 600 400 2
0.0005606091244592 0.0005537357629080 141.6379623427055776 5.000000 6.000000 4.000000 1000 1200 800 2
0.0005572969468487 0.0005512471051963 541.7198350974358618 5.000000 6.000000 4.000000 1000 2400 1600 2
0.0005564714098558 0.0005494678916230 2082.8302855431102216 5.000000 6.000000 4.000000 1000 4800 3200 2
0.0001585255099362 0.0001620258283065 74.4368766839616001 5.000000 6.000000 4.000000 2000 600 400 2
0.0001437545046969 0.0001432829890569 278.9463650300167501 5.000000 6.000000 4.000000 2000 1200 800 2
0.0001402115925704 0.0001389903778871 1072.8484153351746500 5.000000 6.000000 4.000000 2000 2400 1600 2
0.0001393366445731 0.0001376283060823 4145.8476926279254258 5.000000 6.000000 4.000000 2000 4800 3200 2
0.0000561978699418 0.0000636664252391 145.7886517820879817 5.000000 6.000000 4.000000 4000 600 400 2
0.0000396979136248 0.0000407013727610 556.0315912989899516 5.000000 6.000000 4.000000 4000 1200 800 2
0.0000359541686129 0.0000359596823380 2145.7647221293300390 5.000000 6.000000 4.000000 4000 2400 1600 2
0.0000350565920392 0.0000347153899606 8598.7197039672173560 5.000000 6.000000 4.000000 4000 4800 3200 2
0.0022385837624988 0.0022069059770489 9.7220581211149693 5.000000 6.000000 4.000000 500 600 400 4
0.0022283901510709 0.0021966336724044 35.3511166460812092 5.000000 6.000000 4.000000 500 1200 800 4
0.0022258370548395 0.0021999280805154 143.3522172709926963 5.000000 6.000000 4.000000 500 2400 1600 4
0.0022251986027783 0.0021957937778870 541.5849304827861488 5.000000 6.000000 4.000000 500 4800 3200 4
0.0005740111957132 0.0005708741299266 18.8869861839339137 5.000000 6.000000 4.000000 1000 600 400 4
0.0005606091244592 0.0005537357629080 74.1727030421607196 5.000000 6.000000 4.000000 1000 1200 800 4
0.0005572969468487 0.0005512471051963 280.2158298818394542 5.000000 6.000000 4.000000 1000 2400 1600 4
0.0005564714098558 0.0005494678916230 1081.8063820889219642 5.000000 6.000000 4.000000 1000 4800 3200 4
0.0001585255099362 0.0001620258283065 37.2994050569832325 5.000000 6.000000 4.000000 2000 600 400 4
0.0001437545046969 0.0001432829890569 147.4824441131204367 5.000000 6.000000 4.000000 2000 1200 800 4
0.0001402115925704 0.0001389903778871 561.5000979402102530 5.000000 6.000000 4.000000 2000 2400 1600 4
0.0001393366445731 0.0001376283060823 2162.3655972150154412 5.000000 6.000000 4.000000 2000 4800 3200 4
0.0000561978699418 0.0000636664252391 73.9502884251996875 5.000000 6.000000 4.000000 4000 600 400 4
0.0000396979136248 0.0000407013727610 287.7748299292288721 5.000000 6.000000 4.000000 4000 1200 800 4
0.0000359541686129 0.0000359596823380 1111.2610208722762764 5.000000 6.000000 4.000000 4000 2400 1600 4
0.0000350565920392 0.0000347153899606 4298.8469129423610866 5.000000 6.000000 4.000000 4000 4800 3200 4
0.0022385837624988 0.0022069059770489 4.8899411438032985 5.000000 6.000000 4.000000 500 600 400 8
0.0022283901510709 0.0021966336724044 18.6675332291051745 5.000000 6.000000 4.000000 500 1200 800 8
0.0022258370548395 0.0021999280805154 71.9001906081102788 5.000000 6.000000 4.000000 500 2400 1600 8
0.0022251986027782 0.0021957937778870 278.0719325188547373 5.000000 6.000000 4.000000 500 4800 3200 8
0.0005740111957132 0.0005708741299266 9.8160618077963591 5.000000 6.000000 4.000000 1000 600 400 8
0.0005606091244592 0.0005537357629080 37.6554140793159604 5.000000 6.000000 4.000000 1000 1200 800 8
0.0005572969468487 0.0005512471051963 143.1343760918825865 5.000000 6.000000 4.000000 1000 2400 1600 8
0.0005564714098558 0.0005494678916230 549.1644406220875680 5.000000 6.000000 4.000000 1000 4800 3200 8
0.0001585255099362 0.0001620258283065 19.7974788621068001 5.000000 6.000000 4.000000 2000 600 400 8
0.0001437545046969 0.0001432829890569 74.2819081633351743 5.000000 6.000000 4.000000 2000 1200 800 8
0.0001402115925704 0.0001389903778871 431.0963683859445155 5.000000 6.000000 4.000000 2000 2400 1600 8
0.0001393366445731 0.0001376283060823 1109.6123076560907066 5.000000 6.000000 4.000000 2000 4800 3200 8
0.0000561978699418 0.0000636664252391 37.3623632681556046 5.000000 6.000000 4.000000 4000 600 400 8
0.0000396979136248 0.0000407013727610 148.9437342453747988 5.000000 6.000000 4.000000 4000 1200 800 8
0.0000359541686129 0.0000359596823380 573.0653551099821925 5.000000 6.000000 4.000000 4000 2400 1600 8
0.0000350565920392 0.0000347153899606 2213.0122827277518809 5.000000 6.000000 4.000000 4000 4800 3200 8
0.0022385837624988 0.0022069059770489 2.6410330492071807 5.000000 6.000000 4.000000 500 600 400 16
0.0022283901510709 0.0021966336724044 9.6999629810452461 5.000000 6.000000 4.000000 500 1200 800 16
0.0022258370548395 0.0021999280805154 37.9132342073135078 5.000000 6.000000 4.000000 500 2400 1600 16
0.0022251986027783 0.0021957937778870 142.3812658479437232 5.000000 6.000000 4.000000 500 4800 3200 16
0.0005740111957132 0.0005708741299266 5.4926073001697659 5.000000 6.000000 4.000000 1000 600 400 16
0.0005606091244592 0.0005537357629080 18.6888761511072516 5.000000 6.000000 4.000000 1000 1200 800 16
0.0005572969468487 0.0005512471051963 72.2850815192796290 5.000000 6.000000 4.000000 1000 2400 1600 16
0.0005564714098558 0.0005494678916230 279.0689349663443863 5.000000 6.000000 4.000000 1000 4800 3200 16
0.0001585255099362 0.0001620258283065 9.8262411002069712 5.000000 6.000000 4.000000 2000 600 400 16
0.0001437545046969 0.0001432829890569 36.7540261289104819 5.000000 6.000000 4.000000 2000 1200 800 16
0.0001402115925704 0.0001389903778871 143.9473360241390765 5.000000 6.000000 4.000000 2000 2400 1600 16
0.0001393366445731 0.0001376283060823 565.0134132788516581 5.000000 6.000000 4.000000 2000 4800 3200 16
0.0000561978699418 0.0000636664252391 19.3906738571822643 5.000000 6.000000 4.000000 4000 600 400 16
0.0000396979136248 0.0000407013727610 73.4663083329796791 5.000000 6.000000 4.000000 4000 1200 800 16
0.0000359541686129 0.0000359596823380 290.9342670016922057 5.000000 6.000000 4.000000 4000 2400 1600 16
0.0000350565920392 0.0000347153899606 1118.9519075993448496 5.000000 6.000000 4.000000 4000 4800 3200 16
0.0022385837624988 0.0022069059770489 1.5698997057043016 5.000000 6.000000 4.000000 500 600 400 32
0.0022283901510709 0.0021966336724044 7.1098752361722291 5.000000 6.000000 4.000000 500 1200 800 32
0.0022258370548395 0.0021999280805154 19.4474500827491283 5.000000 6.000000 4.000000 500 2400 1600 32
0.0022251986027782 0.0021957937778870 77.9800808560103178 5.000000 6.000000 4.000000 500 4800 3200 32
0.0005740111957132 0.0005708741299266 2.9282095329836011 5.000000 6.000000 4.000000 1000 600 400 32
0.0005606091244592 0.0005537357629080 10.3262945404276252 5.000000 6.000000 4.000000 1000 1200 800 32
0.0005572969468487 0.0005512471051963 38.5904704197309911 5.000000 6.000000 4.000000 1000 2400 1600 32
0.0005564714098558 0.0005494678916230 153.5814348529092968 5.000000 6.000000 4.000000 1000 4800 3200 32
0.0001585255099362 0.0001620258283065 8.1813201201148331 5.000000 6.000000 4.000000 2000 600 400 32
0.0001437545046969 0.0001432829890569 30.8351142499595881 5.000000 6.000000 4.000000 2000 1200 800 32
0.0001402115925704 0.0001389903778871 77.6417470946907997 5.000000 6.000000 4.000000 2000 2400 1600 32
0.0001393366445731 0.0001376283060823 313.5078978259116411 5.000000 6.000000 4.000000 2000 4800 3200 32
0.0000561978699418 0.0000636664252391 11.7813611947931349 5.000000 6.000000 4.000000 4000 600 400 32
0.0000396979136248 0.0000407013727610 42.0164386071264744 5.000000 6.000000 4.000000 4000 1200 800 32
0.0000359541686129 0.0000359596823380 161.8237086776643991 5.000000 6.000000 4.000000 4000 2400 1600 32
0.0000350565920392 0.0000347153899606 951.6636526403017342 5.000000 6.000000 4.000000 4000 4800 3200 32
0.0022385837624988 0.0022069059770489 1.4581670146435499 5.000000 6.000000 4.000000 500 600 400 36
0.0022283901510709 0.0021966336724044 4.8052087570540607 5.000000 6.000000 4.000000 500 1200 800 36
0.0022258370548395 0.0021999280805154 18.3718198318965733 5.000000 6.000000 4.000000 500 2400 1600 36
0.0022251986027782 0.0021957937778870 81.3574012760072947 5.000000 6.000000 4.000000 500 4800 3200 36
0.0005740111957132 0.0005708741299266 2.8662355947308242 5.000000 6.000000 4.000000 1000 600 400 36
0.0005606091244592 0.0005537357629080 13.9111709608696401 5.000000 6.000000 4.000000 1000 1200 800 36
0.0005572969468487 0.0005512471051963 49.2296920581720769 5.000000 6.000000 4.000000 1000 2400 1600 36
0.0005564714098558 0.0005494678916230 160.1002094289287925 5.000000 6.000000 4.000000 1000 4800 3200 36
0.0001585255099362 0.0001620258283065 4.9478879203088582 5.000000 6.000000 4.000000 2000 600 400 36
0.0001437545046969 0.0001432829890569 19.4842227343469858 5.000000 6.000000 4.000000 2000 1200 800 36
0.0001402115925704 0.0001389903778871 73.6913103200495243 5.000000 6.000000 4.000000 2000 2400 1600 36
0.0001393366445731 0.0001376283060823 319.0276979659684002 5.000000 6.000000 4.000000 2000 4800 3200 36
0.0000561978699418 0.0000636664252391 10.2720772423781455 5.000000 6.000000 4.000000 4000 600 400 36
0.0000396979136248 0.0000407013727610 39.6718954946845770 5.000000 6.000000 4.000000 4000 1200 800 36
0.0000359541686129 0.0000359596823380 145.7511213682591915 5.000000 6.000000 4.000000 4000 2400 1600 36
0.0000350565920392 0.0000347153899606 615.5192096852697432 5.000000 6.000000 4.000000 4000 4800 3200 36
