0.0022385837624989 0.0022069059770489 33.4875696790404618 5.000000 6.000000 4.000000 500 600 400 1
0.0022283901510709 0.0021966336724044 129.5137961767613888 5.000000 6.000000 4.000000 500 1200 800 1
0.0022258370548395 0.0021999280805154 496.4179848050698638 5.000000 6.000000 4.000000 500 2400 1600 1
0.0022251986027783 0.0021957937778870 2069.4108659341000021 5.000000 6.000000 4.000000 500 4800 3200 1
0.0005740111957132 0.0005708741299266 65.6464882739819586 5.000000 6.000000 4.000000 1000 600 400 1
0.0005606091244592 0.0005537357629080 254.0564017533324659 5.000000 6.000000 4.000000 1000 1200 800 1
0.0005572969468487 0.0005512471051963 993.9561113719828427 5.000000 6.000000 4.000000 1000 2400 1600 1
0.0005564714098558 0.0005494678916230 3982.6346000661142170 5.000000 6.000000 4.000000 1000 4800 3200 1
0.0001585255099362 0.0001620258283065 133.0471183327026665 5.000000 6.000000 4.000000 2000 600 400 1
0.0001437545046969 0.0001432829890569 509.3163759158924222 5.000000 6.000000 4.000000 2000 1200 800 1
0.0001402115925704 0.0001389903778871 1981.8892414430156350 5.000000 6.000000 4.000000 2000 2400 1600 1
0.0001393366445731 0.0001376283060823 7732.7365670888684690 5.000000 6.000000 4.000000 2000 4800 3200 1
0.0000561978699418 0.0000636664252391 268.5324748759157956 5.000000 6.000000 4.000000 4000 600 400 1
0.0000396979136248 0.0000407013727610 1023.4133019996806979 5.000000 6.000000 4.000000 4000 1200 800 1
0.0000359541686129 0.0000359596823380 3960.0682858540676534 5.000000 6.000000 4.000000 4000 2400 1600 1
0.0000350565920392 0.0000347153899606 16085.2822965681552887 5.000000 6.000000 4.000000 4000 4800 3200 1
0.0022385837624988 0.0022069059770489 17.9169687437824905 5.000000 6.000000 4.000000 500 600 400 2
0.0022283901510709 0.0021966336724044 67.2941041179001331 5.000000 6.000000 4.000000 500 1200 800 2
0.0022258370548395 0.0021999280805154 261.1412469130009413 5.000000 6.000000 4.000000 500 2400 1600 2
0.0022251986027783 0.0021957937778870 1016.4533561333082616 5.000000 6.000000 4.000000 500 4800 3200 2
0.0005740111957132 0.0005708741299266 36.1450578193180263 5.000000 6.000000 4.000000 1000 600 400 2
0.0005606091244592 0.0005537357629080 139.8427884839475155 5.000000 6.000000 4.000000 1000 1200 800 2
0.0005572969468487 0.0005512471051963 521.5727241719141603 5.000000 6.000000 4.000000 1000 2400 1600 2
0.0005564714098558 0.0005494678916230 2029.1370835010893643 5.000000 6.000000 4.000000 1000 4800 3200 2
0.0001585255099362 0.0001620258283065 70.8274214421398938 5.000000 6.000000 4.000000 2000 600 400 2
0.0001437545046969 0.0001432829890569 270.6633969591930509 5.000000 6.000000 4.000000 2000 1200 800 2
0.0001402115925704 0.0001389903778871 1039.0149368029087782 5.000000 6.000000 4.000000 2000 2400 1600 2
0.0001393366445731 0.0001376283060823 4047.7290066019631922 5.000000 6.000000 4.000000 2000 4800 3200 2
0.0000561978699418 0.0000636664252391 140.0579429669305682 5.000000 6.000000 4.000000 4000 600 400 2
0.0000396979136248 0.0000407013727610 540.3680912689305842 5.000000 6.000000 4.000000 4000 1200 800 2
0.0000359541686129 0.0000359596823380 2081.0921507007442415 5.000000 6.000000 4.000000 4000 2400 1600 2
0.0000350565920392 0.0000347153899606 8106.2347714318893850 5.000000 6.000000 4.000000 4000 4800 3200 2
0.0022385837624988 0.0022069059770489 9.5228438298217952 5.000000 6.000000 4.000000 500 600 400 4
0.0022283901510709 0.0021966336724044 35.1332692992873490 5.000000 6.000000 4.000000 500 1200 800 4
0.0022258370548395 0.0021999280805154 136.1720303148031235 5.000000 6.000000 4.000000 500 2400 1600 4
0.0022251986027783 0.0021957937778870 524.8435125933028758 5.000000 6.000000 4.000000 500 4800 3200 4
0.0005740111957132 0.0005708741299266 18.4248669808730483 5.000000 6.000000 4.000000 1000 600 400 4
0.0005606091244592 0.0005537357629080 70.7361988304182887 5.000000 6.000000 4.000000 1000 1200 800 4
0.0005572969468487 0.0005512471051963 273.6893070712685585 5.000000 6.000000 4.000000 1000 2400 1600 4
0.0005564714098558 0.0005494678916230 1052.9003638089634478 5.000000 6.000000 4.000000 1000 4800 3200 4
0.0001585255099362 0.0001620258283065 36.9360356018878520 5.000000 6.000000 4.000000 2000 600 400 4
0.0001437545046969 0.0001432829890569 139.8008367260918021 5.000000 6.000000 4.000000 2000 1200 800 4
0.0001402115925704 0.0001389903778871 544.5729502527974546 5.000000 6.000000 4.000000 2000 2400 1600 4
0.0001393366445731 0.0001376283060823 2105.9036134500056505 5.000000 6.000000 4.000000 2000 4800 3200 4
0.0000561978699418 0.0000636664252391 74.1067528720013797 5.000000 6.000000 4.000000 4000 600 400 4
0.0000396979136248 0.0000407013727610 280.9105872157961130 5.000000 6.000000 4.000000 4000 1200 800 4
0.0000359541686129 0.0000359596823380 1084.3512806291691959 5.000000 6.000000 4.000000 4000 2400 1600 4
0.0000350565920392 0.0000347153899606 4211.5985797960311174 5.000000 6.000000 4.000000 4000 4800 3200 4
0.0022385837624988 0.0022069059770489 4.8358689779415727 5.000000 6.000000 4.000000 500 600 400 8
0.0022283901510709 0.0021966336724044 18.4054882889613509 5.000000 6.000000 4.000000 500 1200 800 8
0.0022258370548395 0.0021999280805154 70.2432120949961245 5.000000 6.000000 4.000000 500 2400 1600 8
0.0022251986027782 0.0021957937778870 271.0491841458715498 5.000000 6.000000 4.000000 500 4800 3200 8
0.0005740111957132 0.0005708741299266 14.1394677059724927 5.000000 6.000000 4.000000 1000 600 400 8
0.0005606091244592 0.0005537357629080 37.1299683321267366 5.000000 6.000000 4.000000 1000 1200 800 8
0.0005572969468487 0.0005512471051963 141.0920146582648158 5.000000 6.000000 4.000000 1000 2400 1600 8
0.0005564714098558 0.0005494678916230 845.1980465142987669 5.000000 6.000000 4.000000 1000 4800 3200 8
0.0001585255099362 0.0001620258283065 18.8845247398130596 5.000000 6.000000 4.000000 2000 600 400 8
0.0001437545046969 0.0001432829890569 72.8024825076572597 5.000000 6.000000 4.000000 2000 1200 800 8
0.0001402115925704 0.0001389903778871 278.0235513080842793 5.000000 6.000000 4.000000 2000 2400 1600 8
0.0001393366445731 0.0001376283060823 1090.0472068921662867 5.000000 6.000000 4.000000 2000 4800 3200 8
0.0000561978699418 0.0000636664252391 38.5214506126940250 5.000000 6.000000 4.000000 4000 600 400 8
0.0000396979136248 0.0000407013727610 145.1554065300151706 5.000000 6.000000 4.000000 4000 1200 800 8
0.0000359541686129 0.0000359596823380 561.5095983510836959 5.000000 6.000000 4.000000 4000 2400 1600 8
0.0000350565920392 0.0000347153899606 2180.3531251708045602 5.000000 6.000000 4.000000 4000 4800 3200 8
0.0022385837624988 0.0022069059770489 3.7391961691901088 5.000000 6.000000 4.000000 500 600 400 16
0.0022283901510709 0.0021966336724044 9.2644599508494139 5.000000 6.000000 4.000000 500 1200 800 16
0.0022258370548395 0.0021999280805154 36.2708302866667509 5.000000 6.000000 4.000000 500 2400 1600 16
0.0022251986027783 0.0021957937778870 139.1439692983403802 5.000000 6.000000 4.000000 500 4800 3200 16
0.0005740111957132 0.0005708741299266 4.9060283368453383 5.000000 6.000000 4.000000 1000 600 400 16
0.0005606091244592 0.0005537357629080 18.1213273294270039 5.000000 6.000000 4.000000 1000 1200 800 16
0.0005572969468487 0.0005512471051963 71.6129322829656303 5.000000 6.000000 4.000000 1000 2400 1600 16
0.0005564714098558 0.0005494678916230 429.0070400391705334 5.000000 6.000000 4.000000 1000 4800 3200 16
0.0001585255099362 0.0001620258283065 9.9385119178332388 5.000000 6.000000 4.000000 2000 600 400 16
0.0001437545046969 0.0001432829890569 36.5932925627566874 5.000000 6.000000 4.000000 2000 1200 800 16
0.0001402115925704 0.0001389903778871 142.6661730650812387 5.000000 6.000000 4.000000 2000 2400 1600 16
0.0001393366445731 0.0001376283060823 554.5631461529992521 5.000000 6.000000 4.000000 2000 4800 3200 16
0.0000561978699418 0.0000636664252391 19.3925457438454032 5.000000 6.000000 4.000000 4000 600 400 16
0.0000396979136248 0.0000407013727610 72.9853625721298158 5.000000 6.000000 4.000000 4000 1200 800 16
0.0000359541686129 0.0000359596823380 282.1300832838751376 5.000000 6.000000 4.000000 4000 2400 1600 16
0.0000350565920392 0.0000347153899606 1099.3434245269745588 5.000000 6.000000 4.000000 4000 4800 3200 16
0.0022385837624988 0.0022069059770489 1.7049527796916664 5.000000 6.000000 4.000000 500 600 400 32
0.0022283901510709 0.0021966336724044 5.1571372780017555 5.000000 6.000000 4.000000 500 1200 800 32
0.0022258370548395 0.0021999280805154 30.4117560009472072 5.000000 6.000000 4.000000 500 2400 1600 32
0.0022251986027782 0.0021957937778870 80.0094330077990890 5.000000 6.000000 4.000000 500 4800 3200 32
0.0005740111957132 0.0005708741299266 3.4990596468560398 5.000000 6.000000 4.000000 1000 600 400 32
0.0005606091244592 0.0005537357629080 10.7010373631492257 5.000000 6.000000 4.000000 1000 1200 800 32
0.0005572969468487 0.0005512471051963 39.9446793580427766 5.000000 6.000000 4.000000 1000 2400 1600 32
0.0005564714098558 0.0005494678916230 153.0940092303790152 5.000000 6.000000 4.000000 1000 4800 3200 32
0.0001585255099362 0.0001620258283065 5.4815147691406310 5.000000 6.000000 4.000000 2000 600 400 32
0.0001437545046969 0.0001432829890569 20.0843120962381363 5.000000 6.000000 4.000000 2000 1200 800 32
0.0001402115925704 0.0001389903778871 78.7240571640431881 5.000000 6.000000 4.000000 2000 2400 1600 32
0.0001393366445731 0.0001376283060823 312.9204875258728862 5.000000 6.000000 4.000000 2000 4800 3200 32
0.0000561978699418 0.0000636664252391 15.2395336399786174 5.000000 6.000000 4.000000 4000 600 400 32
0.0000396979136248 0.0000407013727610 41.6776733607985079 5.000000 6.000000 4.000000 4000 1200 800 32
0.0000359541686129 0.0000359596823380 158.8467445760034025 5.000000 6.000000 4.000000 4000 2400 1600 32
0.0000350565920392 0.0000347153899606 612.1242255410179496 5.000000 6.000000 4.000000 4000 4800 3200 32
0.0022385837624988 0.0022069059770489 1.3841202598996460 5.000000 6.000000 4.000000 500 600 400 36
0.0022283901510709 0.0021966336724044 4.9873100467957556 5.000000 6.000000 4.000000 500 1200 800 36
0.0022258370548395 0.0021999280805154 18.2342789382673800 5.000000 6.000000 4.000000 500 2400 1600 36
0.0022251986027782 0.0021957937778870 72.0608412432484329 5.000000 6.000000 4.000000 500 4800 3200 36
0.0005740111957132 0.0005708741299266 2.6489898492582142 5.000000 6.000000 4.000000 1000 600 400 36
0.0005606091244592 0.0005537357629080 9.5128484969027340 5.000000 6.000000 4.000000 1000 1200 800 36
0.0005572969468487 0.0005512471051963 36.3007854083552957 5.000000 6.000000 4.000000 1000 2400 1600 36
0.0005564714098558 0.0005494678916230 143.6059584738686681 5.000000 6.000000 4.000000 1000 4800 3200 36
0.0001585255099362 0.0001620258283065 4.8472186489962041 5.000000 6.000000 4.000000 2000 600 400 36
0.0001437545046969 0.0001432829890569 19.0156197976320982 5.000000 6.000000 4.000000 2000 1200 800 36
0.0001402115925704 0.0001389903778871 71.3773766020312905 5.000000 6.000000 4.000000 2000 2400 1600 36
0.0001393366445731 0.0001376283060823 287.4092838247306645 5.000000 6.000000 4.000000 2000 4800 3200 36
0.0000561978699418 0.0000636664252391 9.7183038671500981 5.000000 6.000000 4.000000 4000 600 400 36
0.0000396979136248 0.0000407013727610 37.7597594261169434 5.000000 6.000000 4.000000 4000 1200 800 36
0.0000359541686129 0.0000359596823380 142.8527438039891422 5.000000 6.000000 4.000000 4000 2400 1600 36
0.0000350565920392 0.0000347153899606 567.7772338879294693 5.000000 6.000000 4.000000 4000 4800 3200 36
