0.0023333895001457 0.0017209309541750 3.4069469090000002 5.000000 6.000000 4.000000 500 600 400 2 6
0.0005830835720801 0.0004299879874825 24.3600204520000005 5.000000 6.000000 4.000000 1000 1200 800 2 6
0.0001457544133720 0.0001074935118341 188.5858318049999980 5.000000 6.000000 4.000000 2000 2400 1600 2 6
0.0000364375726220 0.0000268717374674 1482.4614188979999199 5.000000 6.000000 4.000000 4000 4800 3200 2 6
0.0023333895001457 0.0017209309541750 1.8937530750000000 5.000000 6.000000 4.000000 500 600 400 4 6
0.0005830835720801 0.0004299879874825 12.3997628760000005 5.000000 6.000000 4.000000 1000 1200 800 4 6
0.0001457544133720 0.0001074935118341 90.9647012979999943 5.000000 6.000000 4.000000 2000 2400 1600 4 6
0.0000364375726220 0.0000268717374674 703.4109979600000315 5.000000 6.000000 4.000000 4000 4800 3200 4 6
0.0023333895001457 0.0017209309541750 1.4070844039999999 5.000000 6.000000 4.000000 500 600 400 6 6
0.0005830835720801 0.0004299879874825 8.3948648360000000 5.000000 6.000000 4.000000 1000 1200 800 6 6
0.0001457544133720 0.0001074935118341 61.7093650540000027 5.000000 6.000000 4.000000 2000 2400 1600 6 6
0.0000364375726220 0.0000268717374674 491.4602470440000275 5.000000 6.000000 4.000000 4000 4800 3200 6 6
0.0023333895001457 0.0017209309541750 1.2028818100000001 5.000000 6.000000 4.000000 500 600 400 8 6
0.0005830835720801 0.0004299879874825 6.4839851189999997 5.000000 6.000000 4.000000 1000 1200 800 8 6
0.0001457544133720 0.0001074935118341 48.3979500450000018 5.000000 6.000000 4.000000 2000 2400 1600 8 6
0.0000364375726220 0.0000268717374674 358.1288451789999954 5.000000 6.000000 4.000000 4000 4800 3200 8 6
0.0023333895001457 0.0017209309541750 1.0054237619999999 5.000000 6.000000 4.000000 500 600 400 10 6
0.0005830835720801 0.0004299879874825 5.2846444259999998 5.000000 6.000000 4.000000 1000 1200 800 10 6
0.0001457544133720 0.0001074935118341 40.5605579819999988 5.000000 6.000000 4.000000 2000 2400 1600 10 6
0.0000364375726220 0.0000268717374674 290.1476871230000256 5.000000 6.000000 4.000000 4000 4800 3200 10 6
0.0023333895001457 0.0017209309541750 0.9123207850000000 5.000000 6.000000 4.000000 500 600 400 12 6
0.0005830835720801 0.0004299879874825 4.5796124850000002 5.000000 6.000000 4.000000 1000 1200 800 12 6
0.0001457544133720 0.0001074935118341 31.8766334379999989 5.000000 6.000000 4.000000 2000 2400 1600 12 6
0.0000364375726220 0.0000268717374674 243.1380676139999935 5.000000 6.000000 4.000000 4000 4800 3200 12 6
0.0023333895001457 0.0017209309541750 0.8320603500000000 5.000000 6.000000 4.000000 500 600 400 14 6
0.0005830835720801 0.0004299879874825 3.8977275539999998 5.000000 6.000000 4.000000 1000 1200 800 14 6
0.0001457544133720 0.0001074935118341 27.4574458730000011 5.000000 6.000000 4.000000 2000 2400 1600 14 6
0.0000364375726220 0.0000268717374674 211.0536307760000057 5.000000 6.000000 4.000000 4000 4800 3200 14 6
0.0023333895001457 0.0017209309541750 0.7923459290000000 5.000000 6.000000 4.000000 500 600 400 16 6
0.0005830835720801 0.0004299879874825 3.5990867550000001 5.000000 6.000000 4.000000 1000 1200 800 16 6
0.0001457544133720 0.0001074935118341 24.4688041940000005 5.000000 6.000000 4.000000 2000 2400 1600 16 6
0.0000364375726220 0.0000268717374674 186.6224439149999910 5.000000 6.000000 4.000000 4000 4800 3200 16 6
0.0023333895001457 0.0017209309541750 0.7427298910000000 5.000000 6.000000 4.000000 500 600 400 18 6
0.0005830835720801 0.0004299879874825 3.2268893730000001 5.000000 6.000000 4.000000 1000 1200 800 18 6
0.0001457544133720 0.0001074935118341 21.9944521669999986 5.000000 6.000000 4.000000 2000 2400 1600 18 6
0.0000364375726220 0.0000268717374674 169.5627218550000066 5.000000 6.000000 4.000000 4000 4800 3200 18 6
0.0023333895001457 0.0017209309541750 0.6619911060000000 5.000000 6.000000 4.000000 500 600 400 20 6
0.0005830835720801 0.0004299879874825 3.0234759080000000 5.000000 6.000000 4.000000 1000 1200 800 20 6
0.0001457544133720 0.0001074935118341 20.1428558319999986 5.000000 6.000000 4.000000 2000 2400 1600 20 6
0.0000364375726220 0.0000268717374674 149.5229458580000141 5.000000 6.000000 4.000000 4000 4800 3200 20 6
0.0023333895001457 0.0017209309541750 0.6020971040000000 5.000000 6.000000 4.000000 500 600 400 22 6
0.0005830835720801 0.0004299879874825 2.8763915640000000 5.000000 6.000000 4.000000 1000 1200 800 22 6
0.0001457544133720 0.0001074935118341 18.6123931390000017 5.000000 6.000000 4.000000 2000 2400 1600 22 6
0.0000364375726220 0.0000268717374674 141.7927990009999917 5.000000 6.000000 4.000000 4000 4800 3200 22 6
0.0023333895001457 0.0017209309541750 0.5915124359999999 5.000000 6.000000 4.000000 500 600 400 24 6
0.0005830835720801 0.0004299879874825 2.6654100720000002 5.000000 6.000000 4.000000 1000 1200 800 24 6
0.0001457544133720 0.0001074935118341 17.1007892179999992 5.000000 6.000000 4.000000 2000 2400 1600 24 6
0.0000364375726220 0.0000268717374674 130.9031909299999938 5.000000 6.000000 4.000000 4000 4800 3200 24 6
0.0023333895001457 0.0017209309541750 0.5809741760000000 5.000000 6.000000 4.000000 500 600 400 26 6
0.0005830835720801 0.0004299879874825 2.5319158819999998 5.000000 6.000000 4.000000 1000 1200 800 26 6
0.0001457544133720 0.0001074935118341 17.2014825709999997 5.000000 6.000000 4.000000 2000 2400 1600 26 6
0.0000364375726220 0.0000268717374674 123.3102654550000068 5.000000 6.000000 4.000000 4000 4800 3200 26 6
0.0023333895001457 0.0017209309541750 0.5244464520000000 5.000000 6.000000 4.000000 500 600 400 28 6
0.0005830835720801 0.0004299879874825 2.7157782290000001 5.000000 6.000000 4.000000 1000 1200 800 28 6
0.0001457544133720 0.0001074935118341 17.0961530930000016 5.000000 6.000000 4.000000 2000 2400 1600 28 6
0.0000364375726220 0.0000268717374674 126.6714213359999945 5.000000 6.000000 4.000000 4000 4800 3200 28 6
0.0023333895001457 0.0017209309541750 0.5032798010000000 5.000000 6.000000 4.000000 500 600 400 30 6
0.0005830835720801 0.0004299879874825 2.3936721969999999 5.000000 6.000000 4.000000 1000 1200 800 30 6
0.0001457544133720 0.0001074935118341 15.8807125619999994 5.000000 6.000000 4.000000 2000 2400 1600 30 6
0.0000364375726220 0.0000268717374674 117.3910987099999943 5.000000 6.000000 4.000000 4000 4800 3200 30 6
0.0023333895001457 0.0017209309541750 0.4779942900000000 5.000000 6.000000 4.000000 500 600 400 32 6
0.0005830835720801 0.0004299879874825 2.2281052589999999 5.000000 6.000000 4.000000 1000 1200 800 32 6
0.0001457544133720 0.0001074935118341 14.9170380989999991 5.000000 6.000000 4.000000 2000 2400 1600 32 6
0.0000364375726220 0.0000268717374674 110.5722618780000062 5.000000 6.000000 4.000000 4000 4800 3200 32 6
0.0023333895001457 0.0017209309541750 0.4367903040000000 5.000000 6.000000 4.000000 500 600 400 34 6
0.0005830835720801 0.0004299879874825 2.1576083389999998 5.000000 6.000000 4.000000 1000 1200 800 34 6
0.0001457544133720 0.0001074935118341 14.6425585199999997 5.000000 6.000000 4.000000 2000 2400 1600 34 6
0.0000364375726220 0.0000268717374674 111.6961196259999980 5.000000 6.000000 4.000000 4000 4800 3200 34 6
0.0023333895001457 0.0017209309541750 0.7812990360000001 5.000000 6.000000 4.000000 500 600 400 36 6
0.0005830835720801 0.0004299879874825 3.0912688570000002 5.000000 6.000000 4.000000 1000 1200 800 36 6
0.0001457544133720 0.0001074935118341 15.2602892650000008 5.000000 6.000000 4.000000 2000 2400 1600 36 6
0.0000364375726220 0.0000268717374674 124.1278739920000049 5.000000 6.000000 4.000000 4000 4800 3200 36 6
