0.0023333895001457 0.0017209309541750 3.3721243539999999 5.000000 6.000000 4.000000 500 600 400 2 6
0.0005830835720801 0.0004299879874825 23.0646870110000002 5.000000 6.000000 4.000000 1000 1200 800 2 6
0.0001457544133720 0.0001074935118341 180.1769102609999891 5.000000 6.000000 4.000000 2000 2400 1600 2 6
0.0000364375726220 0.0000268717374674 1449.3368947300000400 5.000000 6.000000 4.000000 4000 4800 3200 2 6
0.0023333895001457 0.0017209309541750 1.8702248130000001 5.000000 6.000000 4.000000 500 600 400 4 6
0.0005830835720801 0.0004299879874825 11.9896377219999994 5.000000 6.000000 4.000000 1000 1200 800 4 6
0.0001457544133720 0.0001074935118341 91.5164655840000023 5.000000 6.000000 4.000000 2000 2400 1600 4 6
0.0000364375726220 0.0000268717374674 723.9694792689999758 5.000000 6.000000 4.000000 4000 4800 3200 4 6
0.0023333895001457 0.0017209309541750 1.4032574750000000 5.000000 6.000000 4.000000 500 600 400 6 6
0.0005830835720801 0.0004299879874825 8.3214455120000004 5.000000 6.000000 4.000000 1000 1200 800 6 6
0.0001457544133720 0.0001074935118341 61.2888480129999991 5.000000 6.000000 4.000000 2000 2400 1600 6 6
0.0000364375726220 0.0000268717374674 515.1594555630000514 5.000000 6.000000 4.000000 4000 4800 3200 6 6
0.0023333895001457 0.0017209309541750 1.1834149850000000 5.000000 6.000000 4.000000 500 600 400 8 6
0.0005830835720801 0.0004299879874825 6.4862224099999999 5.000000 6.000000 4.000000 1000 1200 800 8 6
0.0001457544133720 0.0001074935118341 46.4804659380000018 5.000000 6.000000 4.000000 2000 2400 1600 8 6
0.0000364375726220 0.0000268717374674 367.0098801400000070 5.000000 6.000000 4.000000 4000 4800 3200 8 6
0.0023333895001457 0.0017209309541750 1.0338711899999999 5.000000 6.000000 4.000000 500 600 400 10 6
0.0005830835720801 0.0004299879874825 5.5344084440000003 5.000000 6.000000 4.000000 1000 1200 800 10 6
0.0001457544133720 0.0001074935118341 37.7596303480000017 5.000000 6.000000 4.000000 2000 2400 1600 10 6
0.0000364375726220 0.0000268717374674 288.8009141360000172 5.000000 6.000000 4.000000 4000 4800 3200 10 6
0.0023333895001457 0.0017209309541750 0.8921432610000000 5.000000 6.000000 4.000000 500 600 400 12 6
0.0005830835720801 0.0004299879874825 4.8268772850000001 5.000000 6.000000 4.000000 1000 1200 800 12 6
0.0001457544133720 0.0001074935118341 32.3913581699999966 5.000000 6.000000 4.000000 2000 2400 1600 12 6
0.0000364375726220 0.0000268717374674 240.7742529459999901 5.000000 6.000000 4.000000 4000 4800 3200 12 6
0.0023333895001457 0.0017209309541750 0.8466481360000000 5.000000 6.000000 4.000000 500 600 400 14 6
0.0005830835720801 0.0004299879874825 4.0172662770000001 5.000000 6.000000 4.000000 1000 1200 800 14 6
0.0001457544133720 0.0001074935118341 27.1077523440000014 5.000000 6.000000 4.000000 2000 2400 1600 14 6
0.0000364375726220 0.0000268717374674 220.7080867889999922 5.000000 6.000000 4.000000 4000 4800 3200 14 6
0.0023333895001457 0.0017209309541750 0.7841638370000000 5.000000 6.000000 4.000000 500 600 400 16 6
0.0005830835720801 0.0004299879874825 3.6525243189999999 5.000000 6.000000 4.000000 1000 1200 800 16 6
0.0001457544133720 0.0001074935118341 24.2490780060000013 5.000000 6.000000 4.000000 2000 2400 1600 16 6
0.0000364375726220 0.0000268717374674 188.5363787830000035 5.000000 6.000000 4.000000 4000 4800 3200 16 6
0.0023333895001457 0.0017209309541750 0.7228969940000001 5.000000 6.000000 4.000000 500 600 400 18 6
0.0005830835720801 0.0004299879874825 3.2263736120000002 5.000000 6.000000 4.000000 1000 1200 800 18 6
0.0001457544133720 0.0001074935118341 21.5850431819999997 5.000000 6.000000 4.000000 2000 2400 1600 18 6
0.0000364375726220 0.0000268717374674 163.4717859390000001 5.000000 6.000000 4.000000 4000 4800 3200 18 6
0.0023333895001457 0.0017209309541750 0.6637878710000000 5.000000 6.000000 4.000000 500 600 400 20 6
0.0005830835720801 0.0004299879874825 3.0297257960000001 5.000000 6.000000 4.000000 1000 1200 800 20 6
0.0001457544133720 0.0001074935118341 20.3259070989999984 5.000000 6.000000 4.000000 2000 2400 1600 20 6
0.0000364375726220 0.0000268717374674 151.8996227369999872 5.000000 6.000000 4.000000 4000 4800 3200 20 6
0.0023333895001457 0.0017209309541750 0.5982468980000000 5.000000 6.000000 4.000000 500 600 400 22 6
0.0005830835720801 0.0004299879874825 2.8129137680000000 5.000000 6.000000 4.000000 1000 1200 800 22 6
0.0001457544133720 0.0001074935118341 18.5644056010000007 5.000000 6.000000 4.000000 2000 2400 1600 22 6
0.0000364375726220 0.0000268717374674 141.8930641279999918 5.000000 6.000000 4.000000 4000 4800 3200 22 6
0.0023333895001457 0.0017209309541750 0.5913210689999999 5.000000 6.000000 4.000000 500 600 400 24 6
0.0005830835720801 0.0004299879874825 2.6629343749999999 5.000000 6.000000 4.000000 1000 1200 800 24 6
0.0001457544133720 0.0001074935118341 17.2160723990000015 5.000000 6.000000 4.000000 2000 2400 1600 24 6
0.0000364375726220 0.0000268717374674 131.0613039870000023 5.000000 6.000000 4.000000 4000 4800 3200 24 6
0.0023333895001457 0.0017209309541750 0.5858105000000000 5.000000 6.000000 4.000000 500 600 400 26 6
0.0005830835720801 0.0004299879874825 2.5240166159999999 5.000000 6.000000 4.000000 1000 1200 800 26 6
0.0001457544133720 0.0001074935118341 16.7082354960000004 5.000000 6.000000 4.000000 2000 2400 1600 26 6
0.0000364375726220 0.0000268717374674 123.1887045520000044 5.000000 6.000000 4.000000 4000 4800 3200 26 6
0.0023333895001457 0.0017209309541750 0.7386356380000000 5.000000 6.000000 4.000000 500 600 400 28 6
0.0005830835720801 0.0004299879874825 2.5295350150000000 5.000000 6.000000 4.000000 1000 1200 800 28 6
0.0001457544133720 0.0001074935118341 17.1416613389999988 5.000000 6.000000 4.000000 2000 2400 1600 28 6
0.0000364375726220 0.0000268717374674 125.9692923879999995 5.000000 6.000000 4.000000 4000 4800 3200 28 6
0.0023333895001457 0.0017209309541750 0.5462819030000000 5.000000 6.000000 4.000000 500 600 400 30 6
0.0005830835720801 0.0004299879874825 2.3139779709999999 5.000000 6.000000 4.000000 1000 1200 800 30 6
0.0001457544133720 0.0001074935118341 15.7977333689999995 5.000000 6.000000 4.000000 2000 2400 1600 30 6
0.0000364375726220 0.0000268717374674 118.4153464500000013 5.000000 6.000000 4.000000 4000 4800 3200 30 6
0.0023333895001457 0.0017209309541750 0.4839641130000000 5.000000 6.000000 4.000000 500 600 400 32 6
0.0005830835720801 0.0004299879874825 2.5120116509999999 5.000000 6.000000 4.000000 1000 1200 800 32 6
0.0001457544133720 0.0001074935118341 15.1575837890000003 5.000000 6.000000 4.000000 2000 2400 1600 32 6
0.0000364375726220 0.0000268717374674 112.5766170920000064 5.000000 6.000000 4.000000 4000 4800 3200 32 6
0.0023333895001457 0.0017209309541750 0.4312562030000000 5.000000 6.000000 4.000000 500 600 400 34 6
0.0005830835720801 0.0004299879874825 2.5411046260000001 5.000000 6.000000 4.000000 1000 1200 800 34 6
0.0001457544133720 0.0001074935118341 13.7142743239999998 5.000000 6.000000 4.000000 2000 2400 1600 34 6
0.0000364375726220 0.0000268717374674 105.7114243019999975 5.000000 6.000000 4.000000 4000 4800 3200 34 6
0.0023333895001457 0.0017209309541750 0.6612044240000000 5.000000 6.000000 4.000000 500 600 400 36 6
0.0005830835720801 0.0004299879874825 2.3047380170000000 5.000000 6.000000 4.000000 1000 1200 800 36 6
0.0001457544133720 0.0001074935118341 16.5119580960000008 5.000000 6.000000 4.000000 2000 2400 1600 36 6
0.0000364375726220 0.0000268717374674 125.6915635339999966 5.000000 6.000000 4.000000 4000 4800 3200 36 6
