0.0023333895001457 0.0017209309541750 3.4092525990000002 5.000000 6.000000 4.000000 500 600 400 1 12
0.0005830835720801 0.0004299879874825 23.7065027450000017 5.000000 6.000000 4.000000 1000 1200 800 1 12
0.0001457544133720 0.0001074935118341 185.9406670280000071 5.000000 6.000000 4.000000 2000 2400 1600 1 12
0.0000364375726220 0.0000268717374674 1431.2665817520000928 5.000000 6.000000 4.000000 4000 4800 3200 1 12
0.0023333895001457 0.0017209309541750 1.9108024160000001 5.000000 6.000000 4.000000 500 600 400 2 12
0.0005830835720801 0.0004299879874825 12.3824165320000006 5.000000 6.000000 4.000000 1000 1200 800 2 12
0.0001457544133720 0.0001074935118341 92.0202454509999939 5.000000 6.000000 4.000000 2000 2400 1600 2 12
0.0000364375726220 0.0000268717374674 746.2978900470000099 5.000000 6.000000 4.000000 4000 4800 3200 2 12
0.0023333895001457 0.0017209309541750 1.4526386150000001 5.000000 6.000000 4.000000 500 600 400 3 12
0.0005830835720801 0.0004299879874825 11.1066327020000006 5.000000 6.000000 4.000000 1000 1200 800 3 12
0.0001457544133720 0.0001074935118341 61.8731144899999990 5.000000 6.000000 4.000000 2000 2400 1600 3 12
0.0000364375726220 0.0000268717374674 475.1449789740000256 5.000000 6.000000 4.000000 4000 4800 3200 3 12
0.0023333895001457 0.0017209309541750 1.1640096799999999 5.000000 6.000000 4.000000 500 600 400 4 12
0.0005830835720801 0.0004299879874825 6.5963502119999999 5.000000 6.000000 4.000000 1000 1200 800 4 12
0.0001457544133720 0.0001074935118341 47.0559651310000007 5.000000 6.000000 4.000000 2000 2400 1600 4 12
0.0000364375726220 0.0000268717374674 360.2241537510000171 5.000000 6.000000 4.000000 4000 4800 3200 4 12
0.0023333895001457 0.0017209309541750 1.0233610010000000 5.000000 6.000000 4.000000 500 600 400 5 12
0.0005830835720801 0.0004299879874825 5.2502992680000000 5.000000 6.000000 4.000000 1000 1200 800 5 12
0.0001457544133720 0.0001074935118341 40.6214781640000027 5.000000 6.000000 4.000000 2000 2400 1600 5 12
0.0000364375726220 0.0000268717374674 290.9649182059999930 5.000000 6.000000 4.000000 4000 4800 3200 5 12
0.0023333895001457 0.0017209309541750 0.9187818550000000 5.000000 6.000000 4.000000 500 600 400 6 12
0.0005830835720801 0.0004299879874825 4.7001931340000001 5.000000 6.000000 4.000000 1000 1200 800 6 12
0.0001457544133720 0.0001074935118341 34.2646935839999998 5.000000 6.000000 4.000000 2000 2400 1600 6 12
0.0000364375726220 0.0000268717374674 250.8007529589999933 5.000000 6.000000 4.000000 4000 4800 3200 6 12
0.0023333895001457 0.0017209309541750 0.8307361020000000 5.000000 6.000000 4.000000 500 600 400 7 12
0.0005830835720801 0.0004299879874825 4.1801270080000004 5.000000 6.000000 4.000000 1000 1200 800 7 12
0.0001457544133720 0.0001074935118341 27.7598233430000008 5.000000 6.000000 4.000000 2000 2400 1600 7 12
0.0000364375726220 0.0000268717374674 208.0240083580000032 5.000000 6.000000 4.000000 4000 4800 3200 7 12
0.0023333895001457 0.0017209309541750 0.7460458110000000 5.000000 6.000000 4.000000 500 600 400 8 12
0.0005830835720801 0.0004299879874825 3.5552709610000002 5.000000 6.000000 4.000000 1000 1200 800 8 12
0.0001457544133720 0.0001074935118341 24.2440045389999987 5.000000 6.000000 4.000000 2000 2400 1600 8 12
0.0000364375726220 0.0000268717374674 183.5052135519999865 5.000000 6.000000 4.000000 4000 4800 3200 8 12
0.0023333895001457 0.0017209309541750 0.7071111340000000 5.000000 6.000000 4.000000 500 600 400 9 12
0.0005830835720801 0.0004299879874825 3.3065149489999999 5.000000 6.000000 4.000000 1000 1200 800 9 12
0.0001457544133720 0.0001074935118341 23.3234936789999985 5.000000 6.000000 4.000000 2000 2400 1600 9 12
0.0000364375726220 0.0000268717374674 163.8542596480000100 5.000000 6.000000 4.000000 4000 4800 3200 9 12
0.0023333895001457 0.0017209309541750 0.6194594080000000 5.000000 6.000000 4.000000 500 600 400 10 12
0.0005830835720801 0.0004299879874825 3.0169686570000001 5.000000 6.000000 4.000000 1000 1200 800 10 12
0.0001457544133720 0.0001074935118341 19.7245118210000001 5.000000 6.000000 4.000000 2000 2400 1600 10 12
0.0000364375726220 0.0000268717374674 150.4788912470000071 5.000000 6.000000 4.000000 4000 4800 3200 10 12
0.0023333895001457 0.0017209309541750 0.6466817210000000 5.000000 6.000000 4.000000 500 600 400 11 12
0.0005830835720801 0.0004299879874825 2.8861834940000000 5.000000 6.000000 4.000000 1000 1200 800 11 12
0.0001457544133720 0.0001074935118341 18.6315152009999991 5.000000 6.000000 4.000000 2000 2400 1600 11 12
0.0000364375726220 0.0000268717374674 139.0841607319999866 5.000000 6.000000 4.000000 4000 4800 3200 11 12
0.0023333895001457 0.0017209309541750 0.5717688230000000 5.000000 6.000000 4.000000 500 600 400 12 12
0.0005830835720801 0.0004299879874825 2.6604812020000002 5.000000 6.000000 4.000000 1000 1200 800 12 12
0.0001457544133720 0.0001074935118341 17.8882954349999999 5.000000 6.000000 4.000000 2000 2400 1600 12 12
0.0000364375726220 0.0000268717374674 129.6915206280000064 5.000000 6.000000 4.000000 4000 4800 3200 12 12
0.0023333895001457 0.0017209309541750 0.5209121720000001 5.000000 6.000000 4.000000 500 600 400 13 12
0.0005830835720801 0.0004299879874825 2.5270383939999999 5.000000 6.000000 4.000000 1000 1200 800 13 12
0.0001457544133720 0.0001074935118341 16.7529017130000000 5.000000 6.000000 4.000000 2000 2400 1600 13 12
0.0000364375726220 0.0000268717374674 120.7726173939999939 5.000000 6.000000 4.000000 4000 4800 3200 13 12
0.0023333895001457 0.0017209309541750 0.5152640530000000 5.000000 6.000000 4.000000 500 600 400 14 12
0.0005830835720801 0.0004299879874825 2.3646797369999999 5.000000 6.000000 4.000000 1000 1200 800 14 12
0.0001457544133720 0.0001074935118341 15.5036950149999999 5.000000 6.000000 4.000000 2000 2400 1600 14 12
0.0000364375726220 0.0000268717374674 150.4176570170000105 5.000000 6.000000 4.000000 4000 4800 3200 14 12
0.0023333895001457 0.0017209309541750 0.4641866060000000 5.000000 6.000000 4.000000 500 600 400 15 12
0.0005830835720801 0.0004299879874825 2.3033419240000002 5.000000 6.000000 4.000000 1000 1200 800 15 12
0.0001457544133720 0.0001074935118341 14.7057367550000002 5.000000 6.000000 4.000000 2000 2400 1600 15 12
0.0000364375726220 0.0000268717374674 108.9394493700000055 5.000000 6.000000 4.000000 4000 4800 3200 15 12
0.0023333895001457 0.0017209309541750 0.4538790080000000 5.000000 6.000000 4.000000 500 600 400 16 12
0.0005830835720801 0.0004299879874825 2.1784638279999999 5.000000 6.000000 4.000000 1000 1200 800 16 12
0.0001457544133720 0.0001074935118341 13.3221127240000001 5.000000 6.000000 4.000000 2000 2400 1600 16 12
0.0000364375726220 0.0000268717374674 99.4344596749999994 5.000000 6.000000 4.000000 4000 4800 3200 16 12
0.0023333895001457 0.0017209309541750 0.4098883400000000 5.000000 6.000000 4.000000 500 600 400 17 12
0.0005830835720801 0.0004299879874825 1.9879116729999999 5.000000 6.000000 4.000000 1000 1200 800 17 12
0.0001457544133720 0.0001074935118341 12.8940637989999995 5.000000 6.000000 4.000000 2000 2400 1600 17 12
0.0000364375726220 0.0000268717374674 97.1751637630000005 5.000000 6.000000 4.000000 4000 4800 3200 17 12
0.0023333895001457 0.0017209309541750 0.3988441320000000 5.000000 6.000000 4.000000 500 600 400 18 12
0.0005830835720801 0.0004299879874825 3.3462777510000001 5.000000 6.000000 4.000000 1000 1200 800 18 12
0.0001457544133720 0.0001074935118341 17.1050083069999985 5.000000 6.000000 4.000000 2000 2400 1600 18 12
0.0000364375726220 0.0000268717374674 130.4466698440000130 5.000000 6.000000 4.000000 4000 4800 3200 18 12
