0.0023333895001457 0.0017209309541750 3.3443956180000001 5.000000 6.000000 4.000000 500 600 400 1 12
0.0005830835720801 0.0004299879874825 25.8809735540000005 5.000000 6.000000 4.000000 1000 1200 800 1 12
0.0001457544133720 0.0001074935118341 182.9944487600000116 5.000000 6.000000 4.000000 2000 2400 1600 1 12
0.0000364375726220 0.0000268717374674 1380.7300890389999495 5.000000 6.000000 4.000000 4000 4800 3200 1 12
0.0023333895001457 0.0017209309541750 2.7319994850000002 5.000000 6.000000 4.000000 500 600 400 2 12
0.0005830835720801 0.0004299879874825 12.1876283080000007 5.000000 6.000000 4.000000 1000 1200 800 2 12
0.0001457544133720 0.0001074935118341 91.4372682350000048 5.000000 6.000000 4.000000 2000 2400 1600 2 12
0.0000364375726220 0.0000268717374674 804.7578972840000233 5.000000 6.000000 4.000000 4000 4800 3200 2 12
0.0023333895001457 0.0017209309541750 2.5136026149999999 5.000000 6.000000 4.000000 500 600 400 3 12
0.0005830835720801 0.0004299879874825 8.4156846660000006 5.000000 6.000000 4.000000 1000 1200 800 3 12
0.0001457544133720 0.0001074935118341 67.2953231900000048 5.000000 6.000000 4.000000 2000 2400 1600 3 12
0.0000364375726220 0.0000268717374674 497.0543532400000117 5.000000 6.000000 4.000000 4000 4800 3200 3 12
0.0023333895001457 0.0017209309541750 2.5071279359999998 5.000000 6.000000 4.000000 500 600 400 4 12
0.0005830835720801 0.0004299879874825 6.2315762709999998 5.000000 6.000000 4.000000 1000 1200 800 4 12
0.0001457544133720 0.0001074935118341 50.1682118789999976 5.000000 6.000000 4.000000 2000 2400 1600 4 12
0.0000364375726220 0.0000268717374674 363.4270471830000133 5.000000 6.000000 4.000000 4000 4800 3200 4 12
0.0023333895001457 0.0017209309541750 0.9536556350000001 5.000000 6.000000 4.000000 500 600 400 5 12
0.0005830835720801 0.0004299879874825 7.0102263770000004 5.000000 6.000000 4.000000 1000 1200 800 5 12
0.0001457544133720 0.0001074935118341 45.7825129040000007 5.000000 6.000000 4.000000 2000 2400 1600 5 12
0.0000364375726220 0.0000268717374674 286.5516684169999735 5.000000 6.000000 4.000000 4000 4800 3200 5 12
0.0023333895001457 0.0017209309541750 0.8588356189999999 5.000000 6.000000 4.000000 500 600 400 6 12
0.0005830835720801 0.0004299879874825 4.4303827089999999 5.000000 6.000000 4.000000 1000 1200 800 6 12
0.0001457544133720 0.0001074935118341 32.1436045550000031 5.000000 6.000000 4.000000 2000 2400 1600 6 12
0.0000364375726220 0.0000268717374674 253.9087321629999963 5.000000 6.000000 4.000000 4000 4800 3200 6 12
0.0023333895001457 0.0017209309541750 0.7839435210000000 5.000000 6.000000 4.000000 500 600 400 7 12
0.0005830835720801 0.0004299879874825 3.8437926280000001 5.000000 6.000000 4.000000 1000 1200 800 7 12
0.0001457544133720 0.0001074935118341 29.3027841060000007 5.000000 6.000000 4.000000 2000 2400 1600 7 12
0.0000364375726220 0.0000268717374674 208.3464099980000128 5.000000 6.000000 4.000000 4000 4800 3200 7 12
0.0023333895001457 0.0017209309541750 0.6903702360000000 5.000000 6.000000 4.000000 500 600 400 8 12
0.0005830835720801 0.0004299879874825 3.4258976180000000 5.000000 6.000000 4.000000 1000 1200 800 8 12
0.0001457544133720 0.0001074935118341 23.6992571480000009 5.000000 6.000000 4.000000 2000 2400 1600 8 12
0.0000364375726220 0.0000268717374674 183.5815064960000029 5.000000 6.000000 4.000000 4000 4800 3200 8 12
0.0023333895001457 0.0017209309541750 0.6340824389999999 5.000000 6.000000 4.000000 500 600 400 9 12
0.0005830835720801 0.0004299879874825 3.2040550919999999 5.000000 6.000000 4.000000 1000 1200 800 9 12
0.0001457544133720 0.0001074935118341 21.9381336709999992 5.000000 6.000000 4.000000 2000 2400 1600 9 12
0.0000364375726220 0.0000268717374674 168.0345483909999871 5.000000 6.000000 4.000000 4000 4800 3200 9 12
0.0023333895001457 0.0017209309541750 0.5591798240000000 5.000000 6.000000 4.000000 500 600 400 10 12
0.0005830835720801 0.0004299879874825 2.8684758270000001 5.000000 6.000000 4.000000 1000 1200 800 10 12
0.0001457544133720 0.0001074935118341 20.3254999380000001 5.000000 6.000000 4.000000 2000 2400 1600 10 12
0.0000364375726220 0.0000268717374674 150.3360410530000024 5.000000 6.000000 4.000000 4000 4800 3200 10 12
0.0023333895001457 0.0017209309541750 0.5380049050000000 5.000000 6.000000 4.000000 500 600 400 11 12
0.0005830835720801 0.0004299879874825 2.7618249929999998 5.000000 6.000000 4.000000 1000 1200 800 11 12
0.0001457544133720 0.0001074935118341 18.5047581239999985 5.000000 6.000000 4.000000 2000 2400 1600 11 12
0.0000364375726220 0.0000268717374674 138.0301411430000087 5.000000 6.000000 4.000000 4000 4800 3200 11 12
0.0023333895001457 0.0017209309541750 0.5096874390000000 5.000000 6.000000 4.000000 500 600 400 12 12
0.0005830835720801 0.0004299879874825 2.5184636249999999 5.000000 6.000000 4.000000 1000 1200 800 12 12
0.0001457544133720 0.0001074935118341 22.1198366309999983 5.000000 6.000000 4.000000 2000 2400 1600 12 12
0.0000364375726220 0.0000268717374674 130.5412239160000070 5.000000 6.000000 4.000000 4000 4800 3200 12 12
0.0023333895001457 0.0017209309541750 2.5172190159999999 5.000000 6.000000 4.000000 500 600 400 13 12
0.0005830835720801 0.0004299879874825 2.4190933000000001 5.000000 6.000000 4.000000 1000 1200 800 13 12
0.0001457544133720 0.0001074935118341 20.0604908080000008 5.000000 6.000000 4.000000 2000 2400 1600 13 12
0.0000364375726220 0.0000268717374674 128.5551287129999878 5.000000 6.000000 4.000000 4000 4800 3200 13 12
0.0023333895001457 0.0017209309541750 2.4786990009999998 5.000000 6.000000 4.000000 500 600 400 14 12
0.0005830835720801 0.0004299879874825 2.3686830140000001 5.000000 6.000000 4.000000 1000 1200 800 14 12
0.0001457544133720 0.0001074935118341 14.8707738979999995 5.000000 6.000000 4.000000 2000 2400 1600 14 12
0.0000364375726220 0.0000268717374674 114.2394034330000068 5.000000 6.000000 4.000000 4000 4800 3200 14 12
0.0023333895001457 0.0017209309541750 0.4159856240000001 5.000000 6.000000 4.000000 500 600 400 15 12
0.0005830835720801 0.0004299879874825 2.1584305160000001 5.000000 6.000000 4.000000 1000 1200 800 15 12
0.0001457544133720 0.0001074935118341 13.9219296860000004 5.000000 6.000000 4.000000 2000 2400 1600 15 12
0.0000364375726220 0.0000268717374674 112.8725210979999929 5.000000 6.000000 4.000000 4000 4800 3200 15 12
0.0023333895001457 0.0017209309541750 0.4146450120000000 5.000000 6.000000 4.000000 500 600 400 16 12
0.0005830835720801 0.0004299879874825 2.0862777879999999 5.000000 6.000000 4.000000 1000 1200 800 16 12
0.0001457544133720 0.0001074935118341 13.3658746900000001 5.000000 6.000000 4.000000 2000 2400 1600 16 12
0.0000364375726220 0.0000268717374674 100.5877617560000061 5.000000 6.000000 4.000000 4000 4800 3200 16 12
0.0023333895001457 0.0017209309541750 0.3665801050000000 5.000000 6.000000 4.000000 500 600 400 17 12
0.0005830835720801 0.0004299879874825 2.0113004029999999 5.000000 6.000000 4.000000 1000 1200 800 17 12
0.0001457544133720 0.0001074935118341 13.0995511879999995 5.000000 6.000000 4.000000 2000 2400 1600 17 12
0.0000364375726220 0.0000268717374674 98.3753897640000048 5.000000 6.000000 4.000000 4000 4800 3200 17 12
0.0023333895001457 0.0017209309541750 0.5810580930000000 5.000000 6.000000 4.000000 500 600 400 18 12
0.0005830835720801 0.0004299879874825 3.0511586180000001 5.000000 6.000000 4.000000 1000 1200 800 18 12
0.0001457544133720 0.0001074935118341 18.0564794999999982 5.000000 6.000000 4.000000 2000 2400 1600 18 12
0.0000364375726220 0.0000268717374674 141.2636953699999935 5.000000 6.000000 4.000000 4000 4800 3200 18 12
