0.0023333895001457 0.0017209309541750 3.3262430759999999 5.000000 6.000000 4.000000 500 600 400 2 6
0.0005830835720801 0.0004299879874825 23.9833029099999990 5.000000 6.000000 4.000000 1000 1200 800 2 6
0.0001457544133720 0.0001074935118341 179.1465002269999900 5.000000 6.000000 4.000000 2000 2400 1600 2 6
0.0000364375726220 0.0000268717374674 1461.2930798709999181 5.000000 6.000000 4.000000 4000 4800 3200 2 6
0.0023333895001457 0.0017209309541750 1.8764539020000000 5.000000 6.000000 4.000000 500 600 400 4 6
0.0005830835720801 0.0004299879874825 12.4491316520000002 5.000000 6.000000 4.000000 1000 1200 800 4 6
0.0001457544133720 0.0001074935118341 91.5478617069999956 5.000000 6.000000 4.000000 2000 2400 1600 4 6
0.0000364375726220 0.0000268717374674 749.5027634970000463 5.000000 6.000000 4.000000 4000 4800 3200 4 6
0.0023333895001457 0.0017209309541750 1.4045510569999999 5.000000 6.000000 4.000000 500 600 400 6 6
0.0005830835720801 0.0004299879874825 8.4402611269999994 5.000000 6.000000 4.000000 1000 1200 800 6 6
0.0001457544133720 0.0001074935118341 64.2176580379999962 5.000000 6.000000 4.000000 2000 2400 1600 6 6
0.0000364375726220 0.0000268717374674 486.4135824049999997 5.000000 6.000000 4.000000 4000 4800 3200 6 6
0.0023333895001457 0.0017209309541750 1.1696239920000000 5.000000 6.000000 4.000000 500 600 400 8 6
0.0005830835720801 0.0004299879874825 6.5953114959999999 5.000000 6.000000 4.000000 1000 1200 800 8 6
0.0001457544133720 0.0001074935118341 46.8717636439999978 5.000000 6.000000 4.000000 2000 2400 1600 8 6
0.0000364375726220 0.0000268717374674 363.6103495890000090 5.000000 6.000000 4.000000 4000 4800 3200 8 6
0.0023333895001457 0.0017209309541750 1.0137861290000001 5.000000 6.000000 4.000000 500 600 400 10 6
0.0005830835720801 0.0004299879874825 5.4004892509999998 5.000000 6.000000 4.000000 1000 1200 800 10 6
0.0001457544133720 0.0001074935118341 37.8213337500000009 5.000000 6.000000 4.000000 2000 2400 1600 10 6
0.0000364375726220 0.0000268717374674 290.8797303690000149 5.000000 6.000000 4.000000 4000 4800 3200 10 6
0.0023333895001457 0.0017209309541750 0.8945669070000000 5.000000 6.000000 4.000000 500 600 400 12 6
0.0005830835720801 0.0004299879874825 4.6653689189999996 5.000000 6.000000 4.000000 1000 1200 800 12 6
0.0001457544133720 0.0001074935118341 31.6516587879999989 5.000000 6.000000 4.000000 2000 2400 1600 12 6
0.0000364375726220 0.0000268717374674 244.5370845930000030 5.000000 6.000000 4.000000 4000 4800 3200 12 6
0.0023333895001457 0.0017209309541750 0.8404905050000000 5.000000 6.000000 4.000000 500 600 400 14 6
0.0005830835720801 0.0004299879874825 3.9416889170000000 5.000000 6.000000 4.000000 1000 1200 800 14 6
0.0001457544133720 0.0001074935118341 27.6437161549999999 5.000000 6.000000 4.000000 2000 2400 1600 14 6
0.0000364375726220 0.0000268717374674 207.6450332779999997 5.000000 6.000000 4.000000 4000 4800 3200 14 6
0.0023333895001457 0.0017209309541750 0.7894184840000000 5.000000 6.000000 4.000000 500 600 400 16 6
0.0005830835720801 0.0004299879874825 3.5478893620000003 5.000000 6.000000 4.000000 1000 1200 800 16 6
0.0001457544133720 0.0001074935118341 24.2725691740000009 5.000000 6.000000 4.000000 2000 2400 1600 16 6
0.0000364375726220 0.0000268717374674 182.3795523400000036 5.000000 6.000000 4.000000 4000 4800 3200 16 6
0.0023333895001457 0.0017209309541750 0.7077452650000000 5.000000 6.000000 4.000000 500 600 400 18 6
0.0005830835720801 0.0004299879874825 3.2680700809999998 5.000000 6.000000 4.000000 1000 1200 800 18 6
0.0001457544133720 0.0001074935118341 21.8689899409999988 5.000000 6.000000 4.000000 2000 2400 1600 18 6
0.0000364375726220 0.0000268717374674 164.1941785340000024 5.000000 6.000000 4.000000 4000 4800 3200 18 6
0.0023333895001457 0.0017209309541750 0.6532844130000000 5.000000 6.000000 4.000000 500 600 400 20 6
0.0005830835720801 0.0004299879874825 3.0220480260000002 5.000000 6.000000 4.000000 1000 1200 800 20 6
0.0001457544133720 0.0001074935118341 19.8911932190000016 5.000000 6.000000 4.000000 2000 2400 1600 20 6
0.0000364375726220 0.0000268717374674 147.1800906750000024 5.000000 6.000000 4.000000 4000 4800 3200 20 6
0.0023333895001457 0.0017209309541750 0.6119089740000000 5.000000 6.000000 4.000000 500 600 400 22 6
0.0005830835720801 0.0004299879874825 2.8254041879999998 5.000000 6.000000 4.000000 1000 1200 800 22 6
0.0001457544133720 0.0001074935118341 18.5200333380000011 5.000000 6.000000 4.000000 2000 2400 1600 22 6
0.0000364375726220 0.0000268717374674 141.8837049180000065 5.000000 6.000000 4.000000 4000 4800 3200 22 6
0.0023333895001457 0.0017209309541750 0.5975503080000000 5.000000 6.000000 4.000000 500 600 400 24 6
0.0005830835720801 0.0004299879874825 2.6467204750000000 5.000000 6.000000 4.000000 1000 1200 800 24 6
0.0001457544133720 0.0001074935118341 17.0964492069999991 5.000000 6.000000 4.000000 2000 2400 1600 24 6
0.0000364375726220 0.0000268717374674 133.3056232840000064 5.000000 6.000000 4.000000 4000 4800 3200 24 6
0.0023333895001457 0.0017209309541750 0.5827642750000001 5.000000 6.000000 4.000000 500 600 400 26 6
0.0005830835720801 0.0004299879874825 2.5211330219999999 5.000000 6.000000 4.000000 1000 1200 800 26 6
0.0001457544133720 0.0001074935118341 16.7291382209999995 5.000000 6.000000 4.000000 2000 2400 1600 26 6
0.0000364375726220 0.0000268717374674 123.4942887140000067 5.000000 6.000000 4.000000 4000 4800 3200 26 6
0.0023333895001457 0.0017209309541750 0.5216365520000000 5.000000 6.000000 4.000000 500 600 400 28 6
0.0005830835720801 0.0004299879874825 2.9168135600000000 5.000000 6.000000 4.000000 1000 1200 800 28 6
0.0001457544133720 0.0001074935118341 17.3006487329999992 5.000000 6.000000 4.000000 2000 2400 1600 28 6
0.0000364375726220 0.0000268717374674 125.9411560310000056 5.000000 6.000000 4.000000 4000 4800 3200 28 6
0.0023333895001457 0.0017209309541750 0.5143987660000000 5.000000 6.000000 4.000000 500 600 400 30 6
0.0005830835720801 0.0004299879874825 2.4492005099999998 5.000000 6.000000 4.000000 1000 1200 800 30 6
0.0001457544133720 0.0001074935118341 16.1175133570000000 5.000000 6.000000 4.000000 2000 2400 1600 30 6
0.0000364375726220 0.0000268717374674 116.7205889490000033 5.000000 6.000000 4.000000 4000 4800 3200 30 6
0.0023333895001457 0.0017209309541750 0.4818217910000000 5.000000 6.000000 4.000000 500 600 400 32 6
0.0005830835720801 0.0004299879874825 2.4973511330000000 5.000000 6.000000 4.000000 1000 1200 800 32 6
0.0001457544133720 0.0001074935118341 14.6531942310000005 5.000000 6.000000 4.000000 2000 2400 1600 32 6
0.0000364375726220 0.0000268717374674 111.2277950879999935 5.000000 6.000000 4.000000 4000 4800 3200 32 6
0.0023333895001457 0.0017209309541750 0.4344546460000001 5.000000 6.000000 4.000000 500 600 400 34 6
0.0005830835720801 0.0004299879874825 2.0455538679999998 5.000000 6.000000 4.000000 1000 1200 800 34 6
0.0001457544133720 0.0001074935118341 13.9270554489999991 5.000000 6.000000 4.000000 2000 2400 1600 34 6
0.0000364375726220 0.0000268717374674 103.2092065389999931 5.000000 6.000000 4.000000 4000 4800 3200 34 6
0.0023333895001457 0.0017209309541750 0.5648449390000000 5.000000 6.000000 4.000000 500 600 400 36 6
0.0005830835720801 0.0004299879874825 2.3456846699999998 5.000000 6.000000 4.000000 1000 1200 800 36 6
0.0001457544133720 0.0001074935118341 17.5752520270000012 5.000000 6.000000 4.000000 2000 2400 1600 36 6
0.0000364375726220 0.0000268717374674 123.8820593309999936 5.000000 6.000000 4.000000 4000 4800 3200 36 6
