0.0023333895001457 0.0017209309541750 0.6942966520000000 5.000000 6.000000 4.000000 500 600 400 2 6 3 2
0.0005830835720801 0.0004299879874825 3.9081045930000000 5.000000 6.000000 4.000000 1000 1200 800 2 6 3 2
0.0001457544133720 0.0001074935118341 30.0488760570000011 5.000000 6.000000 4.000000 2000 2400 1600 2 6 3 2
0.0000364375726220 0.0000268717374674 282.4456833550000283 5.000000 6.000000 4.000000 4000 4800 3200 2 6 3 2
0.0023333895001457 0.0017209309541750 0.3934247720000000 5.000000 6.000000 4.000000 500 600 400 4 6 3 2
0.0005830835720801 0.0004299879874825 2.0745662939999998 5.000000 6.000000 4.000000 1000 1200 800 4 6 3 2
0.0001457544133720 0.0001074935118341 15.4103330449999998 5.000000 6.000000 4.000000 2000 2400 1600 4 6 3 2
0.0000364375726220 0.0000268717374674 142.6677564690000111 5.000000 6.000000 4.000000 4000 4800 3200 4 6 3 2
0.0023333895001457 0.0017209309541750 0.2844660130000000 5.000000 6.000000 4.000000 500 600 400 6 6 3 2
0.0005830835720801 0.0004299879874825 1.5230582950000000 5.000000 6.000000 4.000000 1000 1200 800 6 6 3 2
0.0001457544133720 0.0001074935118341 10.5409315919999997 5.000000 6.000000 4.000000 2000 2400 1600 6 6 3 2
0.0000364375726220 0.0000268717374674 98.6281772300000057 5.000000 6.000000 4.000000 4000 4800 3200 6 6 3 2
0.0023333895001457 0.0017209309541750 0.2279516700000000 5.000000 6.000000 4.000000 500 600 400 8 6 3 2
0.0005830835720801 0.0004299879874825 1.2469536310000000 5.000000 6.000000 4.000000 1000 1200 800 8 6 3 2
0.0001457544133720 0.0001074935118341 8.0800470860000004 5.000000 6.000000 4.000000 2000 2400 1600 8 6 3 2
0.0000364375726220 0.0000268717374674 72.4722923580000042 5.000000 6.000000 4.000000 4000 4800 3200 8 6 3 2
0.0023333895001457 0.0017209309541750 0.1961362470000000 5.000000 6.000000 4.000000 500 600 400 10 6 3 2
0.0005830835720801 0.0004299879874825 1.0736580700000000 5.000000 6.000000 4.000000 1000 1200 800 10 6 3 2
0.0001457544133720 0.0001074935118341 6.7652770620000000 5.000000 6.000000 4.000000 2000 2400 1600 10 6 3 2
0.0000364375726220 0.0000268717374674 58.7589972939999967 5.000000 6.000000 4.000000 4000 4800 3200 10 6 3 2
0.0023333895001457 0.0017209309541750 0.1762702190000000 5.000000 6.000000 4.000000 500 600 400 12 6 3 2
0.0005830835720801 0.0004299879874825 0.9622484130000000 5.000000 6.000000 4.000000 1000 1200 800 12 6 3 2
0.0001457544133720 0.0001074935118341 5.9753246329999996 5.000000 6.000000 4.000000 2000 2400 1600 12 6 3 2
0.0000364375726220 0.0000268717374674 52.5783767289999986 5.000000 6.000000 4.000000 4000 4800 3200 12 6 3 2
0.0023333895001457 0.0017209309541750 0.1618383590000000 5.000000 6.000000 4.000000 500 600 400 14 6 3 2
0.0005830835720801 0.0004299879874825 0.8515935680000000 5.000000 6.000000 4.000000 1000 1200 800 14 6 3 2
0.0001457544133720 0.0001074935118341 5.1877196940000001 5.000000 6.000000 4.000000 2000 2400 1600 14 6 3 2
0.0000364375726220 0.0000268717374674 45.6712700189999978 5.000000 6.000000 4.000000 4000 4800 3200 14 6 3 2
0.0023333895001457 0.0017209309541750 0.1434565250000000 5.000000 6.000000 4.000000 500 600 400 16 6 3 2
0.0005830835720801 0.0004299879874825 0.7545721390000000 5.000000 6.000000 4.000000 1000 1200 800 16 6 3 2
0.0001457544133720 0.0001074935118341 4.6216475859999999 5.000000 6.000000 4.000000 2000 2400 1600 16 6 3 2
0.0000364375726220 0.0000268717374674 40.8730574650000023 5.000000 6.000000 4.000000 4000 4800 3200 16 6 3 2
0.0023333895001457 0.0017209309541750 0.1411423030000000 5.000000 6.000000 4.000000 500 600 400 18 6 3 2
0.0005830835720801 0.0004299879874825 0.7450717380000000 5.000000 6.000000 4.000000 1000 1200 800 18 6 3 2
0.0001457544133720 0.0001074935118341 4.3719063040000004 5.000000 6.000000 4.000000 2000 2400 1600 18 6 3 2
0.0000364375726220 0.0000268717374674 38.2741240570000016 5.000000 6.000000 4.000000 4000 4800 3200 18 6 3 2
0.0023333895001457 0.0017209309541750 0.1419192800000000 5.000000 6.000000 4.000000 500 600 400 20 6 3 2
0.0005830835720801 0.0004299879874825 0.7999026640000000 5.000000 6.000000 4.000000 1000 1200 800 20 6 3 2
0.0001457544133720 0.0001074935118341 4.0743419550000004 5.000000 6.000000 4.000000 2000 2400 1600 20 6 3 2
0.0000364375726220 0.0000268717374674 36.1871854620000022 5.000000 6.000000 4.000000 4000 4800 3200 20 6 3 2
0.0023333895001457 0.0017209309541750 0.1341928710000000 5.000000 6.000000 4.000000 500 600 400 22 6 3 2
0.0005830835720801 0.0004299879874825 0.6736330450000000 5.000000 6.000000 4.000000 1000 1200 800 22 6 3 2
0.0001457544133720 0.0001074935118341 4.0891104890000003 5.000000 6.000000 4.000000 2000 2400 1600 22 6 3 2
0.0000364375726220 0.0000268717374674 32.5371393619999978 5.000000 6.000000 4.000000 4000 4800 3200 22 6 3 2
0.0023333895001457 0.0017209309541750 0.2920249560000000 5.000000 6.000000 4.000000 500 600 400 24 6 3 2
0.0005830835720801 0.0004299879874825 0.5624923130000000 5.000000 6.000000 4.000000 1000 1200 800 24 6 3 2
0.0001457544133720 0.0001074935118341 3.8508329140000002 5.000000 6.000000 4.000000 2000 2400 1600 24 6 3 2
0.0000364375726220 0.0000268717374674 32.0159950609999981 5.000000 6.000000 4.000000 4000 4800 3200 24 6 3 2
0.0023333895001457 0.0017209309541750 0.1257241290000000 5.000000 6.000000 4.000000 500 600 400 26 6 3 2
0.0005830835720801 0.0004299879874825 0.5353799029999999 5.000000 6.000000 4.000000 1000 1200 800 26 6 3 2
0.0001457544133720 0.0001074935118341 3.7770397830000002 5.000000 6.000000 4.000000 2000 2400 1600 26 6 3 2
0.0000364375726220 0.0000268717374674 27.7093249549999996 5.000000 6.000000 4.000000 4000 4800 3200 26 6 3 2
0.0023333895001457 0.0017209309541750 0.1391766390000000 5.000000 6.000000 4.000000 500 600 400 28 6 3 2
0.0005830835720801 0.0004299879874825 0.5501996270000000 5.000000 6.000000 4.000000 1000 1200 800 28 6 3 2
0.0001457544133720 0.0001074935118341 3.2445430250000000 5.000000 6.000000 4.000000 2000 2400 1600 28 6 3 2
0.0000364375726220 0.0000268717374674 26.4606473360000010 5.000000 6.000000 4.000000 4000 4800 3200 28 6 3 2
0.0023333895001457 0.0017209309541750 0.1197948670000000 5.000000 6.000000 4.000000 500 600 400 30 6 3 2
0.0005830835720801 0.0004299879874825 0.6816821960000000 5.000000 6.000000 4.000000 1000 1200 800 30 6 3 2
0.0001457544133720 0.0001074935118341 2.9549779059999999 5.000000 6.000000 4.000000 2000 2400 1600 30 6 3 2
0.0000364375726220 0.0000268717374674 38.6963575170000027 5.000000 6.000000 4.000000 4000 4800 3200 30 6 3 2
0.0023333895001457 0.0017209309541750 0.1155332640000000 5.000000 6.000000 4.000000 500 600 400 32 6 3 2
0.0005830835720801 0.0004299879874825 0.4615600920000000 5.000000 6.000000 4.000000 1000 1200 800 32 6 3 2
0.0001457544133720 0.0001074935118341 3.1401949469999999 5.000000 6.000000 4.000000 2000 2400 1600 32 6 3 2
0.0000364375726220 0.0000268717374674 22.8648745170000005 5.000000 6.000000 4.000000 4000 4800 3200 32 6 3 2
0.0023333895001457 0.0017209309541750 0.1318324790000000 5.000000 6.000000 4.000000 500 600 400 34 6 3 2
0.0005830835720801 0.0004299879874825 0.5989276740000000 5.000000 6.000000 4.000000 1000 1200 800 34 6 3 2
0.0001457544133720 0.0001074935118341 2.6889357179999998 5.000000 6.000000 4.000000 2000 2400 1600 34 6 3 2
0.0000364375726220 0.0000268717374674 22.6483034299999986 5.000000 6.000000 4.000000 4000 4800 3200 34 6 3 2
0.0023333895001457 0.0017209309541750 0.1151050130000000 5.000000 6.000000 4.000000 500 600 400 36 6 3 2
0.0005830835720801 0.0004299879874825 0.4342772220000000 5.000000 6.000000 4.000000 1000 1200 800 36 6 3 2
0.0001457544133720 0.0001074935118341 3.9060205290000001 5.000000 6.000000 4.000000 2000 2400 1600 36 6 3 2
0.0000364375726220 0.0000268717374674 27.9668453499999998 5.000000 6.000000 4.000000 4000 4800 3200 36 6 3 2
