0.0023333895001457 0.0017209309541750 3.4619346160000002 5.000000 6.000000 4.000000 500 600 400 1 12 4 3
0.0005830835720801 0.0004299879874825 24.0232067580000006 5.000000 6.000000 4.000000 1000 1200 800 1 12 4 3
0.0001457544133720 0.0001074935118341 182.8341857400000094 5.000000 6.000000 4.000000 2000 2400 1600 1 12 4 3
0.0000364375726220 0.0000268717374674 1473.8973687099999097 5.000000 6.000000 4.000000 4000 4800 3200 1 12 4 3
0.0023333895001457 0.0017209309541750 1.8832609819999999 5.000000 6.000000 4.000000 500 600 400 2 12 4 3
0.0005830835720801 0.0004299879874825 12.1907761449999992 5.000000 6.000000 4.000000 1000 1200 800 2 12 4 3
0.0001457544133720 0.0001074935118341 90.7853006790000023 5.000000 6.000000 4.000000 2000 2400 1600 2 12 4 3
0.0000364375726220 0.0000268717374674 801.6255348989999447 5.000000 6.000000 4.000000 4000 4800 3200 2 12 4 3
0.0023333895001457 0.0017209309541750 1.3987319789999999 5.000000 6.000000 4.000000 500 600 400 3 12 4 3
0.0005830835720801 0.0004299879874825 8.3881618360000001 5.000000 6.000000 4.000000 1000 1200 800 3 12 4 3
0.0001457544133720 0.0001074935118341 61.8451903979999997 5.000000 6.000000 4.000000 2000 2400 1600 3 12 4 3
0.0000364375726220 0.0000268717374674 493.5408223669999757 5.000000 6.000000 4.000000 4000 4800 3200 3 12 4 3
0.0023333895001457 0.0017209309541750 1.1229808290000001 5.000000 6.000000 4.000000 500 600 400 4 12 4 3
0.0005830835720801 0.0004299879874825 6.4592279250000004 5.000000 6.000000 4.000000 1000 1200 800 4 12 4 3
0.0001457544133720 0.0001074935118341 46.1440804730000025 5.000000 6.000000 4.000000 2000 2400 1600 4 12 4 3
0.0000364375726220 0.0000268717374674 382.1276225540000269 5.000000 6.000000 4.000000 4000 4800 3200 4 12 4 3
0.0023333895001457 0.0017209309541750 0.9966940690000000 5.000000 6.000000 4.000000 500 600 400 5 12 4 3
0.0005830835720801 0.0004299879874825 5.2975745889999999 5.000000 6.000000 4.000000 1000 1200 800 5 12 4 3
0.0001457544133720 0.0001074935118341 37.1892218790000015 5.000000 6.000000 4.000000 2000 2400 1600 5 12 4 3
0.0000364375726220 0.0000268717374674 287.8106176630000164 5.000000 6.000000 4.000000 4000 4800 3200 5 12 4 3
0.0023333895001457 0.0017209309541750 0.8901472500000001 5.000000 6.000000 4.000000 500 600 400 6 12 4 3
0.0005830835720801 0.0004299879874825 4.5512948509999998 5.000000 6.000000 4.000000 1000 1200 800 6 12 4 3
0.0001457544133720 0.0001074935118341 31.3001952189999990 5.000000 6.000000 4.000000 2000 2400 1600 6 12 4 3
0.0000364375726220 0.0000268717374674 239.5955893820000142 5.000000 6.000000 4.000000 4000 4800 3200 6 12 4 3
0.0023333895001457 0.0017209309541750 0.7990811550000000 5.000000 6.000000 4.000000 500 600 400 7 12 4 3
0.0005830835720801 0.0004299879874825 4.0339709670000001 5.000000 6.000000 4.000000 1000 1200 800 7 12 4 3
0.0001457544133720 0.0001074935118341 28.7577596060000005 5.000000 6.000000 4.000000 2000 2400 1600 7 12 4 3
0.0000364375726220 0.0000268717374674 208.9144635309999956 5.000000 6.000000 4.000000 4000 4800 3200 7 12 4 3
0.0023333895001457 0.0017209309541750 0.7379102680000000 5.000000 6.000000 4.000000 500 600 400 8 12 4 3
0.0005830835720801 0.0004299879874825 3.6084289590000003 5.000000 6.000000 4.000000 1000 1200 800 8 12 4 3
0.0001457544133720 0.0001074935118341 24.0113040560000002 5.000000 6.000000 4.000000 2000 2400 1600 8 12 4 3
0.0000364375726220 0.0000268717374674 186.0810691069999905 5.000000 6.000000 4.000000 4000 4800 3200 8 12 4 3
0.0023333895001457 0.0017209309541750 0.6752639570000001 5.000000 6.000000 4.000000 500 600 400 9 12 4 3
0.0005830835720801 0.0004299879874825 3.3071941940000000 5.000000 6.000000 4.000000 1000 1200 800 9 12 4 3
0.0001457544133720 0.0001074935118341 26.9881007970000013 5.000000 6.000000 4.000000 2000 2400 1600 9 12 4 3
0.0000364375726220 0.0000268717374674 163.1583482130000107 5.000000 6.000000 4.000000 4000 4800 3200 9 12 4 3
0.0023333895001457 0.0017209309541750 0.6066726670000000 5.000000 6.000000 4.000000 500 600 400 10 12 4 3
0.0005830835720801 0.0004299879874825 3.1961662629999998 5.000000 6.000000 4.000000 1000 1200 800 10 12 4 3
0.0001457544133720 0.0001074935118341 19.7710200910000005 5.000000 6.000000 4.000000 2000 2400 1600 10 12 4 3
0.0000364375726220 0.0000268717374674 151.4447678619999920 5.000000 6.000000 4.000000 4000 4800 3200 10 12 4 3
0.0023333895001457 0.0017209309541750 0.5553080750000000 5.000000 6.000000 4.000000 500 600 400 11 12 4 3
0.0005830835720801 0.0004299879874825 2.8814940320000000 5.000000 6.000000 4.000000 1000 1200 800 11 12 4 3
0.0001457544133720 0.0001074935118341 18.3423786100000008 5.000000 6.000000 4.000000 2000 2400 1600 11 12 4 3
0.0000364375726220 0.0000268717374674 138.2913431640000113 5.000000 6.000000 4.000000 4000 4800 3200 11 12 4 3
0.0023333895001457 0.0017209309541750 0.5227954350000000 5.000000 6.000000 4.000000 500 600 400 12 12 4 3
0.0005830835720801 0.0004299879874825 2.6565668179999999 5.000000 6.000000 4.000000 1000 1200 800 12 12 4 3
0.0001457544133720 0.0001074935118341 17.7223396390000012 5.000000 6.000000 4.000000 2000 2400 1600 12 12 4 3
0.0000364375726220 0.0000268717374674 139.2333993750000047 5.000000 6.000000 4.000000 4000 4800 3200 12 12 4 3
0.0023333895001457 0.0017209309541750 0.4957117020000000 5.000000 6.000000 4.000000 500 600 400 13 12 4 3
0.0005830835720801 0.0004299879874825 2.4999139490000002 5.000000 6.000000 4.000000 1000 1200 800 13 12 4 3
0.0001457544133720 0.0001074935118341 16.2148907049999984 5.000000 6.000000 4.000000 2000 2400 1600 13 12 4 3
0.0000364375726220 0.0000268717374674 121.2611693869999954 5.000000 6.000000 4.000000 4000 4800 3200 13 12 4 3
0.0023333895001457 0.0017209309541750 0.4717967890000000 5.000000 6.000000 4.000000 500 600 400 14 12 4 3
0.0005830835720801 0.0004299879874825 2.4095392510000000 5.000000 6.000000 4.000000 1000 1200 800 14 12 4 3
0.0001457544133720 0.0001074935118341 14.8963422140000006 5.000000 6.000000 4.000000 2000 2400 1600 14 12 4 3
0.0000364375726220 0.0000268717374674 119.8049426320000066 5.000000 6.000000 4.000000 4000 4800 3200 14 12 4 3
0.0023333895001457 0.0017209309541750 0.4340973500000000 5.000000 6.000000 4.000000 500 600 400 15 12 4 3
0.0005830835720801 0.0004299879874825 2.1996754720000000 5.000000 6.000000 4.000000 1000 1200 800 15 12 4 3
0.0001457544133720 0.0001074935118341 15.0657154700000007 5.000000 6.000000 4.000000 2000 2400 1600 15 12 4 3
0.0000364375726220 0.0000268717374674 106.5611317449999973 5.000000 6.000000 4.000000 4000 4800 3200 15 12 4 3
0.0023333895001457 0.0017209309541750 0.4235760190000000 5.000000 6.000000 4.000000 500 600 400 16 12 4 3
0.0005830835720801 0.0004299879874825 2.0806814690000000 5.000000 6.000000 4.000000 1000 1200 800 16 12 4 3
0.0001457544133720 0.0001074935118341 13.2939478009999998 5.000000 6.000000 4.000000 2000 2400 1600 16 12 4 3
0.0000364375726220 0.0000268717374674 99.3365524459999989 5.000000 6.000000 4.000000 4000 4800 3200 16 12 4 3
0.0023333895001457 0.0017209309541750 0.3887071890000000 5.000000 6.000000 4.000000 500 600 400 17 12 4 3
0.0005830835720801 0.0004299879874825 1.9971296850000000 5.000000 6.000000 4.000000 1000 1200 800 17 12 4 3
0.0001457544133720 0.0001074935118341 12.8538541409999993 5.000000 6.000000 4.000000 2000 2400 1600 17 12 4 3
0.0000364375726220 0.0000268717374674 95.2375732219999946 5.000000 6.000000 4.000000 4000 4800 3200 17 12 4 3
0.0023333895001457 0.0017209309541750 0.4421103540000000 5.000000 6.000000 4.000000 500 600 400 18 12 4 3
0.0005830835720801 0.0004299879874825 2.8682187880000001 5.000000 6.000000 4.000000 1000 1200 800 18 12 4 3
0.0001457544133720 0.0001074935118341 16.3452688510000002 5.000000 6.000000 4.000000 2000 2400 1600 18 12 4 3
0.0000364375726220 0.0000268717374674 126.1391840309999992 5.000000 6.000000 4.000000 4000 4800 3200 18 12 4 3
