0.0023333895001457 0.0017209309541750 0.7312346080000001 5.000000 6.000000 4.000000 500 600 400 2 6 3 2
0.0005830835720801 0.0004299879874825 3.9276666240000000 5.000000 6.000000 4.000000 1000 1200 800 2 6 3 2
0.0001457544133720 0.0001074935118341 30.2545840209999994 5.000000 6.000000 4.000000 2000 2400 1600 2 6 3 2
0.0000364375726220 0.0000268717374674 283.1595495209999740 5.000000 6.000000 4.000000 4000 4800 3200 2 6 3 2
0.0023333895001457 0.0017209309541750 0.4396050810000000 5.000000 6.000000 4.000000 500 600 400 4 6 3 2
0.0005830835720801 0.0004299879874825 2.1793476709999999 5.000000 6.000000 4.000000 1000 1200 800 4 6 3 2
0.0001457544133720 0.0001074935118341 16.6714129140000011 5.000000 6.000000 4.000000 2000 2400 1600 4 6 3 2
0.0000364375726220 0.0000268717374674 145.8668259480000131 5.000000 6.000000 4.000000 4000 4800 3200 4 6 3 2
0.0023333895001457 0.0017209309541750 0.3393895460000000 5.000000 6.000000 4.000000 500 600 400 6 6 3 2
0.0005830835720801 0.0004299879874825 1.6621149749999999 5.000000 6.000000 4.000000 1000 1200 800 6 6 3 2
0.0001457544133720 0.0001074935118341 11.0325445779999995 5.000000 6.000000 4.000000 2000 2400 1600 6 6 3 2
0.0000364375726220 0.0000268717374674 97.2628140439999953 5.000000 6.000000 4.000000 4000 4800 3200 6 6 3 2
0.0023333895001457 0.0017209309541750 0.2756961430000000 5.000000 6.000000 4.000000 500 600 400 8 6 3 2
0.0005830835720801 0.0004299879874825 1.3123175599999999 5.000000 6.000000 4.000000 1000 1200 800 8 6 3 2
0.0001457544133720 0.0001074935118341 8.3330863369999992 5.000000 6.000000 4.000000 2000 2400 1600 8 6 3 2
0.0000364375726220 0.0000268717374674 73.6340171169999991 5.000000 6.000000 4.000000 4000 4800 3200 8 6 3 2
0.0023333895001457 0.0017209309541750 0.2309724460000000 5.000000 6.000000 4.000000 500 600 400 10 6 3 2
0.0005830835720801 0.0004299879874825 1.1600150650000001 5.000000 6.000000 4.000000 1000 1200 800 10 6 3 2
0.0001457544133720 0.0001074935118341 7.1011333120000000 5.000000 6.000000 4.000000 2000 2400 1600 10 6 3 2
0.0000364375726220 0.0000268717374674 61.0266457669999980 5.000000 6.000000 4.000000 4000 4800 3200 10 6 3 2
0.0023333895001457 0.0017209309541750 0.2098582920000000 5.000000 6.000000 4.000000 500 600 400 12 6 3 2
0.0005830835720801 0.0004299879874825 1.0462978679999999 5.000000 6.000000 4.000000 1000 1200 800 12 6 3 2
0.0001457544133720 0.0001074935118341 6.2400843669999997 5.000000 6.000000 4.000000 2000 2400 1600 12 6 3 2
0.0000364375726220 0.0000268717374674 68.3911937270000010 5.000000 6.000000 4.000000 4000 4800 3200 12 6 3 2
0.0023333895001457 0.0017209309541750 0.1961319520000000 5.000000 6.000000 4.000000 500 600 400 14 6 3 2
0.0005830835720801 0.0004299879874825 0.9296362510000000 5.000000 6.000000 4.000000 1000 1200 800 14 6 3 2
0.0001457544133720 0.0001074935118341 5.4820333019999996 5.000000 6.000000 4.000000 2000 2400 1600 14 6 3 2
0.0000364375726220 0.0000268717374674 47.5275189259999991 5.000000 6.000000 4.000000 4000 4800 3200 14 6 3 2
0.0023333895001457 0.0017209309541750 0.1828311360000000 5.000000 6.000000 4.000000 500 600 400 16 6 3 2
0.0005830835720801 0.0004299879874825 0.8440151410000000 5.000000 6.000000 4.000000 1000 1200 800 16 6 3 2
0.0001457544133720 0.0001074935118341 4.8629082129999999 5.000000 6.000000 4.000000 2000 2400 1600 16 6 3 2
0.0000364375726220 0.0000268717374674 43.2908334469999971 5.000000 6.000000 4.000000 4000 4800 3200 16 6 3 2
0.0023333895001457 0.0017209309541750 0.1632299420000000 5.000000 6.000000 4.000000 500 600 400 18 6 3 2
0.0005830835720801 0.0004299879874825 0.7957262469999999 5.000000 6.000000 4.000000 1000 1200 800 18 6 3 2
0.0001457544133720 0.0001074935118341 4.6158343889999998 5.000000 6.000000 4.000000 2000 2400 1600 18 6 3 2
0.0000364375726220 0.0000268717374674 38.2343084290000021 5.000000 6.000000 4.000000 4000 4800 3200 18 6 3 2
0.0023333895001457 0.0017209309541750 0.1759236660000000 5.000000 6.000000 4.000000 500 600 400 20 6 3 2
0.0005830835720801 0.0004299879874825 0.7916408090000000 5.000000 6.000000 4.000000 1000 1200 800 20 6 3 2
0.0001457544133720 0.0001074935118341 4.4890119799999999 5.000000 6.000000 4.000000 2000 2400 1600 20 6 3 2
0.0000364375726220 0.0000268717374674 36.5693033840000012 5.000000 6.000000 4.000000 4000 4800 3200 20 6 3 2
0.0023333895001457 0.0017209309541750 0.1737702810000000 5.000000 6.000000 4.000000 500 600 400 22 6 3 2
0.0005830835720801 0.0004299879874825 0.7803678280000000 5.000000 6.000000 4.000000 1000 1200 800 22 6 3 2
0.0001457544133720 0.0001074935118341 4.2077290789999999 5.000000 6.000000 4.000000 2000 2400 1600 22 6 3 2
0.0000364375726220 0.0000268717374674 33.5155749279999995 5.000000 6.000000 4.000000 4000 4800 3200 22 6 3 2
0.0023333895001457 0.0017209309541750 0.1691489490000000 5.000000 6.000000 4.000000 500 600 400 24 6 3 2
0.0005830835720801 0.0004299879874825 0.6998519930000000 5.000000 6.000000 4.000000 1000 1200 800 24 6 3 2
0.0001457544133720 0.0001074935118341 3.9748172440000000 5.000000 6.000000 4.000000 2000 2400 1600 24 6 3 2
0.0000364375726220 0.0000268717374674 42.0432728769999997 5.000000 6.000000 4.000000 4000 4800 3200 24 6 3 2
0.0023333895001457 0.0017209309541750 0.2024033200000000 5.000000 6.000000 4.000000 500 600 400 26 6 3 2
0.0005830835720801 0.0004299879874825 0.7083665510000000 5.000000 6.000000 4.000000 1000 1200 800 26 6 3 2
0.0001457544133720 0.0001074935118341 3.7208011490000001 5.000000 6.000000 4.000000 2000 2400 1600 26 6 3 2
0.0000364375726220 0.0000268717374674 29.1401460079999985 5.000000 6.000000 4.000000 4000 4800 3200 26 6 3 2
0.0023333895001457 0.0017209309541750 0.1515847370000000 5.000000 6.000000 4.000000 500 600 400 28 6 3 2
0.0005830835720801 0.0004299879874825 0.6139825850000000 5.000000 6.000000 4.000000 1000 1200 800 28 6 3 2
0.0001457544133720 0.0001074935118341 3.4304992680000002 5.000000 6.000000 4.000000 2000 2400 1600 28 6 3 2
0.0000364375726220 0.0000268717374674 26.9766527620000005 5.000000 6.000000 4.000000 4000 4800 3200 28 6 3 2
0.0023333895001457 0.0017209309541750 0.1539693760000000 5.000000 6.000000 4.000000 500 600 400 30 6 3 2
0.0005830835720801 0.0004299879874825 0.7669772220000000 5.000000 6.000000 4.000000 1000 1200 800 30 6 3 2
0.0001457544133720 0.0001074935118341 3.1086427500000000 5.000000 6.000000 4.000000 2000 2400 1600 30 6 3 2
0.0000364375726220 0.0000268717374674 26.7868281470000014 5.000000 6.000000 4.000000 4000 4800 3200 30 6 3 2
0.0023333895001457 0.0017209309541750 0.1537837090000000 5.000000 6.000000 4.000000 500 600 400 32 6 3 2
0.0005830835720801 0.0004299879874825 0.5742242530000000 5.000000 6.000000 4.000000 1000 1200 800 32 6 3 2
0.0001457544133720 0.0001074935118341 3.3012431279999999 5.000000 6.000000 4.000000 2000 2400 1600 32 6 3 2
0.0000364375726220 0.0000268717374674 24.5159404750000007 5.000000 6.000000 4.000000 4000 4800 3200 32 6 3 2
0.0023333895001457 0.0017209309541750 0.1475931860000000 5.000000 6.000000 4.000000 500 600 400 34 6 3 2
0.0005830835720801 0.0004299879874825 0.9564424650000000 5.000000 6.000000 4.000000 1000 1200 800 34 6 3 2
0.0001457544133720 0.0001074935118341 2.9077751859999998 5.000000 6.000000 4.000000 2000 2400 1600 34 6 3 2
0.0000364375726220 0.0000268717374674 24.0849933080000014 5.000000 6.000000 4.000000 4000 4800 3200 34 6 3 2
0.0023333895001457 0.0017209309541750 0.2889089660000000 5.000000 6.000000 4.000000 500 600 400 36 6 3 2
0.0005830835720801 0.0004299879874825 0.8536282589999999 5.000000 6.000000 4.000000 1000 1200 800 36 6 3 2
0.0001457544133720 0.0001074935118341 3.5230388740000000 5.000000 6.000000 4.000000 2000 2400 1600 36 6 3 2
0.0000364375726220 0.0000268717374674 28.1274936480000015 5.000000 6.000000 4.000000 4000 4800 3200 36 6 3 2
