0.0023333895001457 0.0017209309541750 3.3099489470000001 5.000000 6.000000 4.000000 500 600 400 2 6
0.0005830835720801 0.0004299879874825 23.5940990859999999 5.000000 6.000000 4.000000 1000 1200 800 2 6
0.0001457544133720 0.0001074935118341 181.2015702559999966 5.000000 6.000000 4.000000 2000 2400 1600 2 6
0.0000364375726220 0.0000268717374674 1430.5389008259999173 5.000000 6.000000 4.000000 4000 4800 3200 2 6
0.0023333895001457 0.0017209309541750 1.8879893610000000 5.000000 6.000000 4.000000 500 600 400 4 6
0.0005830835720801 0.0004299879874825 12.0792288570000004 5.000000 6.000000 4.000000 1000 1200 800 4 6
0.0001457544133720 0.0001074935118341 90.8524788410000070 5.000000 6.000000 4.000000 2000 2400 1600 4 6
0.0000364375726220 0.0000268717374674 760.2990490089999867 5.000000 6.000000 4.000000 4000 4800 3200 4 6
0.0023333895001457 0.0017209309541750 1.3488568740000000 5.000000 6.000000 4.000000 500 600 400 6 6
0.0005830835720801 0.0004299879874825 8.2857124039999999 5.000000 6.000000 4.000000 1000 1200 800 6 6
0.0001457544133720 0.0001074935118341 63.0374327259999987 5.000000 6.000000 4.000000 2000 2400 1600 6 6
0.0000364375726220 0.0000268717374674 514.1027677390000008 5.000000 6.000000 4.000000 4000 4800 3200 6 6
0.0023333895001457 0.0017209309541750 1.1065828579999999 5.000000 6.000000 4.000000 500 600 400 8 6
0.0005830835720801 0.0004299879874825 6.4263244139999998 5.000000 6.000000 4.000000 1000 1200 800 8 6
0.0001457544133720 0.0001074935118341 47.5143563520000001 5.000000 6.000000 4.000000 2000 2400 1600 8 6
0.0000364375726220 0.0000268717374674 358.7020012300000076 5.000000 6.000000 4.000000 4000 4800 3200 8 6
0.0023333895001457 0.0017209309541750 0.9558983250000000 5.000000 6.000000 4.000000 500 600 400 10 6
0.0005830835720801 0.0004299879874825 5.1388878990000002 5.000000 6.000000 4.000000 1000 1200 800 10 6
0.0001457544133720 0.0001074935118341 37.2185310059999992 5.000000 6.000000 4.000000 2000 2400 1600 10 6
0.0000364375726220 0.0000268717374674 287.0648913840000205 5.000000 6.000000 4.000000 4000 4800 3200 10 6
0.0023333895001457 0.0017209309541750 0.8555438650000000 5.000000 6.000000 4.000000 500 600 400 12 6
0.0005830835720801 0.0004299879874825 4.4212906050000003 5.000000 6.000000 4.000000 1000 1200 800 12 6
0.0001457544133720 0.0001074935118341 31.6795448829999984 5.000000 6.000000 4.000000 2000 2400 1600 12 6
0.0000364375726220 0.0000268717374674 243.3391587309999977 5.000000 6.000000 4.000000 4000 4800 3200 12 6
0.0023333895001457 0.0017209309541750 0.7845589880000000 5.000000 6.000000 4.000000 500 600 400 14 6
0.0005830835720801 0.0004299879874825 3.8808446569999999 5.000000 6.000000 4.000000 1000 1200 800 14 6
0.0001457544133720 0.0001074935118341 27.2774702279999985 5.000000 6.000000 4.000000 2000 2400 1600 14 6
0.0000364375726220 0.0000268717374674 211.1973144389999959 5.000000 6.000000 4.000000 4000 4800 3200 14 6
0.0023333895001457 0.0017209309541750 0.7310014060000000 5.000000 6.000000 4.000000 500 600 400 16 6
0.0005830835720801 0.0004299879874825 3.4803979539999998 5.000000 6.000000 4.000000 1000 1200 800 16 6
0.0001457544133720 0.0001074935118341 24.3189034480000004 5.000000 6.000000 4.000000 2000 2400 1600 16 6
0.0000364375726220 0.0000268717374674 183.9059183299999916 5.000000 6.000000 4.000000 4000 4800 3200 16 6
0.0023333895001457 0.0017209309541750 0.6394061190000000 5.000000 6.000000 4.000000 500 600 400 18 6
0.0005830835720801 0.0004299879874825 3.0862952550000000 5.000000 6.000000 4.000000 1000 1200 800 18 6
0.0001457544133720 0.0001074935118341 23.4282976269999992 5.000000 6.000000 4.000000 2000 2400 1600 18 6
0.0000364375726220 0.0000268717374674 164.8120331920000012 5.000000 6.000000 4.000000 4000 4800 3200 18 6
0.0023333895001457 0.0017209309541750 0.5838324269999999 5.000000 6.000000 4.000000 500 600 400 20 6
0.0005830835720801 0.0004299879874825 2.9490005780000002 5.000000 6.000000 4.000000 1000 1200 800 20 6
0.0001457544133720 0.0001074935118341 20.5920361260000000 5.000000 6.000000 4.000000 2000 2400 1600 20 6
0.0000364375726220 0.0000268717374674 150.8043695689999879 5.000000 6.000000 4.000000 4000 4800 3200 20 6
0.0023333895001457 0.0017209309541750 0.5484512980000000 5.000000 6.000000 4.000000 500 600 400 22 6
0.0005830835720801 0.0004299879874825 2.8062276490000002 5.000000 6.000000 4.000000 1000 1200 800 22 6
0.0001457544133720 0.0001074935118341 18.5050910160000015 5.000000 6.000000 4.000000 2000 2400 1600 22 6
0.0000364375726220 0.0000268717374674 142.2617214740000122 5.000000 6.000000 4.000000 4000 4800 3200 22 6
0.0023333895001457 0.0017209309541750 0.5095568740000000 5.000000 6.000000 4.000000 500 600 400 24 6
0.0005830835720801 0.0004299879874825 2.5338859729999998 5.000000 6.000000 4.000000 1000 1200 800 24 6
0.0001457544133720 0.0001074935118341 16.8818186429999990 5.000000 6.000000 4.000000 2000 2400 1600 24 6
0.0000364375726220 0.0000268717374674 130.7127361439999902 5.000000 6.000000 4.000000 4000 4800 3200 24 6
0.0023333895001457 0.0017209309541750 0.5004223770000000 5.000000 6.000000 4.000000 500 600 400 26 6
0.0005830835720801 0.0004299879874825 2.4127292020000000 5.000000 6.000000 4.000000 1000 1200 800 26 6
0.0001457544133720 0.0001074935118341 16.5942793410000000 5.000000 6.000000 4.000000 2000 2400 1600 26 6
0.0000364375726220 0.0000268717374674 122.7072721149999950 5.000000 6.000000 4.000000 4000 4800 3200 26 6
0.0023333895001457 0.0017209309541750 0.4418998060000000 5.000000 6.000000 4.000000 500 600 400 28 6
0.0005830835720801 0.0004299879874825 2.8875978569999998 5.000000 6.000000 4.000000 1000 1200 800 28 6
0.0001457544133720 0.0001074935118341 16.3853094870000007 5.000000 6.000000 4.000000 2000 2400 1600 28 6
0.0000364375726220 0.0000268717374674 129.4532380120000141 5.000000 6.000000 4.000000 4000 4800 3200 28 6
0.0023333895001457 0.0017209309541750 0.4404050660000000 5.000000 6.000000 4.000000 500 600 400 30 6
0.0005830835720801 0.0004299879874825 2.3021714449999999 5.000000 6.000000 4.000000 1000 1200 800 30 6
0.0001457544133720 0.0001074935118341 15.5626312920000007 5.000000 6.000000 4.000000 2000 2400 1600 30 6
0.0000364375726220 0.0000268717374674 120.6252922369999965 5.000000 6.000000 4.000000 4000 4800 3200 30 6
0.0023333895001457 0.0017209309541750 0.5917501750000000 5.000000 6.000000 4.000000 500 600 400 32 6
0.0005830835720801 0.0004299879874825 2.2329451670000000 5.000000 6.000000 4.000000 1000 1200 800 32 6
0.0001457544133720 0.0001074935118341 14.6667496429999993 5.000000 6.000000 4.000000 2000 2400 1600 32 6
0.0000364375726220 0.0000268717374674 112.7091295259999981 5.000000 6.000000 4.000000 4000 4800 3200 32 6
0.0023333895001457 0.0017209309541750 0.3625752890000000 5.000000 6.000000 4.000000 500 600 400 34 6
0.0005830835720801 0.0004299879874825 2.1725098770000000 5.000000 6.000000 4.000000 1000 1200 800 34 6
0.0001457544133720 0.0001074935118341 14.0374105779999994 5.000000 6.000000 4.000000 2000 2400 1600 34 6
0.0000364375726220 0.0000268717374674 108.6401349289999985 5.000000 6.000000 4.000000 4000 4800 3200 34 6
0.0023333895001457 0.0017209309541750 0.3910746240000000 5.000000 6.000000 4.000000 500 600 400 36 6
0.0005830835720801 0.0004299879874825 2.8117071469999999 5.000000 6.000000 4.000000 1000 1200 800 36 6
0.0001457544133720 0.0001074935118341 18.3121988900000012 5.000000 6.000000 4.000000 2000 2400 1600 36 6
0.0000364375726220 0.0000268717374674 133.2801390900000058 5.000000 6.000000 4.000000 4000 4800 3200 36 6
