0.0023333895001457 0.0017209309541750 3.3802724870000000 5.000000 6.000000 4.000000 500 600 400 2 6
0.0005830835720801 0.0004299879874825 23.3533432579999989 5.000000 6.000000 4.000000 1000 1200 800 2 6
0.0001457544133720 0.0001074935118341 178.4655295180000110 5.000000 6.000000 4.000000 2000 2400 1600 2 6
0.0000364375726220 0.0000268717374674 1458.2770351859999209 5.000000 6.000000 4.000000 4000 4800 3200 2 6
0.0023333895001457 0.0017209309541750 1.8805632550000000 5.000000 6.000000 4.000000 500 600 400 4 6
0.0005830835720801 0.0004299879874825 12.0813565759999992 5.000000 6.000000 4.000000 1000 1200 800 4 6
0.0001457544133720 0.0001074935118341 89.9064738510000012 5.000000 6.000000 4.000000 2000 2400 1600 4 6
0.0000364375726220 0.0000268717374674 748.1774368080000386 5.000000 6.000000 4.000000 4000 4800 3200 4 6
0.0023333895001457 0.0017209309541750 1.4160496499999999 5.000000 6.000000 4.000000 500 600 400 6 6
0.0005830835720801 0.0004299879874825 8.9674923829999997 5.000000 6.000000 4.000000 1000 1200 800 6 6
0.0001457544133720 0.0001074935118341 61.5837468169999980 5.000000 6.000000 4.000000 2000 2400 1600 6 6
0.0000364375726220 0.0000268717374674 480.3763486859999716 5.000000 6.000000 4.000000 4000 4800 3200 6 6
0.0023333895001457 0.0017209309541750 1.1773098230000001 5.000000 6.000000 4.000000 500 600 400 8 6
0.0005830835720801 0.0004299879874825 6.4876358879999998 5.000000 6.000000 4.000000 1000 1200 800 8 6
0.0001457544133720 0.0001074935118341 47.0234676959999973 5.000000 6.000000 4.000000 2000 2400 1600 8 6
0.0000364375726220 0.0000268717374674 362.5275551319999749 5.000000 6.000000 4.000000 4000 4800 3200 8 6
0.0023333895001457 0.0017209309541750 1.0144953280000000 5.000000 6.000000 4.000000 500 600 400 10 6
0.0005830835720801 0.0004299879874825 5.2809952600000001 5.000000 6.000000 4.000000 1000 1200 800 10 6
0.0001457544133720 0.0001074935118341 37.8720222890000002 5.000000 6.000000 4.000000 2000 2400 1600 10 6
0.0000364375726220 0.0000268717374674 289.6954198569999903 5.000000 6.000000 4.000000 4000 4800 3200 10 6
0.0023333895001457 0.0017209309541750 0.8951265550000000 5.000000 6.000000 4.000000 500 600 400 12 6
0.0005830835720801 0.0004299879874825 4.5448009699999998 5.000000 6.000000 4.000000 1000 1200 800 12 6
0.0001457544133720 0.0001074935118341 32.1078692589999974 5.000000 6.000000 4.000000 2000 2400 1600 12 6
0.0000364375726220 0.0000268717374674 245.7985288579999974 5.000000 6.000000 4.000000 4000 4800 3200 12 6
0.0023333895001457 0.0017209309541750 0.8508879980000000 5.000000 6.000000 4.000000 500 600 400 14 6
0.0005830835720801 0.0004299879874825 3.9897959130000000 5.000000 6.000000 4.000000 1000 1200 800 14 6
0.0001457544133720 0.0001074935118341 27.3584966059999992 5.000000 6.000000 4.000000 2000 2400 1600 14 6
0.0000364375726220 0.0000268717374674 212.9535588910000001 5.000000 6.000000 4.000000 4000 4800 3200 14 6
0.0023333895001457 0.0017209309541750 0.7811743930000000 5.000000 6.000000 4.000000 500 600 400 16 6
0.0005830835720801 0.0004299879874825 3.6962069970000000 5.000000 6.000000 4.000000 1000 1200 800 16 6
0.0001457544133720 0.0001074935118341 24.4148270270000012 5.000000 6.000000 4.000000 2000 2400 1600 16 6
0.0000364375726220 0.0000268717374674 186.0408869510000045 5.000000 6.000000 4.000000 4000 4800 3200 16 6
0.0023333895001457 0.0017209309541750 0.7169937430000000 5.000000 6.000000 4.000000 500 600 400 18 6
0.0005830835720801 0.0004299879874825 3.2423960109999999 5.000000 6.000000 4.000000 1000 1200 800 18 6
0.0001457544133720 0.0001074935118341 21.9399404559999986 5.000000 6.000000 4.000000 2000 2400 1600 18 6
0.0000364375726220 0.0000268717374674 164.9416430370000057 5.000000 6.000000 4.000000 4000 4800 3200 18 6
0.0023333895001457 0.0017209309541750 0.6657990309999999 5.000000 6.000000 4.000000 500 600 400 20 6
0.0005830835720801 0.0004299879874825 3.0126966620000002 5.000000 6.000000 4.000000 1000 1200 800 20 6
0.0001457544133720 0.0001074935118341 19.7463267960000017 5.000000 6.000000 4.000000 2000 2400 1600 20 6
0.0000364375726220 0.0000268717374674 149.5584994580000000 5.000000 6.000000 4.000000 4000 4800 3200 20 6
0.0023333895001457 0.0017209309541750 0.6037023490000000 5.000000 6.000000 4.000000 500 600 400 22 6
0.0005830835720801 0.0004299879874825 2.8286461759999999 5.000000 6.000000 4.000000 1000 1200 800 22 6
0.0001457544133720 0.0001074935118341 18.7878012490000010 5.000000 6.000000 4.000000 2000 2400 1600 22 6
0.0000364375726220 0.0000268717374674 142.2814835430000073 5.000000 6.000000 4.000000 4000 4800 3200 22 6
0.0023333895001457 0.0017209309541750 0.5879740680000000 5.000000 6.000000 4.000000 500 600 400 24 6
0.0005830835720801 0.0004299879874825 2.6841692699999999 5.000000 6.000000 4.000000 1000 1200 800 24 6
0.0001457544133720 0.0001074935118341 17.1157625019999990 5.000000 6.000000 4.000000 2000 2400 1600 24 6
0.0000364375726220 0.0000268717374674 130.8294546760000117 5.000000 6.000000 4.000000 4000 4800 3200 24 6
0.0023333895001457 0.0017209309541750 0.5702864180000000 5.000000 6.000000 4.000000 500 600 400 26 6
0.0005830835720801 0.0004299879874825 2.5332833140000002 5.000000 6.000000 4.000000 1000 1200 800 26 6
0.0001457544133720 0.0001074935118341 16.7441296460000011 5.000000 6.000000 4.000000 2000 2400 1600 26 6
0.0000364375726220 0.0000268717374674 124.2329783849999956 5.000000 6.000000 4.000000 4000 4800 3200 26 6
0.0023333895001457 0.0017209309541750 0.6841097010000000 5.000000 6.000000 4.000000 500 600 400 28 6
0.0005830835720801 0.0004299879874825 2.4775988810000000 5.000000 6.000000 4.000000 1000 1200 800 28 6
0.0001457544133720 0.0001074935118341 16.4025589240000009 5.000000 6.000000 4.000000 2000 2400 1600 28 6
0.0000364375726220 0.0000268717374674 124.9535044459999966 5.000000 6.000000 4.000000 4000 4800 3200 28 6
0.0023333895001457 0.0017209309541750 0.5104956770000000 5.000000 6.000000 4.000000 500 600 400 30 6
0.0005830835720801 0.0004299879874825 2.5144321239999998 5.000000 6.000000 4.000000 1000 1200 800 30 6
0.0001457544133720 0.0001074935118341 16.1701590710000005 5.000000 6.000000 4.000000 2000 2400 1600 30 6
0.0000364375726220 0.0000268717374674 117.5856642420000071 5.000000 6.000000 4.000000 4000 4800 3200 30 6
0.0023333895001457 0.0017209309541750 0.4858912780000000 5.000000 6.000000 4.000000 500 600 400 32 6
0.0005830835720801 0.0004299879874825 2.9171054349999999 5.000000 6.000000 4.000000 1000 1200 800 32 6
0.0001457544133720 0.0001074935118341 15.0953806040000007 5.000000 6.000000 4.000000 2000 2400 1600 32 6
0.0000364375726220 0.0000268717374674 109.9698705109999963 5.000000 6.000000 4.000000 4000 4800 3200 32 6
0.0023333895001457 0.0017209309541750 0.5694586280000000 5.000000 6.000000 4.000000 500 600 400 34 6
0.0005830835720801 0.0004299879874825 2.0565183380000001 5.000000 6.000000 4.000000 1000 1200 800 34 6
0.0001457544133720 0.0001074935118341 14.1114155189999995 5.000000 6.000000 4.000000 2000 2400 1600 34 6
0.0000364375726220 0.0000268717374674 107.7555381130000001 5.000000 6.000000 4.000000 4000 4800 3200 34 6
0.0023333895001457 0.0017209309541750 0.4037991640000000 5.000000 6.000000 4.000000 500 600 400 36 6
0.0005830835720801 0.0004299879874825 3.0645062850000002 5.000000 6.000000 4.000000 1000 1200 800 36 6
0.0001457544133720 0.0001074935118341 16.4471570319999998 5.000000 6.000000 4.000000 2000 2400 1600 36 6
0.0000364375726220 0.0000268717374674 127.0755564290000024 5.000000 6.000000 4.000000 4000 4800 3200 36 6
