0.0023333895001457 0.0017209309541750 0.6939196130000000 5.000000 6.000000 4.000000 500 600 400 1 12 4 3
0.0005830835720801 0.0004299879874825 3.8078937160000002 5.000000 6.000000 4.000000 1000 1200 800 1 12 4 3
0.0001457544133720 0.0001074935118341 29.6150474529999990 5.000000 6.000000 4.000000 2000 2400 1600 1 12 4 3
0.0000364375726220 0.0000268717374674 273.0006390519999968 5.000000 6.000000 4.000000 4000 4800 3200 1 12 4 3
0.0023333895001457 0.0017209309541750 0.4504282400000000 5.000000 6.000000 4.000000 500 600 400 2 12 4 3
0.0005830835720801 0.0004299879874825 2.2073572090000000 5.000000 6.000000 4.000000 1000 1200 800 2 12 4 3
0.0001457544133720 0.0001074935118341 15.5460703260000006 5.000000 6.000000 4.000000 2000 2400 1600 2 12 4 3
0.0000364375726220 0.0000268717374674 139.6293111520000139 5.000000 6.000000 4.000000 4000 4800 3200 2 12 4 3
0.0023333895001457 0.0017209309541750 0.3244684880000000 5.000000 6.000000 4.000000 500 600 400 3 12 4 3
0.0005830835720801 0.0004299879874825 1.6005794390000001 5.000000 6.000000 4.000000 1000 1200 800 3 12 4 3
0.0001457544133720 0.0001074935118341 10.8342231009999992 5.000000 6.000000 4.000000 2000 2400 1600 3 12 4 3
0.0000364375726220 0.0000268717374674 93.6299324200000029 5.000000 6.000000 4.000000 4000 4800 3200 3 12 4 3
0.0023333895001457 0.0017209309541750 0.2708792430000000 5.000000 6.000000 4.000000 500 600 400 4 12 4 3
0.0005830835720801 0.0004299879874825 1.3126923490000000 5.000000 6.000000 4.000000 1000 1200 800 4 12 4 3
0.0001457544133720 0.0001074935118341 8.1333896830000008 5.000000 6.000000 4.000000 2000 2400 1600 4 12 4 3
0.0000364375726220 0.0000268717374674 70.0166965340000047 5.000000 6.000000 4.000000 4000 4800 3200 4 12 4 3
0.0023333895001457 0.0017209309541750 0.2590222050000000 5.000000 6.000000 4.000000 500 600 400 5 12 4 3
0.0005830835720801 0.0004299879874825 1.1346929040000000 5.000000 6.000000 4.000000 1000 1200 800 5 12 4 3
0.0001457544133720 0.0001074935118341 6.6456525229999999 5.000000 6.000000 4.000000 2000 2400 1600 5 12 4 3
0.0000364375726220 0.0000268717374674 57.2452317119999989 5.000000 6.000000 4.000000 4000 4800 3200 5 12 4 3
0.0023333895001457 0.0017209309541750 0.2085009270000000 5.000000 6.000000 4.000000 500 600 400 6 12 4 3
0.0005830835720801 0.0004299879874825 1.0285804489999999 5.000000 6.000000 4.000000 1000 1200 800 6 12 4 3
0.0001457544133720 0.0001074935118341 5.7774306099999997 5.000000 6.000000 4.000000 2000 2400 1600 6 12 4 3
0.0000364375726220 0.0000268717374674 47.6420934009999968 5.000000 6.000000 4.000000 4000 4800 3200 6 12 4 3
0.0023333895001457 0.0017209309541750 0.1940810970000000 5.000000 6.000000 4.000000 500 600 400 7 12 4 3
0.0005830835720801 0.0004299879874825 0.9360220459999999 5.000000 6.000000 4.000000 1000 1200 800 7 12 4 3
0.0001457544133720 0.0001074935118341 5.0248507309999999 5.000000 6.000000 4.000000 2000 2400 1600 7 12 4 3
0.0000364375726220 0.0000268717374674 41.5407115730000029 5.000000 6.000000 4.000000 4000 4800 3200 7 12 4 3
0.0023333895001457 0.0017209309541750 0.1840121480000000 5.000000 6.000000 4.000000 500 600 400 8 12 4 3
0.0005830835720801 0.0004299879874825 0.8460827020000000 5.000000 6.000000 4.000000 1000 1200 800 8 12 4 3
0.0001457544133720 0.0001074935118341 4.5584978840000003 5.000000 6.000000 4.000000 2000 2400 1600 8 12 4 3
0.0000364375726220 0.0000268717374674 36.3166848799999968 5.000000 6.000000 4.000000 4000 4800 3200 8 12 4 3
0.0023333895001457 0.0017209309541750 0.1742068430000000 5.000000 6.000000 4.000000 500 600 400 9 12 4 3
0.0005830835720801 0.0004299879874825 0.8110188140000000 5.000000 6.000000 4.000000 1000 1200 800 9 12 4 3
0.0001457544133720 0.0001074935118341 4.1946230050000004 5.000000 6.000000 4.000000 2000 2400 1600 9 12 4 3
0.0000364375726220 0.0000268717374674 32.6672992490000027 5.000000 6.000000 4.000000 4000 4800 3200 9 12 4 3
0.0023333895001457 0.0017209309541750 0.1723472480000000 5.000000 6.000000 4.000000 500 600 400 10 12 4 3
0.0005830835720801 0.0004299879874825 0.7346346050000000 5.000000 6.000000 4.000000 1000 1200 800 10 12 4 3
0.0001457544133720 0.0001074935118341 3.9045825609999998 5.000000 6.000000 4.000000 2000 2400 1600 10 12 4 3
0.0000364375726220 0.0000268717374674 30.0143831829999996 5.000000 6.000000 4.000000 4000 4800 3200 10 12 4 3
0.0023333895001457 0.0017209309541750 0.1570701990000000 5.000000 6.000000 4.000000 500 600 400 11 12 4 3
0.0005830835720801 0.0004299879874825 0.7058712440000000 5.000000 6.000000 4.000000 1000 1200 800 11 12 4 3
0.0001457544133720 0.0001074935118341 3.6109623320000002 5.000000 6.000000 4.000000 2000 2400 1600 11 12 4 3
0.0000364375726220 0.0000268717374674 27.7448287200000010 5.000000 6.000000 4.000000 4000 4800 3200 11 12 4 3
0.0023333895001457 0.0017209309541750 0.1481136330000000 5.000000 6.000000 4.000000 500 600 400 12 12 4 3
0.0005830835720801 0.0004299879874825 0.6471261990000000 5.000000 6.000000 4.000000 1000 1200 800 12 12 4 3
0.0001457544133720 0.0001074935118341 3.4813958569999999 5.000000 6.000000 4.000000 2000 2400 1600 12 12 4 3
0.0000364375726220 0.0000268717374674 26.1966335159999986 5.000000 6.000000 4.000000 4000 4800 3200 12 12 4 3
0.0023333895001457 0.0017209309541750 0.1431265730000000 5.000000 6.000000 4.000000 500 600 400 13 12 4 3
0.0005830835720801 0.0004299879874825 0.6065497680000000 5.000000 6.000000 4.000000 1000 1200 800 13 12 4 3
0.0001457544133720 0.0001074935118341 3.1716359829999998 5.000000 6.000000 4.000000 2000 2400 1600 13 12 4 3
0.0000364375726220 0.0000268717374674 24.0911537180000010 5.000000 6.000000 4.000000 4000 4800 3200 13 12 4 3
0.0023333895001457 0.0017209309541750 0.1445813470000000 5.000000 6.000000 4.000000 500 600 400 14 12 4 3
0.0005830835720801 0.0004299879874825 0.5531536889999999 5.000000 6.000000 4.000000 1000 1200 800 14 12 4 3
0.0001457544133720 0.0001074935118341 2.9873221850000000 5.000000 6.000000 4.000000 2000 2400 1600 14 12 4 3
0.0000364375726220 0.0000268717374674 22.6645309690000012 5.000000 6.000000 4.000000 4000 4800 3200 14 12 4 3
0.0023333895001457 0.0017209309541750 0.1407377520000000 5.000000 6.000000 4.000000 500 600 400 15 12 4 3
0.0005830835720801 0.0004299879874825 0.5309723960000000 5.000000 6.000000 4.000000 1000 1200 800 15 12 4 3
0.0001457544133720 0.0001074935118341 2.8425966549999999 5.000000 6.000000 4.000000 2000 2400 1600 15 12 4 3
0.0000364375726220 0.0000268717374674 21.2522340239999998 5.000000 6.000000 4.000000 4000 4800 3200 15 12 4 3
0.0023333895001457 0.0017209309541750 0.1394291060000000 5.000000 6.000000 4.000000 500 600 400 16 12 4 3
0.0005830835720801 0.0004299879874825 0.5113211070000000 5.000000 6.000000 4.000000 1000 1200 800 16 12 4 3
0.0001457544133720 0.0001074935118341 2.6679226560000000 5.000000 6.000000 4.000000 2000 2400 1600 16 12 4 3
0.0000364375726220 0.0000268717374674 20.0108050999999989 5.000000 6.000000 4.000000 4000 4800 3200 16 12 4 3
0.0023333895001457 0.0017209309541750 0.1263732230000000 5.000000 6.000000 4.000000 500 600 400 17 12 4 3
0.0005830835720801 0.0004299879874825 0.4951867870000000 5.000000 6.000000 4.000000 1000 1200 800 17 12 4 3
0.0001457544133720 0.0001074935118341 2.5871979930000002 5.000000 6.000000 4.000000 2000 2400 1600 17 12 4 3
0.0000364375726220 0.0000268717374674 19.4218997139999985 5.000000 6.000000 4.000000 4000 4800 3200 17 12 4 3
0.0023333895001457 0.0017209309541750 0.1685147520000000 5.000000 6.000000 4.000000 500 600 400 18 12 4 3
0.0005830835720801 0.0004299879874825 0.5030475210000001 5.000000 6.000000 4.000000 1000 1200 800 18 12 4 3
0.0001457544133720 0.0001074935118341 3.8451643299999998 5.000000 6.000000 4.000000 2000 2400 1600 18 12 4 3
0.0000364375726220 0.0000268717374674 26.2075320920000010 5.000000 6.000000 4.000000 4000 4800 3200 18 12 4 3
