0.0023333895001457 0.0017209309541750 3.3851909039999999 5.000000 6.000000 4.000000 500 600 400 2 6 3 2
0.0005830835720801 0.0004299879874825 23.3910474469999983 5.000000 6.000000 4.000000 1000 1200 800 2 6 3 2
0.0001457544133720 0.0001074935118341 175.5870236799999873 5.000000 6.000000 4.000000 2000 2400 1600 2 6 3 2
0.0000364375726220 0.0000268717374674 1385.7157405400000698 5.000000 6.000000 4.000000 4000 4800 3200 2 6 3 2
0.0023333895001457 0.0017209309541750 1.8503924480000000 5.000000 6.000000 4.000000 500 600 400 4 6 3 2
0.0005830835720801 0.0004299879874825 11.9561211099999998 5.000000 6.000000 4.000000 1000 1200 800 4 6 3 2
0.0001457544133720 0.0001074935118341 89.6758591229999951 5.000000 6.000000 4.000000 2000 2400 1600 4 6 3 2
0.0000364375726220 0.0000268717374674 699.2816405900000518 5.000000 6.000000 4.000000 4000 4800 3200 4 6 3 2
0.0023333895001457 0.0017209309541750 1.3829764750000000 5.000000 6.000000 4.000000 500 600 400 6 6 3 2
0.0005830835720801 0.0004299879874825 8.1920843419999994 5.000000 6.000000 4.000000 1000 1200 800 6 6 3 2
0.0001457544133720 0.0001074935118341 61.6490495939999974 5.000000 6.000000 4.000000 2000 2400 1600 6 6 3 2
0.0000364375726220 0.0000268717374674 488.1038385990000279 5.000000 6.000000 4.000000 4000 4800 3200 6 6 3 2
0.0023333895001457 0.0017209309541750 1.1273456799999999 5.000000 6.000000 4.000000 500 600 400 8 6 3 2
0.0005830835720801 0.0004299879874825 6.3235580850000002 5.000000 6.000000 4.000000 1000 1200 800 8 6 3 2
0.0001457544133720 0.0001074935118341 45.7859547269999965 5.000000 6.000000 4.000000 2000 2400 1600 8 6 3 2
0.0000364375726220 0.0000268717374674 351.9060100059999741 5.000000 6.000000 4.000000 4000 4800 3200 8 6 3 2
0.0023333895001457 0.0017209309541750 0.9757174860000000 5.000000 6.000000 4.000000 500 600 400 10 6 3 2
0.0005830835720801 0.0004299879874825 5.1392832170000000 5.000000 6.000000 4.000000 1000 1200 800 10 6 3 2
0.0001457544133720 0.0001074935118341 37.5713245040000032 5.000000 6.000000 4.000000 2000 2400 1600 10 6 3 2
0.0000364375726220 0.0000268717374674 283.9076873800000271 5.000000 6.000000 4.000000 4000 4800 3200 10 6 3 2
0.0023333895001457 0.0017209309541750 0.8576710740000000 5.000000 6.000000 4.000000 500 600 400 12 6 3 2
0.0005830835720801 0.0004299879874825 4.6634628149999999 5.000000 6.000000 4.000000 1000 1200 800 12 6 3 2
0.0001457544133720 0.0001074935118341 33.4947141569999971 5.000000 6.000000 4.000000 2000 2400 1600 12 6 3 2
0.0000364375726220 0.0000268717374674 254.5363815380000005 5.000000 6.000000 4.000000 4000 4800 3200 12 6 3 2
0.0023333895001457 0.0017209309541750 0.7677396470000000 5.000000 6.000000 4.000000 500 600 400 14 6 3 2
0.0005830835720801 0.0004299879874825 4.0395699819999997 5.000000 6.000000 4.000000 1000 1200 800 14 6 3 2
0.0001457544133720 0.0001074935118341 28.9487629620000000 5.000000 6.000000 4.000000 2000 2400 1600 14 6 3 2
0.0000364375726220 0.0000268717374674 220.7503660749999881 5.000000 6.000000 4.000000 4000 4800 3200 14 6 3 2
0.0023333895001457 0.0017209309541750 0.6685754380000000 5.000000 6.000000 4.000000 500 600 400 16 6 3 2
0.0005830835720801 0.0004299879874825 3.6006040549999998 5.000000 6.000000 4.000000 1000 1200 800 16 6 3 2
0.0001457544133720 0.0001074935118341 25.8539411470000005 5.000000 6.000000 4.000000 2000 2400 1600 16 6 3 2
0.0000364375726220 0.0000268717374674 197.7212882929999864 5.000000 6.000000 4.000000 4000 4800 3200 16 6 3 2
0.0023333895001457 0.0017209309541750 0.6311168819999999 5.000000 6.000000 4.000000 500 600 400 18 6 3 2
0.0005830835720801 0.0004299879874825 3.3301175810000001 5.000000 6.000000 4.000000 1000 1200 800 18 6 3 2
0.0001457544133720 0.0001074935118341 23.4623131690000015 5.000000 6.000000 4.000000 2000 2400 1600 18 6 3 2
0.0000364375726220 0.0000268717374674 178.7443689289999895 5.000000 6.000000 4.000000 4000 4800 3200 18 6 3 2
0.0023333895001457 0.0017209309541750 0.6183441570000000 5.000000 6.000000 4.000000 500 600 400 20 6 3 2
0.0005830835720801 0.0004299879874825 3.1197878100000001 5.000000 6.000000 4.000000 1000 1200 800 20 6 3 2
0.0001457544133720 0.0001074935118341 21.7828267209999993 5.000000 6.000000 4.000000 2000 2400 1600 20 6 3 2
0.0000364375726220 0.0000268717374674 178.3045431980000046 5.000000 6.000000 4.000000 4000 4800 3200 20 6 3 2
0.0023333895001457 0.0017209309541750 0.5275253580000000 5.000000 6.000000 4.000000 500 600 400 22 6 3 2
0.0005830835720801 0.0004299879874825 3.1486566169999999 5.000000 6.000000 4.000000 1000 1200 800 22 6 3 2
0.0001457544133720 0.0001074935118341 21.1554992929999983 5.000000 6.000000 4.000000 2000 2400 1600 22 6 3 2
0.0000364375726220 0.0000268717374674 158.1298126739999930 5.000000 6.000000 4.000000 4000 4800 3200 22 6 3 2
0.0023333895001457 0.0017209309541750 0.5415100690000000 5.000000 6.000000 4.000000 500 600 400 24 6 3 2
0.0005830835720801 0.0004299879874825 3.3490539650000000 5.000000 6.000000 4.000000 1000 1200 800 24 6 3 2
0.0001457544133720 0.0001074935118341 19.7876438549999989 5.000000 6.000000 4.000000 2000 2400 1600 24 6 3 2
0.0000364375726220 0.0000268717374674 148.9746258200000000 5.000000 6.000000 4.000000 4000 4800 3200 24 6 3 2
0.0023333895001457 0.0017209309541750 0.4771380170000000 5.000000 6.000000 4.000000 500 600 400 26 6 3 2
0.0005830835720801 0.0004299879874825 2.7286041960000000 5.000000 6.000000 4.000000 1000 1200 800 26 6 3 2
0.0001457544133720 0.0001074935118341 18.3531978309999992 5.000000 6.000000 4.000000 2000 2400 1600 26 6 3 2
0.0000364375726220 0.0000268717374674 137.7844203989999983 5.000000 6.000000 4.000000 4000 4800 3200 26 6 3 2
0.0023333895001457 0.0017209309541750 0.4657570420000000 5.000000 6.000000 4.000000 500 600 400 28 6 3 2
0.0005830835720801 0.0004299879874825 2.5102785590000001 5.000000 6.000000 4.000000 1000 1200 800 28 6 3 2
0.0001457544133720 0.0001074935118341 17.1683848740000009 5.000000 6.000000 4.000000 2000 2400 1600 28 6 3 2
0.0000364375726220 0.0000268717374674 130.8886002380000093 5.000000 6.000000 4.000000 4000 4800 3200 28 6 3 2
0.0023333895001457 0.0017209309541750 0.4806221220000000 5.000000 6.000000 4.000000 500 600 400 30 6 3 2
0.0005830835720801 0.0004299879874825 2.3468628360000001 5.000000 6.000000 4.000000 1000 1200 800 30 6 3 2
0.0001457544133720 0.0001074935118341 16.1672912070000017 5.000000 6.000000 4.000000 2000 2400 1600 30 6 3 2
0.0000364375726220 0.0000268717374674 117.2304903440000032 5.000000 6.000000 4.000000 4000 4800 3200 30 6 3 2
0.0023333895001457 0.0017209309541750 0.4626992840000000 5.000000 6.000000 4.000000 500 600 400 32 6 3 2
0.0005830835720801 0.0004299879874825 2.4076555859999997 5.000000 6.000000 4.000000 1000 1200 800 32 6 3 2
0.0001457544133720 0.0001074935118341 16.5234216789999984 5.000000 6.000000 4.000000 2000 2400 1600 32 6 3 2
0.0000364375726220 0.0000268717374674 111.0507437739999972 5.000000 6.000000 4.000000 4000 4800 3200 32 6 3 2
0.0023333895001457 0.0017209309541750 0.4852908930000000 5.000000 6.000000 4.000000 500 600 400 34 6 3 2
0.0005830835720801 0.0004299879874825 2.3224870549999999 5.000000 6.000000 4.000000 1000 1200 800 34 6 3 2
0.0001457544133720 0.0001074935118341 13.8895140619999999 5.000000 6.000000 4.000000 2000 2400 1600 34 6 3 2
0.0000364375726220 0.0000268717374674 151.4315404859999887 5.000000 6.000000 4.000000 4000 4800 3200 34 6 3 2
0.0023333895001457 0.0017209309541750 0.9411388540000000 5.000000 6.000000 4.000000 500 600 400 36 6 3 2
0.0005830835720801 0.0004299879874825 3.0113405090000001 5.000000 6.000000 4.000000 1000 1200 800 36 6 3 2
0.0001457544133720 0.0001074935118341 19.3273802580000016 5.000000 6.000000 4.000000 2000 2400 1600 36 6 3 2
0.0000364375726220 0.0000268717374674 132.2147583290000057 5.000000 6.000000 4.000000 4000 4800 3200 36 6 3 2
