0.0023333895001457 0.0017209309541750 3.3864698679999998 5.000000 6.000000 4.000000 500 600 400 1 12
0.0005830835720801 0.0004299879874825 23.7348524149999989 5.000000 6.000000 4.000000 1000 1200 800 1 12
0.0001457544133720 0.0001074935118341 180.1890729630000010 5.000000 6.000000 4.000000 2000 2400 1600 1 12
0.0000364375726220 0.0000268717374674 1396.2800558559999899 5.000000 6.000000 4.000000 4000 4800 3200 1 12
0.0023333895001457 0.0017209309541750 2.7353942370000000 5.000000 6.000000 4.000000 500 600 400 2 12
0.0005830835720801 0.0004299879874825 12.0204577439999998 5.000000 6.000000 4.000000 1000 1200 800 2 12
0.0001457544133720 0.0001074935118341 90.2467740470000024 5.000000 6.000000 4.000000 2000 2400 1600 2 12
0.0000364375726220 0.0000268717374674 829.1252356590000545 5.000000 6.000000 4.000000 4000 4800 3200 2 12
0.0023333895001457 0.0017209309541750 1.3593038060000000 5.000000 6.000000 4.000000 500 600 400 3 12
0.0005830835720801 0.0004299879874825 10.2889818939999991 5.000000 6.000000 4.000000 1000 1200 800 3 12
0.0001457544133720 0.0001074935118341 68.6794456739999930 5.000000 6.000000 4.000000 2000 2400 1600 3 12
0.0000364375726220 0.0000268717374674 515.8824303979999968 5.000000 6.000000 4.000000 4000 4800 3200 3 12
0.0023333895001457 0.0017209309541750 1.1368960700000001 5.000000 6.000000 4.000000 500 600 400 4 12
0.0005830835720801 0.0004299879874825 6.6589750959999998 5.000000 6.000000 4.000000 1000 1200 800 4 12
0.0001457544133720 0.0001074935118341 46.6787114779999968 5.000000 6.000000 4.000000 2000 2400 1600 4 12
0.0000364375726220 0.0000268717374674 357.2602066000000036 5.000000 6.000000 4.000000 4000 4800 3200 4 12
0.0023333895001457 0.0017209309541750 0.9663982870000000 5.000000 6.000000 4.000000 500 600 400 5 12
0.0005830835720801 0.0004299879874825 5.2784426829999997 5.000000 6.000000 4.000000 1000 1200 800 5 12
0.0001457544133720 0.0001074935118341 37.6740233069999988 5.000000 6.000000 4.000000 2000 2400 1600 5 12
0.0000364375726220 0.0000268717374674 290.2436188159999801 5.000000 6.000000 4.000000 4000 4800 3200 5 12
0.0023333895001457 0.0017209309541750 0.8633706919999999 5.000000 6.000000 4.000000 500 600 400 6 12
0.0005830835720801 0.0004299879874825 4.5154966800000000 5.000000 6.000000 4.000000 1000 1200 800 6 12
0.0001457544133720 0.0001074935118341 32.5290411320000032 5.000000 6.000000 4.000000 2000 2400 1600 6 12
0.0000364375726220 0.0000268717374674 243.9202830419999941 5.000000 6.000000 4.000000 4000 4800 3200 6 12
0.0023333895001457 0.0017209309541750 0.7938888260000000 5.000000 6.000000 4.000000 500 600 400 7 12
0.0005830835720801 0.0004299879874825 3.8359183280000000 5.000000 6.000000 4.000000 1000 1200 800 7 12
0.0001457544133720 0.0001074935118341 27.1007989060000014 5.000000 6.000000 4.000000 2000 2400 1600 7 12
0.0000364375726220 0.0000268717374674 214.8948100899999929 5.000000 6.000000 4.000000 4000 4800 3200 7 12
0.0023333895001457 0.0017209309541750 0.6893070710000000 5.000000 6.000000 4.000000 500 600 400 8 12
0.0005830835720801 0.0004299879874825 3.3894853390000002 5.000000 6.000000 4.000000 1000 1200 800 8 12
0.0001457544133720 0.0001074935118341 24.1838669740000007 5.000000 6.000000 4.000000 2000 2400 1600 8 12
0.0000364375726220 0.0000268717374674 180.4835083160000124 5.000000 6.000000 4.000000 4000 4800 3200 8 12
0.0023333895001457 0.0017209309541750 0.6322044260000000 5.000000 6.000000 4.000000 500 600 400 9 12
0.0005830835720801 0.0004299879874825 3.1892276339999999 5.000000 6.000000 4.000000 1000 1200 800 9 12
0.0001457544133720 0.0001074935118341 22.3695142169999990 5.000000 6.000000 4.000000 2000 2400 1600 9 12
0.0000364375726220 0.0000268717374674 164.8847350949999964 5.000000 6.000000 4.000000 4000 4800 3200 9 12
0.0023333895001457 0.0017209309541750 0.5629150450000000 5.000000 6.000000 4.000000 500 600 400 10 12
0.0005830835720801 0.0004299879874825 2.8920152099999998 5.000000 6.000000 4.000000 1000 1200 800 10 12
0.0001457544133720 0.0001074935118341 19.6748329929999990 5.000000 6.000000 4.000000 2000 2400 1600 10 12
0.0000364375726220 0.0000268717374674 151.9738647329999992 5.000000 6.000000 4.000000 4000 4800 3200 10 12
0.0023333895001457 0.0017209309541750 0.5367280290000001 5.000000 6.000000 4.000000 500 600 400 11 12
0.0005830835720801 0.0004299879874825 2.8056860349999999 5.000000 6.000000 4.000000 1000 1200 800 11 12
0.0001457544133720 0.0001074935118341 18.2473380509999998 5.000000 6.000000 4.000000 2000 2400 1600 11 12
0.0000364375726220 0.0000268717374674 138.7627536990000010 5.000000 6.000000 4.000000 4000 4800 3200 11 12
0.0023333895001457 0.0017209309541750 0.5071271970000000 5.000000 6.000000 4.000000 500 600 400 12 12
0.0005830835720801 0.0004299879874825 2.5329930790000001 5.000000 6.000000 4.000000 1000 1200 800 12 12
0.0001457544133720 0.0001074935118341 17.2464772659999994 5.000000 6.000000 4.000000 2000 2400 1600 12 12
0.0000364375726220 0.0000268717374674 129.0016346259999978 5.000000 6.000000 4.000000 4000 4800 3200 12 12
0.0023333895001457 0.0017209309541750 0.4628961370000000 5.000000 6.000000 4.000000 500 600 400 13 12
0.0005830835720801 0.0004299879874825 5.0119223469999996 5.000000 6.000000 4.000000 1000 1200 800 13 12
0.0001457544133720 0.0001074935118341 15.8387826080000007 5.000000 6.000000 4.000000 2000 2400 1600 13 12
0.0000364375726220 0.0000268717374674 119.7382706589999941 5.000000 6.000000 4.000000 4000 4800 3200 13 12
0.0023333895001457 0.0017209309541750 0.4801902850000000 5.000000 6.000000 4.000000 500 600 400 14 12
0.0005830835720801 0.0004299879874825 2.3099413470000001 5.000000 6.000000 4.000000 1000 1200 800 14 12
0.0001457544133720 0.0001074935118341 15.0106766999999994 5.000000 6.000000 4.000000 2000 2400 1600 14 12
0.0000364375726220 0.0000268717374674 122.8311493960000007 5.000000 6.000000 4.000000 4000 4800 3200 14 12
0.0023333895001457 0.0017209309541750 0.4149061320000000 5.000000 6.000000 4.000000 500 600 400 15 12
0.0005830835720801 0.0004299879874825 2.1492015009999998 5.000000 6.000000 4.000000 1000 1200 800 15 12
0.0001457544133720 0.0001074935118341 14.0794922000000007 5.000000 6.000000 4.000000 2000 2400 1600 15 12
0.0000364375726220 0.0000268717374674 110.1525751140000011 5.000000 6.000000 4.000000 4000 4800 3200 15 12
0.0023333895001457 0.0017209309541750 0.4083480200000000 5.000000 6.000000 4.000000 500 600 400 16 12
0.0005830835720801 0.0004299879874825 2.0259726499999999 5.000000 6.000000 4.000000 1000 1200 800 16 12
0.0001457544133720 0.0001074935118341 13.1132580109999992 5.000000 6.000000 4.000000 2000 2400 1600 16 12
0.0000364375726220 0.0000268717374674 107.6528522570000064 5.000000 6.000000 4.000000 4000 4800 3200 16 12
0.0023333895001457 0.0017209309541750 0.3675490330000000 5.000000 6.000000 4.000000 500 600 400 17 12
0.0005830835720801 0.0004299879874825 2.0118485179999999 5.000000 6.000000 4.000000 1000 1200 800 17 12
0.0001457544133720 0.0001074935118341 13.0486363399999998 5.000000 6.000000 4.000000 2000 2400 1600 17 12
0.0000364375726220 0.0000268717374674 102.0861420960000032 5.000000 6.000000 4.000000 4000 4800 3200 17 12
0.0023333895001457 0.0017209309541750 0.5858386740000000 5.000000 6.000000 4.000000 500 600 400 18 12
0.0005830835720801 0.0004299879874825 2.0945681280000001 5.000000 6.000000 4.000000 1000 1200 800 18 12
0.0001457544133720 0.0001074935118341 17.3837572450000017 5.000000 6.000000 4.000000 2000 2400 1600 18 12
0.0000364375726220 0.0000268717374674 135.7468963139999971 5.000000 6.000000 4.000000 4000 4800 3200 18 12
