0.0023333895001457 0.0017209309541750 3.3782682839999998 5.000000 6.000000 4.000000 500 600 400 2 6 3 2
0.0005830835720801 0.0004299879874825 23.1694010010000007 5.000000 6.000000 4.000000 1000 1200 800 2 6 3 2
0.0001457544133720 0.0001074935118341 176.0622137400000042 5.000000 6.000000 4.000000 2000 2400 1600 2 6 3 2
0.0000364375726220 0.0000268717374674 1376.5984422930000619 5.000000 6.000000 4.000000 4000 4800 3200 2 6 3 2
0.0023333895001457 0.0017209309541750 1.9058346310000001 5.000000 6.000000 4.000000 500 600 400 4 6 3 2
0.0005830835720801 0.0004299879874825 12.0972284890000008 5.000000 6.000000 4.000000 1000 1200 800 4 6 3 2
0.0001457544133720 0.0001074935118341 90.1512838379999977 5.000000 6.000000 4.000000 2000 2400 1600 4 6 3 2
0.0000364375726220 0.0000268717374674 694.5944233809999560 5.000000 6.000000 4.000000 4000 4800 3200 4 6 3 2
0.0023333895001457 0.0017209309541750 1.4170354619999999 5.000000 6.000000 4.000000 500 600 400 6 6 3 2
0.0005830835720801 0.0004299879874825 8.4039706469999995 5.000000 6.000000 4.000000 1000 1200 800 6 6 3 2
0.0001457544133720 0.0001074935118341 60.5963742599999975 5.000000 6.000000 4.000000 2000 2400 1600 6 6 3 2
0.0000364375726220 0.0000268717374674 466.7351937249999878 5.000000 6.000000 4.000000 4000 4800 3200 6 6 3 2
0.0023333895001457 0.0017209309541750 1.1674914580000000 5.000000 6.000000 4.000000 500 600 400 8 6 3 2
0.0005830835720801 0.0004299879874825 6.3747992460000003 5.000000 6.000000 4.000000 1000 1200 800 8 6 3 2
0.0001457544133720 0.0001074935118341 45.6936646240000002 5.000000 6.000000 4.000000 2000 2400 1600 8 6 3 2
0.0000364375726220 0.0000268717374674 350.8822182850000218 5.000000 6.000000 4.000000 4000 4800 3200 8 6 3 2
0.0023333895001457 0.0017209309541750 0.9980558950000000 5.000000 6.000000 4.000000 500 600 400 10 6 3 2
0.0005830835720801 0.0004299879874825 5.2424859809999997 5.000000 6.000000 4.000000 1000 1200 800 10 6 3 2
0.0001457544133720 0.0001074935118341 37.3680760599999999 5.000000 6.000000 4.000000 2000 2400 1600 10 6 3 2
0.0000364375726220 0.0000268717374674 287.5337690069999894 5.000000 6.000000 4.000000 4000 4800 3200 10 6 3 2
0.0023333895001457 0.0017209309541750 0.8908404860000000 5.000000 6.000000 4.000000 500 600 400 12 6 3 2
0.0005830835720801 0.0004299879874825 4.7326199080000002 5.000000 6.000000 4.000000 1000 1200 800 12 6 3 2
0.0001457544133720 0.0001074935118341 33.2388822590000004 5.000000 6.000000 4.000000 2000 2400 1600 12 6 3 2
0.0000364375726220 0.0000268717374674 269.8604776810000203 5.000000 6.000000 4.000000 4000 4800 3200 12 6 3 2
0.0023333895001457 0.0017209309541750 0.7924076070000000 5.000000 6.000000 4.000000 500 600 400 14 6 3 2
0.0005830835720801 0.0004299879874825 4.1166672350000004 5.000000 6.000000 4.000000 1000 1200 800 14 6 3 2
0.0001457544133720 0.0001074935118341 28.9843685590000000 5.000000 6.000000 4.000000 2000 2400 1600 14 6 3 2
0.0000364375726220 0.0000268717374674 224.1619833729999982 5.000000 6.000000 4.000000 4000 4800 3200 14 6 3 2
0.0023333895001457 0.0017209309541750 0.7083351510000000 5.000000 6.000000 4.000000 500 600 400 16 6 3 2
0.0005830835720801 0.0004299879874825 3.6751769290000000 5.000000 6.000000 4.000000 1000 1200 800 16 6 3 2
0.0001457544133720 0.0001074935118341 25.8002600450000017 5.000000 6.000000 4.000000 2000 2400 1600 16 6 3 2
0.0000364375726220 0.0000268717374674 201.8818882529999996 5.000000 6.000000 4.000000 4000 4800 3200 16 6 3 2
0.0023333895001457 0.0017209309541750 0.6299431320000000 5.000000 6.000000 4.000000 500 600 400 18 6 3 2
0.0005830835720801 0.0004299879874825 3.3441001159999999 5.000000 6.000000 4.000000 1000 1200 800 18 6 3 2
0.0001457544133720 0.0001074935118341 23.3298584429999991 5.000000 6.000000 4.000000 2000 2400 1600 18 6 3 2
0.0000364375726220 0.0000268717374674 178.0586387920000107 5.000000 6.000000 4.000000 4000 4800 3200 18 6 3 2
0.0023333895001457 0.0017209309541750 0.7215990280000000 5.000000 6.000000 4.000000 500 600 400 20 6 3 2
0.0005830835720801 0.0004299879874825 3.1988749190000001 5.000000 6.000000 4.000000 1000 1200 800 20 6 3 2
0.0001457544133720 0.0001074935118341 22.4988213019999996 5.000000 6.000000 4.000000 2000 2400 1600 20 6 3 2
0.0000364375726220 0.0000268717374674 174.4440351590000091 5.000000 6.000000 4.000000 4000 4800 3200 20 6 3 2
0.0023333895001457 0.0017209309541750 0.5552828370000000 5.000000 6.000000 4.000000 500 600 400 22 6 3 2
0.0005830835720801 0.0004299879874825 3.2545944100000002 5.000000 6.000000 4.000000 1000 1200 800 22 6 3 2
0.0001457544133720 0.0001074935118341 22.8386475980000014 5.000000 6.000000 4.000000 2000 2400 1600 22 6 3 2
0.0000364375726220 0.0000268717374674 156.8268899480000016 5.000000 6.000000 4.000000 4000 4800 3200 22 6 3 2
0.0023333895001457 0.0017209309541750 0.5302977120000000 5.000000 6.000000 4.000000 500 600 400 24 6 3 2
0.0005830835720801 0.0004299879874825 3.0102326910000001 5.000000 6.000000 4.000000 1000 1200 800 24 6 3 2
0.0001457544133720 0.0001074935118341 19.6190236519999992 5.000000 6.000000 4.000000 2000 2400 1600 24 6 3 2
0.0000364375726220 0.0000268717374674 147.5258482870000023 5.000000 6.000000 4.000000 4000 4800 3200 24 6 3 2
0.0023333895001457 0.0017209309541750 0.5000078510000000 5.000000 6.000000 4.000000 500 600 400 26 6 3 2
0.0005830835720801 0.0004299879874825 2.7710909899999998 5.000000 6.000000 4.000000 1000 1200 800 26 6 3 2
0.0001457544133720 0.0001074935118341 18.5065723449999986 5.000000 6.000000 4.000000 2000 2400 1600 26 6 3 2
0.0000364375726220 0.0000268717374674 140.2862415969999859 5.000000 6.000000 4.000000 4000 4800 3200 26 6 3 2
0.0023333895001457 0.0017209309541750 0.5104672520000000 5.000000 6.000000 4.000000 500 600 400 28 6 3 2
0.0005830835720801 0.0004299879874825 2.6114060930000003 5.000000 6.000000 4.000000 1000 1200 800 28 6 3 2
0.0001457544133720 0.0001074935118341 16.8533566730000004 5.000000 6.000000 4.000000 2000 2400 1600 28 6 3 2
0.0000364375726220 0.0000268717374674 128.8828048279999905 5.000000 6.000000 4.000000 4000 4800 3200 28 6 3 2
0.0023333895001457 0.0017209309541750 0.4928321740000000 5.000000 6.000000 4.000000 500 600 400 30 6 3 2
0.0005830835720801 0.0004299879874825 2.3119464860000001 5.000000 6.000000 4.000000 1000 1200 800 30 6 3 2
0.0001457544133720 0.0001074935118341 15.4642339839999998 5.000000 6.000000 4.000000 2000 2400 1600 30 6 3 2
0.0000364375726220 0.0000268717374674 117.5468161569999950 5.000000 6.000000 4.000000 4000 4800 3200 30 6 3 2
0.0023333895001457 0.0017209309541750 0.5068886889999999 5.000000 6.000000 4.000000 500 600 400 32 6 3 2
0.0005830835720801 0.0004299879874825 2.5665498920000003 5.000000 6.000000 4.000000 1000 1200 800 32 6 3 2
0.0001457544133720 0.0001074935118341 14.5083340419999995 5.000000 6.000000 4.000000 2000 2400 1600 32 6 3 2
0.0000364375726220 0.0000268717374674 111.4434926290000050 5.000000 6.000000 4.000000 4000 4800 3200 32 6 3 2
0.0023333895001457 0.0017209309541750 0.6055887810000000 5.000000 6.000000 4.000000 500 600 400 34 6 3 2
0.0005830835720801 0.0004299879874825 2.6700793009999999 5.000000 6.000000 4.000000 1000 1200 800 34 6 3 2
0.0001457544133720 0.0001074935118341 13.9913106999999997 5.000000 6.000000 4.000000 2000 2400 1600 34 6 3 2
0.0000364375726220 0.0000268717374674 110.2847711689999954 5.000000 6.000000 4.000000 4000 4800 3200 34 6 3 2
0.0023333895001457 0.0017209309541750 0.4992840620000000 5.000000 6.000000 4.000000 500 600 400 36 6 3 2
0.0005830835720801 0.0004299879874825 2.4754860989999998 5.000000 6.000000 4.000000 1000 1200 800 36 6 3 2
0.0001457544133720 0.0001074935118341 17.4149415519999984 5.000000 6.000000 4.000000 2000 2400 1600 36 6 3 2
0.0000364375726220 0.0000268717374674 125.5146150970000036 5.000000 6.000000 4.000000 4000 4800 3200 36 6 3 2
