0.0023333895001457 0.0017209309541750 3.1955753749999998 5.000000 6.000000 4.000000 500 600 400 1 12 4 3
0.0005830835720801 0.0004299879874825 23.2993101459999998 5.000000 6.000000 4.000000 1000 1200 800 1 12 4 3
0.0001457544133720 0.0001074935118341 174.9444100300000002 5.000000 6.000000 4.000000 2000 2400 1600 1 12 4 3
0.0000364375726220 0.0000268717374674 1349.4430150010000489 5.000000 6.000000 4.000000 4000 4800 3200 1 12 4 3
0.0023333895001457 0.0017209309541750 1.9275719890000000 5.000000 6.000000 4.000000 500 600 400 2 12 4 3
0.0005830835720801 0.0004299879874825 12.3863549460000009 5.000000 6.000000 4.000000 1000 1200 800 2 12 4 3
0.0001457544133720 0.0001074935118341 91.7971012870000038 5.000000 6.000000 4.000000 2000 2400 1600 2 12 4 3
0.0000364375726220 0.0000268717374674 708.8762766290000172 5.000000 6.000000 4.000000 4000 4800 3200 2 12 4 3
0.0023333895001457 0.0017209309541750 1.3512874909999999 5.000000 6.000000 4.000000 500 600 400 3 12 4 3
0.0005830835720801 0.0004299879874825 10.1154396010000003 5.000000 6.000000 4.000000 1000 1200 800 3 12 4 3
0.0001457544133720 0.0001074935118341 61.5185223760000000 5.000000 6.000000 4.000000 2000 2400 1600 3 12 4 3
0.0000364375726220 0.0000268717374674 477.0925136839999823 5.000000 6.000000 4.000000 4000 4800 3200 3 12 4 3
0.0023333895001457 0.0017209309541750 1.1303956540000000 5.000000 6.000000 4.000000 500 600 400 4 12 4 3
0.0005830835720801 0.0004299879874825 6.2173832109999996 5.000000 6.000000 4.000000 1000 1200 800 4 12 4 3
0.0001457544133720 0.0001074935118341 46.6839742330000007 5.000000 6.000000 4.000000 2000 2400 1600 4 12 4 3
0.0000364375726220 0.0000268717374674 360.0882244539999988 5.000000 6.000000 4.000000 4000 4800 3200 4 12 4 3
0.0023333895001457 0.0017209309541750 0.9652273190000000 5.000000 6.000000 4.000000 500 600 400 5 12 4 3
0.0005830835720801 0.0004299879874825 5.3227717470000000 5.000000 6.000000 4.000000 1000 1200 800 5 12 4 3
0.0001457544133720 0.0001074935118341 38.3341334699999976 5.000000 6.000000 4.000000 2000 2400 1600 5 12 4 3
0.0000364375726220 0.0000268717374674 288.4616473070000211 5.000000 6.000000 4.000000 4000 4800 3200 5 12 4 3
0.0023333895001457 0.0017209309541750 0.8309974369999999 5.000000 6.000000 4.000000 500 600 400 6 12 4 3
0.0005830835720801 0.0004299879874825 4.4018658569999998 5.000000 6.000000 4.000000 1000 1200 800 6 12 4 3
0.0001457544133720 0.0001074935118341 32.3019875800000023 5.000000 6.000000 4.000000 2000 2400 1600 6 12 4 3
0.0000364375726220 0.0000268717374674 242.7866170620000048 5.000000 6.000000 4.000000 4000 4800 3200 6 12 4 3
0.0023333895001457 0.0017209309541750 0.7305342670000000 5.000000 6.000000 4.000000 500 600 400 7 12 4 3
0.0005830835720801 0.0004299879874825 3.8584973290000000 5.000000 6.000000 4.000000 1000 1200 800 7 12 4 3
0.0001457544133720 0.0001074935118341 26.9658762319999994 5.000000 6.000000 4.000000 2000 2400 1600 7 12 4 3
0.0000364375726220 0.0000268717374674 208.0525429850000023 5.000000 6.000000 4.000000 4000 4800 3200 7 12 4 3
0.0023333895001457 0.0017209309541750 0.6640177520000000 5.000000 6.000000 4.000000 500 600 400 8 12 4 3
0.0005830835720801 0.0004299879874825 3.5249595390000001 5.000000 6.000000 4.000000 1000 1200 800 8 12 4 3
0.0001457544133720 0.0001074935118341 24.2887443320000003 5.000000 6.000000 4.000000 2000 2400 1600 8 12 4 3
0.0000364375726220 0.0000268717374674 247.8187005499999884 5.000000 6.000000 4.000000 4000 4800 3200 8 12 4 3
0.0023333895001457 0.0017209309541750 0.5961757880000000 5.000000 6.000000 4.000000 500 600 400 9 12 4 3
0.0005830835720801 0.0004299879874825 3.9815973260000002 5.000000 6.000000 4.000000 1000 1200 800 9 12 4 3
0.0001457544133720 0.0001074935118341 21.7463366690000015 5.000000 6.000000 4.000000 2000 2400 1600 9 12 4 3
0.0000364375726220 0.0000268717374674 164.9465155880000111 5.000000 6.000000 4.000000 4000 4800 3200 9 12 4 3
0.0023333895001457 0.0017209309541750 0.5537298150000000 5.000000 6.000000 4.000000 500 600 400 10 12 4 3
0.0005830835720801 0.0004299879874825 3.0183627049999999 5.000000 6.000000 4.000000 1000 1200 800 10 12 4 3
0.0001457544133720 0.0001074935118341 19.6181426849999987 5.000000 6.000000 4.000000 2000 2400 1600 10 12 4 3
0.0000364375726220 0.0000268717374674 149.0475271200000122 5.000000 6.000000 4.000000 4000 4800 3200 10 12 4 3
0.0023333895001457 0.0017209309541750 0.5240801490000000 5.000000 6.000000 4.000000 500 600 400 11 12 4 3
0.0005830835720801 0.0004299879874825 3.3218779850000000 5.000000 6.000000 4.000000 1000 1200 800 11 12 4 3
0.0001457544133720 0.0001074935118341 24.7266636660000003 5.000000 6.000000 4.000000 2000 2400 1600 11 12 4 3
0.0000364375726220 0.0000268717374674 137.1596505279999860 5.000000 6.000000 4.000000 4000 4800 3200 11 12 4 3
0.0023333895001457 0.0017209309541750 0.5406541610000000 5.000000 6.000000 4.000000 500 600 400 12 12 4 3
0.0005830835720801 0.0004299879874825 2.5031517540000001 5.000000 6.000000 4.000000 1000 1200 800 12 12 4 3
0.0001457544133720 0.0001074935118341 24.7586759160000014 5.000000 6.000000 4.000000 2000 2400 1600 12 12 4 3
0.0000364375726220 0.0000268717374674 133.8209334430000013 5.000000 6.000000 4.000000 4000 4800 3200 12 12 4 3
0.0023333895001457 0.0017209309541750 0.4920373410000000 5.000000 6.000000 4.000000 500 600 400 13 12 4 3
0.0005830835720801 0.0004299879874825 2.3966191289999998 5.000000 6.000000 4.000000 1000 1200 800 13 12 4 3
0.0001457544133720 0.0001074935118341 16.0080985099999999 5.000000 6.000000 4.000000 2000 2400 1600 13 12 4 3
0.0000364375726220 0.0000268717374674 158.2026403579999965 5.000000 6.000000 4.000000 4000 4800 3200 13 12 4 3
0.0023333895001457 0.0017209309541750 0.4187094689999999 5.000000 6.000000 4.000000 500 600 400 14 12 4 3
0.0005830835720801 0.0004299879874825 2.2104404930000001 5.000000 6.000000 4.000000 1000 1200 800 14 12 4 3
0.0001457544133720 0.0001074935118341 20.9197045949999989 5.000000 6.000000 4.000000 2000 2400 1600 14 12 4 3
0.0000364375726220 0.0000268717374674 113.6966998129999951 5.000000 6.000000 4.000000 4000 4800 3200 14 12 4 3
0.0023333895001457 0.0017209309541750 0.4878646350000000 5.000000 6.000000 4.000000 500 600 400 15 12 4 3
0.0005830835720801 0.0004299879874825 2.5873053250000000 5.000000 6.000000 4.000000 1000 1200 800 15 12 4 3
0.0001457544133720 0.0001074935118341 16.8663801870000007 5.000000 6.000000 4.000000 2000 2400 1600 15 12 4 3
0.0000364375726220 0.0000268717374674 106.3740184050000011 5.000000 6.000000 4.000000 4000 4800 3200 15 12 4 3
0.0023333895001457 0.0017209309541750 0.3903320430000000 5.000000 6.000000 4.000000 500 600 400 16 12 4 3
0.0005830835720801 0.0004299879874825 2.5636446710000000 5.000000 6.000000 4.000000 1000 1200 800 16 12 4 3
0.0001457544133720 0.0001074935118341 17.5386358639999997 5.000000 6.000000 4.000000 2000 2400 1600 16 12 4 3
0.0000364375726220 0.0000268717374674 144.8655025529999989 5.000000 6.000000 4.000000 4000 4800 3200 16 12 4 3
0.0023333895001457 0.0017209309541750 0.3528662980000000 5.000000 6.000000 4.000000 500 600 400 17 12 4 3
0.0005830835720801 0.0004299879874825 2.2550481530000002 5.000000 6.000000 4.000000 1000 1200 800 17 12 4 3
0.0001457544133720 0.0001074935118341 16.6573161039999995 5.000000 6.000000 4.000000 2000 2400 1600 17 12 4 3
0.0000364375726220 0.0000268717374674 97.4089981730000005 5.000000 6.000000 4.000000 4000 4800 3200 17 12 4 3
0.0023333895001457 0.0017209309541750 0.4609911220000000 5.000000 6.000000 4.000000 500 600 400 18 12 4 3
0.0005830835720801 0.0004299879874825 2.9799134289999998 5.000000 6.000000 4.000000 1000 1200 800 18 12 4 3
0.0001457544133720 0.0001074935118341 17.6576437949999985 5.000000 6.000000 4.000000 2000 2400 1600 18 12 4 3
0.0000364375726220 0.0000268717374674 112.2068409700000018 5.000000 6.000000 4.000000 4000 4800 3200 18 12 4 3
