0.0023333895001457 0.0017209309541750 3.4074583990000002 5.000000 6.000000 4.000000 500 600 400 1 12
0.0005830835720801 0.0004299879874825 23.3520168870000013 5.000000 6.000000 4.000000 1000 1200 800 1 12
0.0001457544133720 0.0001074935118341 179.7895801539999923 5.000000 6.000000 4.000000 2000 2400 1600 1 12
0.0000364375726220 0.0000268717374674 1388.7615593259999969 5.000000 6.000000 4.000000 4000 4800 3200 1 12
0.0023333895001457 0.0017209309541750 1.8741694990000000 5.000000 6.000000 4.000000 500 600 400 2 12
0.0005830835720801 0.0004299879874825 15.7205548589999999 5.000000 6.000000 4.000000 1000 1200 800 2 12
0.0001457544133720 0.0001074935118341 89.0481670449999996 5.000000 6.000000 4.000000 2000 2400 1600 2 12
0.0000364375726220 0.0000268717374674 844.4548738290000074 5.000000 6.000000 4.000000 4000 4800 3200 2 12
0.0023333895001457 0.0017209309541750 1.4108611629999999 5.000000 6.000000 4.000000 500 600 400 3 12
0.0005830835720801 0.0004299879874825 8.1643567029999993 5.000000 6.000000 4.000000 1000 1200 800 3 12
0.0001457544133720 0.0001074935118341 63.6810900739999965 5.000000 6.000000 4.000000 2000 2400 1600 3 12
0.0000364375726220 0.0000268717374674 479.9707041429999776 5.000000 6.000000 4.000000 4000 4800 3200 3 12
0.0023333895001457 0.0017209309541750 1.1556979869999999 5.000000 6.000000 4.000000 500 600 400 4 12
0.0005830835720801 0.0004299879874825 6.7307345989999998 5.000000 6.000000 4.000000 1000 1200 800 4 12
0.0001457544133720 0.0001074935118341 48.7862840969999993 5.000000 6.000000 4.000000 2000 2400 1600 4 12
0.0000364375726220 0.0000268717374674 359.1810634049999749 5.000000 6.000000 4.000000 4000 4800 3200 4 12
0.0023333895001457 0.0017209309541750 0.9570233730000000 5.000000 6.000000 4.000000 500 600 400 5 12
0.0005830835720801 0.0004299879874825 5.4184869149999999 5.000000 6.000000 4.000000 1000 1200 800 5 12
0.0001457544133720 0.0001074935118341 38.5092067249999985 5.000000 6.000000 4.000000 2000 2400 1600 5 12
0.0000364375726220 0.0000268717374674 290.4640978499999733 5.000000 6.000000 4.000000 4000 4800 3200 5 12
0.0023333895001457 0.0017209309541750 0.8550600690000000 5.000000 6.000000 4.000000 500 600 400 6 12
0.0005830835720801 0.0004299879874825 4.3929372480000000 5.000000 6.000000 4.000000 1000 1200 800 6 12
0.0001457544133720 0.0001074935118341 31.4016354749999991 5.000000 6.000000 4.000000 2000 2400 1600 6 12
0.0000364375726220 0.0000268717374674 244.7589042840000104 5.000000 6.000000 4.000000 4000 4800 3200 6 12
0.0023333895001457 0.0017209309541750 0.7745912370000000 5.000000 6.000000 4.000000 500 600 400 7 12
0.0005830835720801 0.0004299879874825 3.8515560480000000 5.000000 6.000000 4.000000 1000 1200 800 7 12
0.0001457544133720 0.0001074935118341 27.4585622700000016 5.000000 6.000000 4.000000 2000 2400 1600 7 12
0.0000364375726220 0.0000268717374674 211.7673353099999929 5.000000 6.000000 4.000000 4000 4800 3200 7 12
0.0023333895001457 0.0017209309541750 0.6951883450000000 5.000000 6.000000 4.000000 500 600 400 8 12
0.0005830835720801 0.0004299879874825 3.4039014390000002 5.000000 6.000000 4.000000 1000 1200 800 8 12
0.0001457544133720 0.0001074935118341 24.0906982690000007 5.000000 6.000000 4.000000 2000 2400 1600 8 12
0.0000364375726220 0.0000268717374674 190.5617445050000072 5.000000 6.000000 4.000000 4000 4800 3200 8 12
0.0023333895001457 0.0017209309541750 0.6354164830000000 5.000000 6.000000 4.000000 500 600 400 9 12
0.0005830835720801 0.0004299879874825 3.1769637070000001 5.000000 6.000000 4.000000 1000 1200 800 9 12
0.0001457544133720 0.0001074935118341 22.5167118049999999 5.000000 6.000000 4.000000 2000 2400 1600 9 12
0.0000364375726220 0.0000268717374674 173.8998225880000064 5.000000 6.000000 4.000000 4000 4800 3200 9 12
0.0023333895001457 0.0017209309541750 0.5663214720000000 5.000000 6.000000 4.000000 500 600 400 10 12
0.0005830835720801 0.0004299879874825 2.8673337339999998 5.000000 6.000000 4.000000 1000 1200 800 10 12
0.0001457544133720 0.0001074935118341 19.3988920910000004 5.000000 6.000000 4.000000 2000 2400 1600 10 12
0.0000364375726220 0.0000268717374674 148.5673754809999991 5.000000 6.000000 4.000000 4000 4800 3200 10 12
0.0023333895001457 0.0017209309541750 2.5060665809999998 5.000000 6.000000 4.000000 500 600 400 11 12
0.0005830835720801 0.0004299879874825 2.8896492579999999 5.000000 6.000000 4.000000 1000 1200 800 11 12
0.0001457544133720 0.0001074935118341 18.4974899400000012 5.000000 6.000000 4.000000 2000 2400 1600 11 12
0.0000364375726220 0.0000268717374674 138.9193166089999920 5.000000 6.000000 4.000000 4000 4800 3200 11 12
0.0023333895001457 0.0017209309541750 0.5091380480000001 5.000000 6.000000 4.000000 500 600 400 12 12
0.0005830835720801 0.0004299879874825 2.5305056570000000 5.000000 6.000000 4.000000 1000 1200 800 12 12
0.0001457544133720 0.0001074935118341 17.5330671040000006 5.000000 6.000000 4.000000 2000 2400 1600 12 12
0.0000364375726220 0.0000268717374674 130.7138622189999921 5.000000 6.000000 4.000000 4000 4800 3200 12 12
0.0023333895001457 0.0017209309541750 0.4620653750000000 5.000000 6.000000 4.000000 500 600 400 13 12
0.0005830835720801 0.0004299879874825 2.4632974299999999 5.000000 6.000000 4.000000 1000 1200 800 13 12
0.0001457544133720 0.0001074935118341 16.6619513509999990 5.000000 6.000000 4.000000 2000 2400 1600 13 12
0.0000364375726220 0.0000268717374674 132.5285928229999968 5.000000 6.000000 4.000000 4000 4800 3200 13 12
0.0023333895001457 0.0017209309541750 0.4553641740000000 5.000000 6.000000 4.000000 500 600 400 14 12
0.0005830835720801 0.0004299879874825 2.2673070599999998 5.000000 6.000000 4.000000 1000 1200 800 14 12
0.0001457544133720 0.0001074935118341 15.1888623870000004 5.000000 6.000000 4.000000 2000 2400 1600 14 12
0.0000364375726220 0.0000268717374674 112.2159746060000032 5.000000 6.000000 4.000000 4000 4800 3200 14 12
0.0023333895001457 0.0017209309541750 0.4210908920000000 5.000000 6.000000 4.000000 500 600 400 15 12
0.0005830835720801 0.0004299879874825 2.1604704209999999 5.000000 6.000000 4.000000 1000 1200 800 15 12
0.0001457544133720 0.0001074935118341 14.4044701370000006 5.000000 6.000000 4.000000 2000 2400 1600 15 12
0.0000364375726220 0.0000268717374674 106.3747417950000056 5.000000 6.000000 4.000000 4000 4800 3200 15 12
0.0023333895001457 0.0017209309541750 0.4115721190000000 5.000000 6.000000 4.000000 500 600 400 16 12
0.0005830835720801 0.0004299879874825 2.0528706020000000 5.000000 6.000000 4.000000 1000 1200 800 16 12
0.0001457544133720 0.0001074935118341 13.2674247019999996 5.000000 6.000000 4.000000 2000 2400 1600 16 12
0.0000364375726220 0.0000268717374674 98.5097300000000047 5.000000 6.000000 4.000000 4000 4800 3200 16 12
0.0023333895001457 0.0017209309541750 0.3692782740000000 5.000000 6.000000 4.000000 500 600 400 17 12
0.0005830835720801 0.0004299879874825 2.0132840179999998 5.000000 6.000000 4.000000 1000 1200 800 17 12
0.0001457544133720 0.0001074935118341 13.2102841669999993 5.000000 6.000000 4.000000 2000 2400 1600 17 12
0.0000364375726220 0.0000268717374674 101.1861028430000005 5.000000 6.000000 4.000000 4000 4800 3200 17 12
0.0023333895001457 0.0017209309541750 0.3927951140000000 5.000000 6.000000 4.000000 500 600 400 18 12
0.0005830835720801 0.0004299879874825 2.9059584360000001 5.000000 6.000000 4.000000 1000 1200 800 18 12
0.0001457544133720 0.0001074935118341 17.7955752350000012 5.000000 6.000000 4.000000 2000 2400 1600 18 12
0.0000364375726220 0.0000268717374674 137.2417199010000104 5.000000 6.000000 4.000000 4000 4800 3200 18 12
