0.0023333895001457 0.0017209309541750 0.6634496560000001 5.000000 6.000000 4.000000 500 600 400 1 12 4 3
0.0005830835720801 0.0004299879874825 3.6383989240000001 5.000000 6.000000 4.000000 1000 1200 800 1 12 4 3
0.0001457544133720 0.0001074935118341 29.0212306389999988 5.000000 6.000000 4.000000 2000 2400 1600 1 12 4 3
0.0000364375726220 0.0000268717374674 271.7295614509999950 5.000000 6.000000 4.000000 4000 4800 3200 1 12 4 3
0.0023333895001457 0.0017209309541750 0.3908798220000000 5.000000 6.000000 4.000000 500 600 400 2 12 4 3
0.0005830835720801 0.0004299879874825 2.0984545510000001 5.000000 6.000000 4.000000 1000 1200 800 2 12 4 3
0.0001457544133720 0.0001074935118341 15.0027294760000007 5.000000 6.000000 4.000000 2000 2400 1600 2 12 4 3
0.0000364375726220 0.0000268717374674 138.1521748920000050 5.000000 6.000000 4.000000 4000 4800 3200 2 12 4 3
0.0023333895001457 0.0017209309541750 0.2862833220000000 5.000000 6.000000 4.000000 500 600 400 3 12 4 3
0.0005830835720801 0.0004299879874825 1.5318111180000000 5.000000 6.000000 4.000000 1000 1200 800 3 12 4 3
0.0001457544133720 0.0001074935118341 10.3557423679999996 5.000000 6.000000 4.000000 2000 2400 1600 3 12 4 3
0.0000364375726220 0.0000268717374674 91.0984124919999942 5.000000 6.000000 4.000000 4000 4800 3200 3 12 4 3
0.0023333895001457 0.0017209309541750 0.2319151260000000 5.000000 6.000000 4.000000 500 600 400 4 12 4 3
0.0005830835720801 0.0004299879874825 1.2206739870000001 5.000000 6.000000 4.000000 1000 1200 800 4 12 4 3
0.0001457544133720 0.0001074935118341 7.8869713240000001 5.000000 6.000000 4.000000 2000 2400 1600 4 12 4 3
0.0000364375726220 0.0000268717374674 69.7119748060000006 5.000000 6.000000 4.000000 4000 4800 3200 4 12 4 3
0.0023333895001457 0.0017209309541750 0.2026779420000000 5.000000 6.000000 4.000000 500 600 400 5 12 4 3
0.0005830835720801 0.0004299879874825 1.0715550800000000 5.000000 6.000000 4.000000 1000 1200 800 5 12 4 3
0.0001457544133720 0.0001074935118341 6.5031650140000004 5.000000 6.000000 4.000000 2000 2400 1600 5 12 4 3
0.0000364375726220 0.0000268717374674 55.6750349960000008 5.000000 6.000000 4.000000 4000 4800 3200 5 12 4 3
0.0023333895001457 0.0017209309541750 0.1717977060000000 5.000000 6.000000 4.000000 500 600 400 6 12 4 3
0.0005830835720801 0.0004299879874825 0.9456023740000000 5.000000 6.000000 4.000000 1000 1200 800 6 12 4 3
0.0001457544133720 0.0001074935118341 5.5861499879999998 5.000000 6.000000 4.000000 2000 2400 1600 6 12 4 3
0.0000364375726220 0.0000268717374674 47.8877179569999996 5.000000 6.000000 4.000000 4000 4800 3200 6 12 4 3
0.0023333895001457 0.0017209309541750 0.1613489910000000 5.000000 6.000000 4.000000 500 600 400 7 12 4 3
0.0005830835720801 0.0004299879874825 0.8463578400000000 5.000000 6.000000 4.000000 1000 1200 800 7 12 4 3
0.0001457544133720 0.0001074935118341 4.8495185020000005 5.000000 6.000000 4.000000 2000 2400 1600 7 12 4 3
0.0000364375726220 0.0000268717374674 40.1350237629999995 5.000000 6.000000 4.000000 4000 4800 3200 7 12 4 3
0.0023333895001457 0.0017209309541750 0.1512371570000000 5.000000 6.000000 4.000000 500 600 400 8 12 4 3
0.0005830835720801 0.0004299879874825 0.8028737980000000 5.000000 6.000000 4.000000 1000 1200 800 8 12 4 3
0.0001457544133720 0.0001074935118341 4.3379873819999997 5.000000 6.000000 4.000000 2000 2400 1600 8 12 4 3
0.0000364375726220 0.0000268717374674 36.4921272059999993 5.000000 6.000000 4.000000 4000 4800 3200 8 12 4 3
0.0023333895001457 0.0017209309541750 0.1369820190000000 5.000000 6.000000 4.000000 500 600 400 9 12 4 3
0.0005830835720801 0.0004299879874825 0.6960729809999999 5.000000 6.000000 4.000000 1000 1200 800 9 12 4 3
0.0001457544133720 0.0001074935118341 3.8987049520000001 5.000000 6.000000 4.000000 2000 2400 1600 9 12 4 3
0.0000364375726220 0.0000268717374674 32.2197217579999986 5.000000 6.000000 4.000000 4000 4800 3200 9 12 4 3
0.0023333895001457 0.0017209309541750 0.1355066630000000 5.000000 6.000000 4.000000 500 600 400 10 12 4 3
0.0005830835720801 0.0004299879874825 0.6404040050000001 5.000000 6.000000 4.000000 1000 1200 800 10 12 4 3
0.0001457544133720 0.0001074935118341 3.7244677589999999 5.000000 6.000000 4.000000 2000 2400 1600 10 12 4 3
0.0000364375726220 0.0000268717374674 29.1448991799999995 5.000000 6.000000 4.000000 4000 4800 3200 10 12 4 3
0.0023333895001457 0.0017209309541750 0.1297188670000000 5.000000 6.000000 4.000000 500 600 400 11 12 4 3
0.0005830835720801 0.0004299879874825 0.5950047100000000 5.000000 6.000000 4.000000 1000 1200 800 11 12 4 3
0.0001457544133720 0.0001074935118341 3.3625704440000002 5.000000 6.000000 4.000000 2000 2400 1600 11 12 4 3
0.0000364375726220 0.0000268717374674 26.9542276560000005 5.000000 6.000000 4.000000 4000 4800 3200 11 12 4 3
0.0023333895001457 0.0017209309541750 0.1234393670000000 5.000000 6.000000 4.000000 500 600 400 12 12 4 3
0.0005830835720801 0.0004299879874825 0.5549580480000000 5.000000 6.000000 4.000000 1000 1200 800 12 12 4 3
0.0001457544133720 0.0001074935118341 3.1078968219999998 5.000000 6.000000 4.000000 2000 2400 1600 12 12 4 3
0.0000364375726220 0.0000268717374674 25.3921191340000014 5.000000 6.000000 4.000000 4000 4800 3200 12 12 4 3
0.0023333895001457 0.0017209309541750 0.1205184570000000 5.000000 6.000000 4.000000 500 600 400 13 12 4 3
0.0005830835720801 0.0004299879874825 0.5155366240000000 5.000000 6.000000 4.000000 1000 1200 800 13 12 4 3
0.0001457544133720 0.0001074935118341 2.9218680109999999 5.000000 6.000000 4.000000 2000 2400 1600 13 12 4 3
0.0000364375726220 0.0000268717374674 23.6586971740000003 5.000000 6.000000 4.000000 4000 4800 3200 13 12 4 3
0.0023333895001457 0.0017209309541750 0.1162150710000000 5.000000 6.000000 4.000000 500 600 400 14 12 4 3
0.0005830835720801 0.0004299879874825 0.4868069240000000 5.000000 6.000000 4.000000 1000 1200 800 14 12 4 3
0.0001457544133720 0.0001074935118341 2.7739704459999999 5.000000 6.000000 4.000000 2000 2400 1600 14 12 4 3
0.0000364375726220 0.0000268717374674 22.7027262810000003 5.000000 6.000000 4.000000 4000 4800 3200 14 12 4 3
0.0023333895001457 0.0017209309541750 0.1104163060000000 5.000000 6.000000 4.000000 500 600 400 15 12 4 3
0.0005830835720801 0.0004299879874825 0.4572193540000000 5.000000 6.000000 4.000000 1000 1200 800 15 12 4 3
0.0001457544133720 0.0001074935118341 2.6148153189999999 5.000000 6.000000 4.000000 2000 2400 1600 15 12 4 3
0.0000364375726220 0.0000268717374674 20.6449164990000007 5.000000 6.000000 4.000000 4000 4800 3200 15 12 4 3
0.0023333895001457 0.0017209309541750 0.1438499450000000 5.000000 6.000000 4.000000 500 600 400 16 12 4 3
0.0005830835720801 0.0004299879874825 0.4390018850000000 5.000000 6.000000 4.000000 1000 1200 800 16 12 4 3
0.0001457544133720 0.0001074935118341 2.5149569449999998 5.000000 6.000000 4.000000 2000 2400 1600 16 12 4 3
0.0000364375726220 0.0000268717374674 19.4491253959999995 5.000000 6.000000 4.000000 4000 4800 3200 16 12 4 3
0.0023333895001457 0.0017209309541750 0.1047076970000000 5.000000 6.000000 4.000000 500 600 400 17 12 4 3
0.0005830835720801 0.0004299879874825 0.4208505990000000 5.000000 6.000000 4.000000 1000 1200 800 17 12 4 3
0.0001457544133720 0.0001074935118341 2.4270356039999998 5.000000 6.000000 4.000000 2000 2400 1600 17 12 4 3
0.0000364375726220 0.0000268717374674 18.8690705359999988 5.000000 6.000000 4.000000 4000 4800 3200 17 12 4 3
0.0023333895001457 0.0017209309541750 0.1041161330000000 5.000000 6.000000 4.000000 500 600 400 18 12 4 3
0.0005830835720801 0.0004299879874825 0.4242890030000000 5.000000 6.000000 4.000000 1000 1200 800 18 12 4 3
0.0001457544133720 0.0001074935118341 3.4793581560000000 5.000000 6.000000 4.000000 2000 2400 1600 18 12 4 3
0.0000364375726220 0.0000268717374674 25.2443110249999982 5.000000 6.000000 4.000000 4000 4800 3200 18 12 4 3
