0.0023333895001457 0.0017209309541750 0.6938696190000000 5.000000 6.000000 4.000000 500 600 400 1 12 4 3
0.0005830835720801 0.0004299879874825 3.7538961870000001 5.000000 6.000000 4.000000 1000 1200 800 1 12 4 3
0.0001457544133720 0.0001074935118341 29.1920455089999997 5.000000 6.000000 4.000000 2000 2400 1600 1 12 4 3
0.0000364375726220 0.0000268717374674 273.5119022549999954 5.000000 6.000000 4.000000 4000 4800 3200 1 12 4 3
0.0023333895001457 0.0017209309541750 0.4488704040000000 5.000000 6.000000 4.000000 500 600 400 2 12 4 3
0.0005830835720801 0.0004299879874825 2.1761686010000001 5.000000 6.000000 4.000000 1000 1200 800 2 12 4 3
0.0001457544133720 0.0001074935118341 15.3050491159999993 5.000000 6.000000 4.000000 2000 2400 1600 2 12 4 3
0.0000364375726220 0.0000268717374674 137.0085331289999999 5.000000 6.000000 4.000000 4000 4800 3200 2 12 4 3
0.0023333895001457 0.0017209309541750 0.3333055470000000 5.000000 6.000000 4.000000 500 600 400 3 12 4 3
0.0005830835720801 0.0004299879874825 1.5940104190000000 5.000000 6.000000 4.000000 1000 1200 800 3 12 4 3
0.0001457544133720 0.0001074935118341 10.5271989220000002 5.000000 6.000000 4.000000 2000 2400 1600 3 12 4 3
0.0000364375726220 0.0000268717374674 90.6651230020000014 5.000000 6.000000 4.000000 4000 4800 3200 3 12 4 3
0.0023333895001457 0.0017209309541750 0.2637151950000000 5.000000 6.000000 4.000000 500 600 400 4 12 4 3
0.0005830835720801 0.0004299879874825 1.3099290159999999 5.000000 6.000000 4.000000 1000 1200 800 4 12 4 3
0.0001457544133720 0.0001074935118341 8.5669012799999997 5.000000 6.000000 4.000000 2000 2400 1600 4 12 4 3
0.0000364375726220 0.0000268717374674 70.0350193339999976 5.000000 6.000000 4.000000 4000 4800 3200 4 12 4 3
0.0023333895001457 0.0017209309541750 0.2612630690000000 5.000000 6.000000 4.000000 500 600 400 5 12 4 3
0.0005830835720801 0.0004299879874825 1.1622246780000001 5.000000 6.000000 4.000000 1000 1200 800 5 12 4 3
0.0001457544133720 0.0001074935118341 6.6743456029999999 5.000000 6.000000 4.000000 2000 2400 1600 5 12 4 3
0.0000364375726220 0.0000268717374674 56.5691916379999995 5.000000 6.000000 4.000000 4000 4800 3200 5 12 4 3
0.0023333895001457 0.0017209309541750 0.2111162450000000 5.000000 6.000000 4.000000 500 600 400 6 12 4 3
0.0005830835720801 0.0004299879874825 1.0263614880000000 5.000000 6.000000 4.000000 1000 1200 800 6 12 4 3
0.0001457544133720 0.0001074935118341 5.7317066460000001 5.000000 6.000000 4.000000 2000 2400 1600 6 12 4 3
0.0000364375726220 0.0000268717374674 47.4825858490000030 5.000000 6.000000 4.000000 4000 4800 3200 6 12 4 3
0.0023333895001457 0.0017209309541750 0.1885261300000000 5.000000 6.000000 4.000000 500 600 400 7 12 4 3
0.0005830835720801 0.0004299879874825 0.9488392390000000 5.000000 6.000000 4.000000 1000 1200 800 7 12 4 3
0.0001457544133720 0.0001074935118341 5.1579794110000003 5.000000 6.000000 4.000000 2000 2400 1600 7 12 4 3
0.0000364375726220 0.0000268717374674 41.2153367279999969 5.000000 6.000000 4.000000 4000 4800 3200 7 12 4 3
0.0023333895001457 0.0017209309541750 0.1790042030000000 5.000000 6.000000 4.000000 500 600 400 8 12 4 3
0.0005830835720801 0.0004299879874825 0.8644307369999999 5.000000 6.000000 4.000000 1000 1200 800 8 12 4 3
0.0001457544133720 0.0001074935118341 4.6273802420000001 5.000000 6.000000 4.000000 2000 2400 1600 8 12 4 3
0.0000364375726220 0.0000268717374674 36.7118627440000012 5.000000 6.000000 4.000000 4000 4800 3200 8 12 4 3
0.0023333895001457 0.0017209309541750 0.1737609440000000 5.000000 6.000000 4.000000 500 600 400 9 12 4 3
0.0005830835720801 0.0004299879874825 0.8087433500000000 5.000000 6.000000 4.000000 1000 1200 800 9 12 4 3
0.0001457544133720 0.0001074935118341 4.2933224640000001 5.000000 6.000000 4.000000 2000 2400 1600 9 12 4 3
0.0000364375726220 0.0000268717374674 32.7510419870000007 5.000000 6.000000 4.000000 4000 4800 3200 9 12 4 3
0.0023333895001457 0.0017209309541750 0.1611109340000000 5.000000 6.000000 4.000000 500 600 400 10 12 4 3
0.0005830835720801 0.0004299879874825 0.7486992699999999 5.000000 6.000000 4.000000 1000 1200 800 10 12 4 3
0.0001457544133720 0.0001074935118341 3.9221132810000001 5.000000 6.000000 4.000000 2000 2400 1600 10 12 4 3
0.0000364375726220 0.0000268717374674 29.9812390300000011 5.000000 6.000000 4.000000 4000 4800 3200 10 12 4 3
0.0023333895001457 0.0017209309541750 0.1590967310000000 5.000000 6.000000 4.000000 500 600 400 11 12 4 3
0.0005830835720801 0.0004299879874825 0.7107250420000000 5.000000 6.000000 4.000000 1000 1200 800 11 12 4 3
0.0001457544133720 0.0001074935118341 3.6362296949999999 5.000000 6.000000 4.000000 2000 2400 1600 11 12 4 3
0.0000364375726220 0.0000268717374674 27.6971969079999987 5.000000 6.000000 4.000000 4000 4800 3200 11 12 4 3
0.0023333895001457 0.0017209309541750 0.1494746020000000 5.000000 6.000000 4.000000 500 600 400 12 12 4 3
0.0005830835720801 0.0004299879874825 0.6643638039999999 5.000000 6.000000 4.000000 1000 1200 800 12 12 4 3
0.0001457544133720 0.0001074935118341 3.3849538610000001 5.000000 6.000000 4.000000 2000 2400 1600 12 12 4 3
0.0000364375726220 0.0000268717374674 25.8013878589999983 5.000000 6.000000 4.000000 4000 4800 3200 12 12 4 3
0.0023333895001457 0.0017209309541750 0.1481205690000000 5.000000 6.000000 4.000000 500 600 400 13 12 4 3
0.0005830835720801 0.0004299879874825 0.6191731050000000 5.000000 6.000000 4.000000 1000 1200 800 13 12 4 3
0.0001457544133720 0.0001074935118341 3.1500841510000002 5.000000 6.000000 4.000000 2000 2400 1600 13 12 4 3
0.0000364375726220 0.0000268717374674 24.0681175550000006 5.000000 6.000000 4.000000 4000 4800 3200 13 12 4 3
0.0023333895001457 0.0017209309541750 0.1450096620000000 5.000000 6.000000 4.000000 500 600 400 14 12 4 3
0.0005830835720801 0.0004299879874825 0.5617623039999999 5.000000 6.000000 4.000000 1000 1200 800 14 12 4 3
0.0001457544133720 0.0001074935118341 3.0226309990000000 5.000000 6.000000 4.000000 2000 2400 1600 14 12 4 3
0.0000364375726220 0.0000268717374674 22.7825410820000016 5.000000 6.000000 4.000000 4000 4800 3200 14 12 4 3
0.0023333895001457 0.0017209309541750 0.1602829000000000 5.000000 6.000000 4.000000 500 600 400 15 12 4 3
0.0005830835720801 0.0004299879874825 0.5365260439999999 5.000000 6.000000 4.000000 1000 1200 800 15 12 4 3
0.0001457544133720 0.0001074935118341 2.8093130220000000 5.000000 6.000000 4.000000 2000 2400 1600 15 12 4 3
0.0000364375726220 0.0000268717374674 21.4364426039999998 5.000000 6.000000 4.000000 4000 4800 3200 15 12 4 3
0.0023333895001457 0.0017209309541750 0.1382422430000000 5.000000 6.000000 4.000000 500 600 400 16 12 4 3
0.0005830835720801 0.0004299879874825 0.5096210610000000 5.000000 6.000000 4.000000 1000 1200 800 16 12 4 3
0.0001457544133720 0.0001074935118341 2.6953940850000002 5.000000 6.000000 4.000000 2000 2400 1600 16 12 4 3
0.0000364375726220 0.0000268717374674 20.0141610260000000 5.000000 6.000000 4.000000 4000 4800 3200 16 12 4 3
0.0023333895001457 0.0017209309541750 0.1339376780000000 5.000000 6.000000 4.000000 500 600 400 17 12 4 3
0.0005830835720801 0.0004299879874825 0.5380732840000000 5.000000 6.000000 4.000000 1000 1200 800 17 12 4 3
0.0001457544133720 0.0001074935118341 2.5639808159999999 5.000000 6.000000 4.000000 2000 2400 1600 17 12 4 3
0.0000364375726220 0.0000268717374674 19.3027850160000014 5.000000 6.000000 4.000000 4000 4800 3200 17 12 4 3
0.0023333895001457 0.0017209309541750 0.2567158380000000 5.000000 6.000000 4.000000 500 600 400 18 12 4 3
0.0005830835720801 0.0004299879874825 0.8702313150000001 5.000000 6.000000 4.000000 1000 1200 800 18 12 4 3
0.0001457544133720 0.0001074935118341 2.9886481379999998 5.000000 6.000000 4.000000 2000 2400 1600 18 12 4 3
0.0000364375726220 0.0000268717374674 26.9556794820000007 5.000000 6.000000 4.000000 4000 4800 3200 18 12 4 3
