0.0023333895001457 0.0017209309541750 0.6952112370000000 5.000000 6.000000 4.000000 500 600 400 2 6 3 2
0.0005830835720801 0.0004299879874825 3.7828628160000002 5.000000 6.000000 4.000000 1000 1200 800 2 6 3 2
0.0001457544133720 0.0001074935118341 30.3217301880000001 5.000000 6.000000 4.000000 2000 2400 1600 2 6 3 2
0.0000364375726220 0.0000268717374674 280.3002790830000208 5.000000 6.000000 4.000000 4000 4800 3200 2 6 3 2
0.0023333895001457 0.0017209309541750 0.3911012100000000 5.000000 6.000000 4.000000 500 600 400 4 6 3 2
0.0005830835720801 0.0004299879874825 2.0981527540000000 5.000000 6.000000 4.000000 1000 1200 800 4 6 3 2
0.0001457544133720 0.0001074935118341 15.9284993630000002 5.000000 6.000000 4.000000 2000 2400 1600 4 6 3 2
0.0000364375726220 0.0000268717374674 143.0165286159999880 5.000000 6.000000 4.000000 4000 4800 3200 4 6 3 2
0.0023333895001457 0.0017209309541750 0.2852247130000000 5.000000 6.000000 4.000000 500 600 400 6 6 3 2
0.0005830835720801 0.0004299879874825 1.5411273670000001 5.000000 6.000000 4.000000 1000 1200 800 6 6 3 2
0.0001457544133720 0.0001074935118341 10.5880105090000001 5.000000 6.000000 4.000000 2000 2400 1600 6 6 3 2
0.0000364375726220 0.0000268717374674 96.0556264150000061 5.000000 6.000000 4.000000 4000 4800 3200 6 6 3 2
0.0023333895001457 0.0017209309541750 0.2285329450000000 5.000000 6.000000 4.000000 500 600 400 8 6 3 2
0.0005830835720801 0.0004299879874825 1.2400486900000001 5.000000 6.000000 4.000000 1000 1200 800 8 6 3 2
0.0001457544133720 0.0001074935118341 8.1736930850000000 5.000000 6.000000 4.000000 2000 2400 1600 8 6 3 2
0.0000364375726220 0.0000268717374674 73.2350662019999987 5.000000 6.000000 4.000000 4000 4800 3200 8 6 3 2
0.0023333895001457 0.0017209309541750 0.1950247340000000 5.000000 6.000000 4.000000 500 600 400 10 6 3 2
0.0005830835720801 0.0004299879874825 1.0683230180000001 5.000000 6.000000 4.000000 1000 1200 800 10 6 3 2
0.0001457544133720 0.0001074935118341 6.7431878010000004 5.000000 6.000000 4.000000 2000 2400 1600 10 6 3 2
0.0000364375726220 0.0000268717374674 60.4906871040000027 5.000000 6.000000 4.000000 4000 4800 3200 10 6 3 2
0.0023333895001457 0.0017209309541750 0.1764249640000000 5.000000 6.000000 4.000000 500 600 400 12 6 3 2
0.0005830835720801 0.0004299879874825 0.9490696820000000 5.000000 6.000000 4.000000 1000 1200 800 12 6 3 2
0.0001457544133720 0.0001074935118341 5.9979261079999997 5.000000 6.000000 4.000000 2000 2400 1600 12 6 3 2
0.0000364375726220 0.0000268717374674 52.7866640829999980 5.000000 6.000000 4.000000 4000 4800 3200 12 6 3 2
0.0023333895001457 0.0017209309541750 0.1634255780000000 5.000000 6.000000 4.000000 500 600 400 14 6 3 2
0.0005830835720801 0.0004299879874825 0.8551042890000000 5.000000 6.000000 4.000000 1000 1200 800 14 6 3 2
0.0001457544133720 0.0001074935118341 5.2776579430000004 5.000000 6.000000 4.000000 2000 2400 1600 14 6 3 2
0.0000364375726220 0.0000268717374674 45.4947125369999981 5.000000 6.000000 4.000000 4000 4800 3200 14 6 3 2
0.0023333895001457 0.0017209309541750 0.1493572620000000 5.000000 6.000000 4.000000 500 600 400 16 6 3 2
0.0005830835720801 0.0004299879874825 0.7560472680000000 5.000000 6.000000 4.000000 1000 1200 800 16 6 3 2
0.0001457544133720 0.0001074935118341 4.7375847799999997 5.000000 6.000000 4.000000 2000 2400 1600 16 6 3 2
0.0000364375726220 0.0000268717374674 40.7019759269999994 5.000000 6.000000 4.000000 4000 4800 3200 16 6 3 2
0.0023333895001457 0.0017209309541750 0.1888042360000000 5.000000 6.000000 4.000000 500 600 400 18 6 3 2
0.0005830835720801 0.0004299879874825 0.7009464520000001 5.000000 6.000000 4.000000 1000 1200 800 18 6 3 2
0.0001457544133720 0.0001074935118341 4.5290945689999997 5.000000 6.000000 4.000000 2000 2400 1600 18 6 3 2
0.0000364375726220 0.0000268717374674 37.5094735799999981 5.000000 6.000000 4.000000 4000 4800 3200 18 6 3 2
0.0023333895001457 0.0017209309541750 0.1443460780000000 5.000000 6.000000 4.000000 500 600 400 20 6 3 2
0.0005830835720801 0.0004299879874825 0.6766332790000000 5.000000 6.000000 4.000000 1000 1200 800 20 6 3 2
0.0001457544133720 0.0001074935118341 4.0247089660000004 5.000000 6.000000 4.000000 2000 2400 1600 20 6 3 2
0.0000364375726220 0.0000268717374674 36.0514176009999971 5.000000 6.000000 4.000000 4000 4800 3200 20 6 3 2
0.0023333895001457 0.0017209309541750 0.1329699610000000 5.000000 6.000000 4.000000 500 600 400 22 6 3 2
0.0005830835720801 0.0004299879874825 0.8246147950000000 5.000000 6.000000 4.000000 1000 1200 800 22 6 3 2
0.0001457544133720 0.0001074935118341 3.9196029200000000 5.000000 6.000000 4.000000 2000 2400 1600 22 6 3 2
0.0000364375726220 0.0000268717374674 33.5152516329999983 5.000000 6.000000 4.000000 4000 4800 3200 22 6 3 2
0.0023333895001457 0.0017209309541750 0.1538968830000000 5.000000 6.000000 4.000000 500 600 400 24 6 3 2
0.0005830835720801 0.0004299879874825 1.0190007809999999 5.000000 6.000000 4.000000 1000 1200 800 24 6 3 2
0.0001457544133720 0.0001074935118341 3.4256694789999997 5.000000 6.000000 4.000000 2000 2400 1600 24 6 3 2
0.0000364375726220 0.0000268717374674 30.4611393399999990 5.000000 6.000000 4.000000 4000 4800 3200 24 6 3 2
0.0023333895001457 0.0017209309541750 0.1245325710000000 5.000000 6.000000 4.000000 500 600 400 26 6 3 2
0.0005830835720801 0.0004299879874825 0.6047594570000000 5.000000 6.000000 4.000000 1000 1200 800 26 6 3 2
0.0001457544133720 0.0001074935118341 3.3824811200000000 5.000000 6.000000 4.000000 2000 2400 1600 26 6 3 2
0.0000364375726220 0.0000268717374674 28.7195165109999984 5.000000 6.000000 4.000000 4000 4800 3200 26 6 3 2
0.0023333895001457 0.0017209309541750 0.1232918510000000 5.000000 6.000000 4.000000 500 600 400 28 6 3 2
0.0005830835720801 0.0004299879874825 0.5001049810000000 5.000000 6.000000 4.000000 1000 1200 800 28 6 3 2
0.0001457544133720 0.0001074935118341 3.3566589420000001 5.000000 6.000000 4.000000 2000 2400 1600 28 6 3 2
0.0000364375726220 0.0000268717374674 27.3531440599999982 5.000000 6.000000 4.000000 4000 4800 3200 28 6 3 2
0.0023333895001457 0.0017209309541750 0.1414765320000000 5.000000 6.000000 4.000000 500 600 400 30 6 3 2
0.0005830835720801 0.0004299879874825 0.6932978359999999 5.000000 6.000000 4.000000 1000 1200 800 30 6 3 2
0.0001457544133720 0.0001074935118341 2.8764200940000002 5.000000 6.000000 4.000000 2000 2400 1600 30 6 3 2
0.0000364375726220 0.0000268717374674 25.7139304049999993 5.000000 6.000000 4.000000 4000 4800 3200 30 6 3 2
0.0023333895001457 0.0017209309541750 0.1280393940000000 5.000000 6.000000 4.000000 500 600 400 32 6 3 2
0.0005830835720801 0.0004299879874825 0.4671045450000000 5.000000 6.000000 4.000000 1000 1200 800 32 6 3 2
0.0001457544133720 0.0001074935118341 2.7732069209999999 5.000000 6.000000 4.000000 2000 2400 1600 32 6 3 2
0.0000364375726220 0.0000268717374674 23.7607804280000003 5.000000 6.000000 4.000000 4000 4800 3200 32 6 3 2
0.0023333895001457 0.0017209309541750 0.1103673740000000 5.000000 6.000000 4.000000 500 600 400 34 6 3 2
0.0005830835720801 0.0004299879874825 0.4461914220000000 5.000000 6.000000 4.000000 1000 1200 800 34 6 3 2
0.0001457544133720 0.0001074935118341 2.9341861140000001 5.000000 6.000000 4.000000 2000 2400 1600 34 6 3 2
0.0000364375726220 0.0000268717374674 22.4420474359999993 5.000000 6.000000 4.000000 4000 4800 3200 34 6 3 2
0.0023333895001457 0.0017209309541750 0.1951439520000000 5.000000 6.000000 4.000000 500 600 400 36 6 3 2
0.0005830835720801 0.0004299879874825 0.9935005649999999 5.000000 6.000000 4.000000 1000 1200 800 36 6 3 2
0.0001457544133720 0.0001074935118341 3.7866576639999998 5.000000 6.000000 4.000000 2000 2400 1600 36 6 3 2
0.0000364375726220 0.0000268717374674 27.3861919130000011 5.000000 6.000000 4.000000 4000 4800 3200 36 6 3 2
