0.0023333895001457 0.0017209309541750 3.4646368829999998 5.000000 6.000000 4.000000 500 600 400 1 12
0.0005830835720801 0.0004299879874825 24.2727889619999999 5.000000 6.000000 4.000000 1000 1200 800 1 12
0.0001457544133720 0.0001074935118341 179.9844989689999863 5.000000 6.000000 4.000000 2000 2400 1600 1 12
0.0000364375726220 0.0000268717374674 1452.3850132049999502 5.000000 6.000000 4.000000 4000 4800 3200 1 12
0.0023333895001457 0.0017209309541750 1.8709126770000000 5.000000 6.000000 4.000000 500 600 400 2 12
0.0005830835720801 0.0004299879874825 13.5094399240000005 5.000000 6.000000 4.000000 1000 1200 800 2 12
0.0001457544133720 0.0001074935118341 91.7894617519999940 5.000000 6.000000 4.000000 2000 2400 1600 2 12
0.0000364375726220 0.0000268717374674 809.9858574720000206 5.000000 6.000000 4.000000 4000 4800 3200 2 12
0.0023333895001457 0.0017209309541750 1.3924744810000000 5.000000 6.000000 4.000000 500 600 400 3 12
0.0005830835720801 0.0004299879874825 8.2024980230000004 5.000000 6.000000 4.000000 1000 1200 800 3 12
0.0001457544133720 0.0001074935118341 61.2465681279999998 5.000000 6.000000 4.000000 2000 2400 1600 3 12
0.0000364375726220 0.0000268717374674 478.6167264989999808 5.000000 6.000000 4.000000 4000 4800 3200 3 12
0.0023333895001457 0.0017209309541750 1.1097342029999999 5.000000 6.000000 4.000000 500 600 400 4 12
0.0005830835720801 0.0004299879874825 6.1941107110000004 5.000000 6.000000 4.000000 1000 1200 800 4 12
0.0001457544133720 0.0001074935118341 47.4948483869999976 5.000000 6.000000 4.000000 2000 2400 1600 4 12
0.0000364375726220 0.0000268717374674 357.8772156740000128 5.000000 6.000000 4.000000 4000 4800 3200 4 12
0.0023333895001457 0.0017209309541750 0.9747521080000000 5.000000 6.000000 4.000000 500 600 400 5 12
0.0005830835720801 0.0004299879874825 6.9695502759999997 5.000000 6.000000 4.000000 1000 1200 800 5 12
0.0001457544133720 0.0001074935118341 45.7577421399999977 5.000000 6.000000 4.000000 2000 2400 1600 5 12
0.0000364375726220 0.0000268717374674 290.5174974529999758 5.000000 6.000000 4.000000 4000 4800 3200 5 12
0.0023333895001457 0.0017209309541750 0.8579872930000000 5.000000 6.000000 4.000000 500 600 400 6 12
0.0005830835720801 0.0004299879874825 4.4611518849999996 5.000000 6.000000 4.000000 1000 1200 800 6 12
0.0001457544133720 0.0001074935118341 31.8784234190000006 5.000000 6.000000 4.000000 2000 2400 1600 6 12
0.0000364375726220 0.0000268717374674 249.2921214250000048 5.000000 6.000000 4.000000 4000 4800 3200 6 12
0.0023333895001457 0.0017209309541750 0.7781166230000001 5.000000 6.000000 4.000000 500 600 400 7 12
0.0005830835720801 0.0004299879874825 3.8671251050000000 5.000000 6.000000 4.000000 1000 1200 800 7 12
0.0001457544133720 0.0001074935118341 27.2676033939999982 5.000000 6.000000 4.000000 2000 2400 1600 7 12
0.0000364375726220 0.0000268717374674 208.0072103340000069 5.000000 6.000000 4.000000 4000 4800 3200 7 12
0.0023333895001457 0.0017209309541750 0.6857535080000000 5.000000 6.000000 4.000000 500 600 400 8 12
0.0005830835720801 0.0004299879874825 3.4675764259999999 5.000000 6.000000 4.000000 1000 1200 800 8 12
0.0001457544133720 0.0001074935118341 24.4858705669999992 5.000000 6.000000 4.000000 2000 2400 1600 8 12
0.0000364375726220 0.0000268717374674 190.3202401769999881 5.000000 6.000000 4.000000 4000 4800 3200 8 12
0.0023333895001457 0.0017209309541750 0.6266865000000000 5.000000 6.000000 4.000000 500 600 400 9 12
0.0005830835720801 0.0004299879874825 3.1906998039999999 5.000000 6.000000 4.000000 1000 1200 800 9 12
0.0001457544133720 0.0001074935118341 22.1792057500000013 5.000000 6.000000 4.000000 2000 2400 1600 9 12
0.0000364375726220 0.0000268717374674 166.2447828479999998 5.000000 6.000000 4.000000 4000 4800 3200 9 12
0.0023333895001457 0.0017209309541750 0.5757460110000000 5.000000 6.000000 4.000000 500 600 400 10 12
0.0005830835720801 0.0004299879874825 2.9135005050000000 5.000000 6.000000 4.000000 1000 1200 800 10 12
0.0001457544133720 0.0001074935118341 19.3055627919999999 5.000000 6.000000 4.000000 2000 2400 1600 10 12
0.0000364375726220 0.0000268717374674 148.4476415119999899 5.000000 6.000000 4.000000 4000 4800 3200 10 12
0.0023333895001457 0.0017209309541750 0.5399483740000000 5.000000 6.000000 4.000000 500 600 400 11 12
0.0005830835720801 0.0004299879874825 2.7522541999999999 5.000000 6.000000 4.000000 1000 1200 800 11 12
0.0001457544133720 0.0001074935118341 18.2311849350000017 5.000000 6.000000 4.000000 2000 2400 1600 11 12
0.0000364375726220 0.0000268717374674 139.0203525999999954 5.000000 6.000000 4.000000 4000 4800 3200 11 12
0.0023333895001457 0.0017209309541750 0.5133864220000000 5.000000 6.000000 4.000000 500 600 400 12 12
0.0005830835720801 0.0004299879874825 2.6015900670000001 5.000000 6.000000 4.000000 1000 1200 800 12 12
0.0001457544133720 0.0001074935118341 17.2564330929999983 5.000000 6.000000 4.000000 2000 2400 1600 12 12
0.0000364375726220 0.0000268717374674 130.1702973699999859 5.000000 6.000000 4.000000 4000 4800 3200 12 12
0.0023333895001457 0.0017209309541750 0.4629221470000000 5.000000 6.000000 4.000000 500 600 400 13 12
0.0005830835720801 0.0004299879874825 2.4247154640000002 5.000000 6.000000 4.000000 1000 1200 800 13 12
0.0001457544133720 0.0001074935118341 15.8507751169999995 5.000000 6.000000 4.000000 2000 2400 1600 13 12
0.0000364375726220 0.0000268717374674 121.3763364179999940 5.000000 6.000000 4.000000 4000 4800 3200 13 12
0.0023333895001457 0.0017209309541750 0.4547612050000000 5.000000 6.000000 4.000000 500 600 400 14 12
0.0005830835720801 0.0004299879874825 2.2889928880000001 5.000000 6.000000 4.000000 1000 1200 800 14 12
0.0001457544133720 0.0001074935118341 14.8856798240000003 5.000000 6.000000 4.000000 2000 2400 1600 14 12
0.0000364375726220 0.0000268717374674 112.4625913959999934 5.000000 6.000000 4.000000 4000 4800 3200 14 12
0.0023333895001457 0.0017209309541750 0.4101186760000000 5.000000 6.000000 4.000000 500 600 400 15 12
0.0005830835720801 0.0004299879874825 2.1509097189999999 5.000000 6.000000 4.000000 1000 1200 800 15 12
0.0001457544133720 0.0001074935118341 14.7964860389999995 5.000000 6.000000 4.000000 2000 2400 1600 15 12
0.0000364375726220 0.0000268717374674 106.7381989539999978 5.000000 6.000000 4.000000 4000 4800 3200 15 12
0.0023333895001457 0.0017209309541750 0.4346366970000000 5.000000 6.000000 4.000000 500 600 400 16 12
0.0005830835720801 0.0004299879874825 2.0244472619999998 5.000000 6.000000 4.000000 1000 1200 800 16 12
0.0001457544133720 0.0001074935118341 13.2036635469999997 5.000000 6.000000 4.000000 2000 2400 1600 16 12
0.0000364375726220 0.0000268717374674 98.7706555360000067 5.000000 6.000000 4.000000 4000 4800 3200 16 12
0.0023333895001457 0.0017209309541750 0.3677288960000000 5.000000 6.000000 4.000000 500 600 400 17 12
0.0005830835720801 0.0004299879874825 2.0600735910000001 5.000000 6.000000 4.000000 1000 1200 800 17 12
0.0001457544133720 0.0001074935118341 12.7674806410000006 5.000000 6.000000 4.000000 2000 2400 1600 17 12
0.0000364375726220 0.0000268717374674 96.1792213479999987 5.000000 6.000000 4.000000 4000 4800 3200 17 12
0.0023333895001457 0.0017209309541750 0.8526830400000001 5.000000 6.000000 4.000000 500 600 400 18 12
0.0005830835720801 0.0004299879874825 3.1663852659999998 5.000000 6.000000 4.000000 1000 1200 800 18 12
0.0001457544133720 0.0001074935118341 17.9330538399999995 5.000000 6.000000 4.000000 2000 2400 1600 18 12
0.0000364375726220 0.0000268717374674 138.7155228219999969 5.000000 6.000000 4.000000 4000 4800 3200 18 12
